<testng-results>
  <suite name="functional-access-tests by packages">
    <groups>
      <group name="preflight">
        <method signature="com.vmware.qe.vcloud.tests.server.c2.catalog.CatalogOperations.createSharedPublishedCatalog()" name="createSharedPublishedCatalog" class="com.vmware.qe.vcloud.tests.server.c2.catalog.CatalogOperations"/>
        <method signature="com.vmware.qe.vcloud.tests.server.c2.catalog.CatalogOperations.removeEmptyCatalog()" name="removeEmptyCatalog" class="com.vmware.qe.vcloud.tests.server.c2.catalog.CatalogOperations"/>
        <method signature="com.vmware.qe.vcloud.tests.server.c2.catalog.CatalogPublish.copyMediaFromPublishedCatalog()" name="copyMediaFromPublishedCatalog" class="com.vmware.qe.vcloud.tests.server.c2.catalog.CatalogPublish"/>
        <method signature="com.vmware.qe.vcloud.tests.server.c2.fastProvisioning.FastProvisioningForCatalogTest.copyTemplateWithinSameOrgVdcFastProvisioned()" name="copyTemplateWithinSameOrgVdcFastProvisioned" class="com.vmware.qe.vcloud.tests.server.c2.fastProvisioning.FastProvisioningForCatalogTest"/>
        <method signature="com.vmware.qe.vcloud.tests.server.c2.media.MediaDelete.deleteNonBusyMedia(com.vmware.qe.vcloud.server.impl.connection.VcdLogin)" name="deleteNonBusyMedia" class="com.vmware.qe.vcloud.tests.server.c2.media.MediaDelete"/>
        <method signature="com.vmware.qe.vcloud.tests.server.c2.media.MediaUpload.uploadMediaSmallIso()" name="uploadMediaSmallIso" class="com.vmware.qe.vcloud.tests.server.c2.media.MediaUpload"/>
        <method signature="com.vmware.qe.vcloud.tests.server.c2.vapplifecycle.AddVmToVapp.addNewVmToExistingVapp()" name="addNewVmToExistingVapp" class="com.vmware.qe.vcloud.tests.server.c2.vapplifecycle.AddVmToVapp"/>
        <method signature="com.vmware.qe.vcloud.tests.server.c2.vapplifecycle.ComputerNameAndFullName.editVAppProperties()" name="editVAppProperties" class="com.vmware.qe.vcloud.tests.server.c2.vapplifecycle.ComputerNameAndFullName"/>
        <method signature="com.vmware.qe.vcloud.tests.server.c2.vapplifecycle.VappCopyMove.copyVappCrossOrgVdcSameVc()" name="copyVappCrossOrgVdcSameVc" class="com.vmware.qe.vcloud.tests.server.c2.vapplifecycle.VappCopyMove"/>
        <method signature="com.vmware.qe.vcloud.tests.server.c2.vapplifecycle.VappDeployTests.captureVappDeployUndeployDelete()" name="captureVappDeployUndeployDelete" class="com.vmware.qe.vcloud.tests.server.c2.vapplifecycle.VappDeployTests"/>
        <method signature="com.vmware.qe.vcloud.tests.server.c2.vapplifecycle.VappDeployTests.oneVmOff()" name="oneVmOff" class="com.vmware.qe.vcloud.tests.server.c2.vapplifecycle.VappDeployTests"/>
        <method signature="com.vmware.qe.vcloud.tests.server.c2.vapplifecycle.VappVmActionsTests.vAppVmDelete()" name="vAppVmDelete" class="com.vmware.qe.vcloud.tests.server.c2.vapplifecycle.VappVmActionsTests"/>
        <method signature="com.vmware.qe.vcloud.tests.server.c2.vapplifecycle.VappVmActionsTests.vAppVmPowerOffEdit()" name="vAppVmPowerOffEdit" class="com.vmware.qe.vcloud.tests.server.c2.vapplifecycle.VappVmActionsTests"/>
        <method signature="com.vmware.qe.vcloud.tests.server.c2.vapptemplate.VappTemplateActionsTests.vAppTemplateDelete()" name="vAppTemplateDelete" class="com.vmware.qe.vcloud.tests.server.c2.vapptemplate.VappTemplateActionsTests"/>
        <method signature="com.vmware.qe.vcloud.tests.server.c2.vapptemplate.VappTemplateCopyMove.copyTemplateCrossOrgVdc()" name="copyTemplateCrossOrgVdc" class="com.vmware.qe.vcloud.tests.server.c2.vapptemplate.VappTemplateCopyMove"/>
        <method signature="com.vmware.qe.vcloud.tests.server.ee.authentication.LdapBasicMatrix.importLdapUser()" name="importLdapUser" class="com.vmware.qe.vcloud.tests.server.ee.authentication.LdapBasicMatrix"/>
        <method signature="com.vmware.qe.vcloud.tests.server.ee.authentication.LdapBasicMatrix.loginKnownLdapUser()" name="loginKnownLdapUser" class="com.vmware.qe.vcloud.tests.server.ee.authentication.LdapBasicMatrix"/>
        <method signature="com.vmware.qe.vcloud.tests.server.ee.authentication.OrgLdapUsers.deleteLdapUserLocalTableLoginFailNegative()" name="deleteLdapUserLocalTableLoginFailNegative" class="com.vmware.qe.vcloud.tests.server.ee.authentication.OrgLdapUsers"/>
        <method signature="com.vmware.qe.vcloud.tests.server.ee.authentication.SystemLocalUsers.createSystemUser()" name="createSystemUser" class="com.vmware.qe.vcloud.tests.server.ee.authentication.SystemLocalUsers"/>
        <method signature="com.vmware.qe.vcloud.tests.server.ee.settings.OrgLifecycle.OrganizationLifecycle.createOrganization()" name="createOrganization" class="com.vmware.qe.vcloud.tests.server.ee.settings.OrgLifecycle.OrganizationLifecycle"/>
        <method signature="com.vmware.qe.vcloud.tests.server.ee.settings.OrgLifecycle.OrganizationLifecycle.deleteOrganization()" name="deleteOrganization" class="com.vmware.qe.vcloud.tests.server.ee.settings.OrgLifecycle.OrganizationLifecycle"/>
        <method signature="com.vmware.qe.vcloud.tests.server.ee.settings.orgadmin.orgpolicy.leases.VAppRuntimeStorageLeases.changeToNewRuntimeLease()" name="changeToNewRuntimeLease" class="com.vmware.qe.vcloud.tests.server.ee.settings.orgadmin.orgpolicy.leases.VAppRuntimeStorageLeases"/>
        <method signature="com.vmware.qe.vcloud.tests.server.networking.networkmanagement.systemscope.edgegateway.DeleteGateway.deleteGatewayNotConnectedToRoutedOrgVDCNetwork()" name="deleteGatewayNotConnectedToRoutedOrgVDCNetwork" class="com.vmware.qe.vcloud.tests.server.networking.networkmanagement.systemscope.edgegateway.DeleteGateway"/>
        <method signature="com.vmware.qe.vcloud.tests.server.networking.networkmanagement.systemscope.networkpools.VMwareNetworkPoolCreateDelete.createNetPoolUsingNewDvPg()" name="createNetPoolUsingNewDvPg" class="com.vmware.qe.vcloud.tests.server.networking.networkmanagement.systemscope.networkpools.VMwareNetworkPoolCreateDelete"/>
        <method signature="com.vmware.qe.vcloud.tests.server.networking.networkmanagement.systemscope.networkpools.VMwareNetworkPoolCreateDelete.createNetworkPoolIsolationBackedWithVLAN()" name="createNetworkPoolIsolationBackedWithVLAN" class="com.vmware.qe.vcloud.tests.server.networking.networkmanagement.systemscope.networkpools.VMwareNetworkPoolCreateDelete"/>
        <method signature="com.vmware.qe.vcloud.tests.server.networking.networkmanagement.systemscope.orgvdcnets.DeleteOrgVDCNets.deleteDirectOrgVdcNetNotInUse()" name="deleteDirectOrgVdcNetNotInUse" class="com.vmware.qe.vcloud.tests.server.networking.networkmanagement.systemscope.orgvdcnets.DeleteOrgVDCNets"/>
        <method signature="com.vmware.qe.vcloud.tests.server.networking.networkmanagement.systemscope.orgvdcnets.DeleteOrgVDCNets.deleteInternalOrgVdcNetNotInUse()" name="deleteInternalOrgVdcNetNotInUse" class="com.vmware.qe.vcloud.tests.server.networking.networkmanagement.systemscope.orgvdcnets.DeleteOrgVDCNets"/>
        <method signature="com.vmware.qe.vcloud.tests.server.networking.networkmanagement.systemscope.orgvdcnets.DeleteOrgVDCNets.deleteRoutedOrgVdcNetNotInUse()" name="deleteRoutedOrgVdcNetNotInUse" class="com.vmware.qe.vcloud.tests.server.networking.networkmanagement.systemscope.orgvdcnets.DeleteOrgVDCNets"/>
        <method signature="com.vmware.qe.vcloud.tests.server.rm.orgvdc.OrgVdcAllocationPool.createAllocationPoolvDCAndPowerOnVappBasicGuarantee()" name="createAllocationPoolvDCAndPowerOnVappBasicGuarantee" class="com.vmware.qe.vcloud.tests.server.rm.orgvdc.OrgVdcAllocationPool"/>
        <method signature="com.vmware.qe.vcloud.tests.server.rm.orgvdc.OrgVdcPayGo.createBasicPayGovDCandPowerOnVapp()" name="createBasicPayGovDCandPowerOnVapp" class="com.vmware.qe.vcloud.tests.server.rm.orgvdc.OrgVdcPayGo"/>
        <method signature="com.vmware.qe.vcloud.tests.server.rm.orgvdc.OrgVdcReservationPool.createReservationPoolvDCandPoweronVappTest1()" name="createReservationPoolvDCandPoweronVappTest1" class="com.vmware.qe.vcloud.tests.server.rm.orgvdc.OrgVdcReservationPool"/>
        <method signature="com.vmware.qe.vcloud.tests.server.rm.pvdc.PvDCCreationEdit.createPvDC()" name="createPvDC" class="com.vmware.qe.vcloud.tests.server.rm.pvdc.PvDCCreationEdit"/>
        <method signature="com.vmware.qe.vcloud.tests.server.rm.pvdc.PvDCCreationEdit.disablePvDC()" name="disablePvDC" class="com.vmware.qe.vcloud.tests.server.rm.pvdc.PvDCCreationEdit"/>
        <method signature="com.vmware.qe.vcloud.tests.server.rm.pvdc.PvDCCreationEdit.enablePvDC()" name="enablePvDC" class="com.vmware.qe.vcloud.tests.server.rm.pvdc.PvDCCreationEdit"/>
      </group>
      <group name="BAT">
        <method signature="com.vmware.qe.vcloud.tests.server.c2.catalog.CatalogOperations.catalogChangeOwnership()" name="catalogChangeOwnership" class="com.vmware.qe.vcloud.tests.server.c2.catalog.CatalogOperations"/>
        <method signature="com.vmware.qe.vcloud.tests.server.c2.catalog.CatalogOperations.catalogEditProperties()" name="catalogEditProperties" class="com.vmware.qe.vcloud.tests.server.c2.catalog.CatalogOperations"/>
        <method signature="com.vmware.qe.vcloud.tests.server.c2.catalog.CatalogOperations.createSharedPublishedCatalog()" name="createSharedPublishedCatalog" class="com.vmware.qe.vcloud.tests.server.c2.catalog.CatalogOperations"/>
        <method signature="com.vmware.qe.vcloud.tests.server.c2.catalog.CatalogOperations.removeEmptyCatalog()" name="removeEmptyCatalog" class="com.vmware.qe.vcloud.tests.server.c2.catalog.CatalogOperations"/>
        <method signature="com.vmware.qe.vcloud.tests.server.c2.catalog.CatalogPublish.copyMediaFromPublishedCatalog()" name="copyMediaFromPublishedCatalog" class="com.vmware.qe.vcloud.tests.server.c2.catalog.CatalogPublish"/>
        <method signature="com.vmware.qe.vcloud.tests.server.c2.catalog.CatalogPublish.copyTemplateFromPublishedCatalog()" name="copyTemplateFromPublishedCatalog" class="com.vmware.qe.vcloud.tests.server.c2.catalog.CatalogPublish"/>
        <method signature="com.vmware.qe.vcloud.tests.server.c2.fastProvisioning.ConsolidateVmTest.consolidateMyCloudVm()" name="consolidateMyCloudVm" class="com.vmware.qe.vcloud.tests.server.c2.fastProvisioning.ConsolidateVmTest"/>
        <method signature="com.vmware.qe.vcloud.tests.server.c2.fastProvisioning.FastProvisioningForCatalogTest.copyTemplateWithinSameOrgVdcFastProvisioned()" name="copyTemplateWithinSameOrgVdcFastProvisioned" class="com.vmware.qe.vcloud.tests.server.c2.fastProvisioning.FastProvisioningForCatalogTest"/>
        <method signature="com.vmware.qe.vcloud.tests.server.c2.fastProvisioning.FastProvisioningForCatalogTest.verifyUserRequestedStrorageForVapp()" name="verifyUserRequestedStrorageForVapp" class="com.vmware.qe.vcloud.tests.server.c2.fastProvisioning.FastProvisioningForCatalogTest"/>
        <method signature="com.vmware.qe.vcloud.tests.server.c2.fastProvisioning.RelocateVmTest.relocateVappTemplateVm()" name="relocateVappTemplateVm" class="com.vmware.qe.vcloud.tests.server.c2.fastProvisioning.RelocateVmTest"/>
        <method signature="com.vmware.qe.vcloud.tests.server.c2.fastProvisioning.ShadowVmTest.shadowVmCrossVcCopy()" name="shadowVmCrossVcCopy" class="com.vmware.qe.vcloud.tests.server.c2.fastProvisioning.ShadowVmTest"/>
        <method signature="com.vmware.qe.vcloud.tests.server.c2.fastProvisioning.VappFastProvisioningTest.copyVappAcrossOrgVdcsBothFastProvisioned()" name="copyVappAcrossOrgVdcsBothFastProvisioned" class="com.vmware.qe.vcloud.tests.server.c2.fastProvisioning.VappFastProvisioningTest"/>
        <method signature="com.vmware.qe.vcloud.tests.server.c2.fastProvisioning.VappFastProvisioningTest.moveVappAcrossOrgVdcsBothFastProvisioned()" name="moveVappAcrossOrgVdcsBothFastProvisioned" class="com.vmware.qe.vcloud.tests.server.c2.fastProvisioning.VappFastProvisioningTest"/>
        <method signature="com.vmware.qe.vcloud.tests.server.c2.hardware.HardwareV8.upgradeHw7ToHW8inPVDCUploadHw8Template()" name="upgradeHw7ToHW8inPVDCUploadHw8Template" class="com.vmware.qe.vcloud.tests.server.c2.hardware.HardwareV8"/>
        <method signature="com.vmware.qe.vcloud.tests.server.c2.hardware.MaxVMSettings.composeVappHw7VMAndEditSettingsToMax()" name="composeVappHw7VMAndEditSettingsToMax" class="com.vmware.qe.vcloud.tests.server.c2.hardware.MaxVMSettings"/>
        <method signature="com.vmware.qe.vcloud.tests.server.c2.media.ImportMediaTest.importMediaFromReadWriteNFS()" name="importMediaFromReadWriteNFS" class="com.vmware.qe.vcloud.tests.server.c2.media.ImportMediaTest"/>
        <method signature="com.vmware.qe.vcloud.tests.server.c2.media.MediaActionsTests.mediaInsertEjectPowerOnVmTest()" name="mediaInsertEjectPowerOnVmTest" class="com.vmware.qe.vcloud.tests.server.c2.media.MediaActionsTests"/>
        <method signature="com.vmware.qe.vcloud.tests.server.c2.media.MediaDelete.deleteNonBusyMedia(com.vmware.qe.vcloud.server.impl.connection.VcdLogin)" name="deleteNonBusyMedia" class="com.vmware.qe.vcloud.tests.server.c2.media.MediaDelete"/>
        <method signature="com.vmware.qe.vcloud.tests.server.c2.media.MediaUpload.uploadMediaSmallIso()" name="uploadMediaSmallIso" class="com.vmware.qe.vcloud.tests.server.c2.media.MediaUpload"/>
        <method signature="com.vmware.qe.vcloud.tests.server.c2.nameddisk.IndependentDisks.testQueryVMDiskRelation()" name="testQueryVMDiskRelation" class="com.vmware.qe.vcloud.tests.server.c2.nameddisk.IndependentDisks"/>
        <method signature="com.vmware.qe.vcloud.tests.server.c2.snapshot.SnapshotTests.createVAppSnapshotWithDefaults()" name="createVAppSnapshotWithDefaults" class="com.vmware.qe.vcloud.tests.server.c2.snapshot.SnapshotTests"/>
        <method signature="com.vmware.qe.vcloud.tests.server.c2.snapshot.SnapshotTests.removeAllSnapshotsFromVAppWithDefaults()" name="removeAllSnapshotsFromVAppWithDefaults" class="com.vmware.qe.vcloud.tests.server.c2.snapshot.SnapshotTests"/>
        <method signature="com.vmware.qe.vcloud.tests.server.c2.snapshot.SnapshotTests.revertVAppToSnapshotWithDefaults()" name="revertVAppToSnapshotWithDefaults" class="com.vmware.qe.vcloud.tests.server.c2.snapshot.SnapshotTests"/>
        <method signature="com.vmware.qe.vcloud.tests.server.c2.vapplifecycle.AddToCatalog.captureToCatalogWithCustomization()" name="captureToCatalogWithCustomization" class="com.vmware.qe.vcloud.tests.server.c2.vapplifecycle.AddToCatalog"/>
        <method signature="com.vmware.qe.vcloud.tests.server.c2.vapplifecycle.AddVmToVapp.addNewVmToExistingVapp()" name="addNewVmToExistingVapp" class="com.vmware.qe.vcloud.tests.server.c2.vapplifecycle.AddVmToVapp"/>
        <method signature="com.vmware.qe.vcloud.tests.server.c2.vapplifecycle.ComputerNameAndFullName.editVAppProperties()" name="editVAppProperties" class="com.vmware.qe.vcloud.tests.server.c2.vapplifecycle.ComputerNameAndFullName"/>
        <method signature="com.vmware.qe.vcloud.tests.server.c2.vapplifecycle.CreateNewVapp.importVmFromVcAsVapp()" name="importVmFromVcAsVapp" class="com.vmware.qe.vcloud.tests.server.c2.vapplifecycle.CreateNewVapp"/>
        <method signature="com.vmware.qe.vcloud.tests.server.c2.vapplifecycle.VappCopyMove.copyVAppCrossVc()" name="copyVAppCrossVc" class="com.vmware.qe.vcloud.tests.server.c2.vapplifecycle.VappCopyMove"/>
        <method signature="com.vmware.qe.vcloud.tests.server.c2.vapplifecycle.VappCopyMove.copyVappCrossOrgVdcSameVc()" name="copyVappCrossOrgVdcSameVc" class="com.vmware.qe.vcloud.tests.server.c2.vapplifecycle.VappCopyMove"/>
        <method signature="com.vmware.qe.vcloud.tests.server.c2.vapplifecycle.VappDeployTests.captureVappDeployUndeployDelete()" name="captureVappDeployUndeployDelete" class="com.vmware.qe.vcloud.tests.server.c2.vapplifecycle.VappDeployTests"/>
        <method signature="com.vmware.qe.vcloud.tests.server.c2.vapplifecycle.VappDeployTests.oneVmOff()" name="oneVmOff" class="com.vmware.qe.vcloud.tests.server.c2.vapplifecycle.VappDeployTests"/>
        <method signature="com.vmware.qe.vcloud.tests.server.c2.vapplifecycle.VappImportVm.importVmIntoExistingVappCopy()" name="importVmIntoExistingVappCopy" class="com.vmware.qe.vcloud.tests.server.c2.vapplifecycle.VappImportVm"/>
        <method signature="com.vmware.qe.vcloud.tests.server.c2.vapplifecycle.VappVmActionsTests.vAppVmDelete()" name="vAppVmDelete" class="com.vmware.qe.vcloud.tests.server.c2.vapplifecycle.VappVmActionsTests"/>
        <method signature="com.vmware.qe.vcloud.tests.server.c2.vapplifecycle.VappVmActionsTests.vAppVmPowerOffEdit()" name="vAppVmPowerOffEdit" class="com.vmware.qe.vcloud.tests.server.c2.vapplifecycle.VappVmActionsTests"/>
        <method signature="com.vmware.qe.vcloud.tests.server.c2.vapptemplate.VAppTemplateDownload.uploadDownloadDefaultVappTemplate()" name="uploadDownloadDefaultVappTemplate" class="com.vmware.qe.vcloud.tests.server.c2.vapptemplate.VAppTemplateDownload"/>
        <method signature="com.vmware.qe.vcloud.tests.server.c2.vapptemplate.VAppTemplateImport.importCopyVmFromVcenter()" name="importCopyVmFromVcenter" class="com.vmware.qe.vcloud.tests.server.c2.vapptemplate.VAppTemplateImport"/>
        <method signature="com.vmware.qe.vcloud.tests.server.c2.vapptemplate.VAppTemplateImport.importMoveVmFromVcenter()" name="importMoveVmFromVcenter" class="com.vmware.qe.vcloud.tests.server.c2.vapptemplate.VAppTemplateImport"/>
        <method signature="com.vmware.qe.vcloud.tests.server.c2.vapptemplate.VappTemplateActionsTests.vAppTemplateDelete()" name="vAppTemplateDelete" class="com.vmware.qe.vcloud.tests.server.c2.vapptemplate.VappTemplateActionsTests"/>
        <method signature="com.vmware.qe.vcloud.tests.server.c2.vapptemplate.VappTemplateActionsTests.vAppTemplateEditProperties()" name="vAppTemplateEditProperties" class="com.vmware.qe.vcloud.tests.server.c2.vapptemplate.VappTemplateActionsTests"/>
        <method signature="com.vmware.qe.vcloud.tests.server.c2.vapptemplate.VappTemplateCopyMove.copyTemplateCrossOrgVdc()" name="copyTemplateCrossOrgVdc" class="com.vmware.qe.vcloud.tests.server.c2.vapptemplate.VappTemplateCopyMove"/>
        <method signature="com.vmware.qe.vcloud.tests.server.c2.vapptemplate.VappTemplateCopyMove.copyTemplateCrossVc()" name="copyTemplateCrossVc" class="com.vmware.qe.vcloud.tests.server.c2.vapptemplate.VappTemplateCopyMove"/>
        <method signature="com.vmware.qe.vcloud.tests.server.ee.authentication.LdapBasicMatrix.importLdapGroup()" name="importLdapGroup" class="com.vmware.qe.vcloud.tests.server.ee.authentication.LdapBasicMatrix"/>
        <method signature="com.vmware.qe.vcloud.tests.server.ee.authentication.LdapBasicMatrix.importLdapUser()" name="importLdapUser" class="com.vmware.qe.vcloud.tests.server.ee.authentication.LdapBasicMatrix"/>
        <method signature="com.vmware.qe.vcloud.tests.server.ee.authentication.LdapBasicMatrix.loginKnownLdapUser()" name="loginKnownLdapUser" class="com.vmware.qe.vcloud.tests.server.ee.authentication.LdapBasicMatrix"/>
        <method signature="com.vmware.qe.vcloud.tests.server.ee.authentication.OrgLdapUsers.deleteLdapUserLocalTableLoginFailNegative()" name="deleteLdapUserLocalTableLoginFailNegative" class="com.vmware.qe.vcloud.tests.server.ee.authentication.OrgLdapUsers"/>
        <method signature="com.vmware.qe.vcloud.tests.server.ee.authentication.SystemLocalUsers.createSystemUser()" name="createSystemUser" class="com.vmware.qe.vcloud.tests.server.ee.authentication.SystemLocalUsers"/>
        <method signature="com.vmware.qe.vcloud.tests.server.ee.authentication.SystemLocalUsers.disableSysAdminNEGATIVE(java.lang.String, int)" name="disableSysAdminNEGATIVE" class="com.vmware.qe.vcloud.tests.server.ee.authentication.SystemLocalUsers"/>
        <method signature="com.vmware.qe.vcloud.tests.server.ee.authentication.SystemLocalUsers.enableUser()" name="enableUser" class="com.vmware.qe.vcloud.tests.server.ee.authentication.SystemLocalUsers"/>
        <method signature="com.vmware.qe.vcloud.tests.server.ee.settings.OrgLifecycle.OrganizationLifecycle.createOrganization()" name="createOrganization" class="com.vmware.qe.vcloud.tests.server.ee.settings.OrgLifecycle.OrganizationLifecycle"/>
        <method signature="com.vmware.qe.vcloud.tests.server.ee.settings.OrgLifecycle.OrganizationLifecycle.deleteOrganization()" name="deleteOrganization" class="com.vmware.qe.vcloud.tests.server.ee.settings.OrgLifecycle.OrganizationLifecycle"/>
        <method signature="com.vmware.qe.vcloud.tests.server.ee.settings.OrgLifecycle.OrganizationLifecycle.disableOrganization()" name="disableOrganization" class="com.vmware.qe.vcloud.tests.server.ee.settings.OrgLifecycle.OrganizationLifecycle"/>
        <method signature="com.vmware.qe.vcloud.tests.server.ee.settings.OrgLifecycle.OrganizationLifecycle.enableOrganization()" name="enableOrganization" class="com.vmware.qe.vcloud.tests.server.ee.settings.OrgLifecycle.OrganizationLifecycle"/>
        <method signature="com.vmware.qe.vcloud.tests.server.ee.settings.orgadmin.orgpolicy.leases.VAppRuntimeStorageLeases.changeToNewRuntimeLease()" name="changeToNewRuntimeLease" class="com.vmware.qe.vcloud.tests.server.ee.settings.orgadmin.orgpolicy.leases.VAppRuntimeStorageLeases"/>
        <method signature="com.vmware.qe.vcloud.tests.server.ee.settings.orgadmin.orgpolicy.leases.VAppRuntimeStorageLeases.changeToNewStorageLease()" name="changeToNewStorageLease" class="com.vmware.qe.vcloud.tests.server.ee.settings.orgadmin.orgpolicy.leases.VAppRuntimeStorageLeases"/>
        <method signature="com.vmware.qe.vcloud.tests.server.ee.sharing.VAppSharing.orgAdminShareToAll()" name="orgAdminShareToAll" class="com.vmware.qe.vcloud.tests.server.ee.sharing.VAppSharing"/>
        <method signature="com.vmware.qe.vcloud.tests.server.networking.misc.SyslogServers.setSyslogServer(java.lang.String, int, int, java.lang.String)" name="setSyslogServer" class="com.vmware.qe.vcloud.tests.server.networking.misc.SyslogServers"/>
        <method signature="com.vmware.qe.vcloud.tests.server.networking.networkmanagement.organizationscope.VAppCreateWithOrgVdcNet.createVAppDirectConnectionToOrgVdcNet()" name="createVAppDirectConnectionToOrgVdcNet" class="com.vmware.qe.vcloud.tests.server.networking.networkmanagement.organizationscope.VAppCreateWithOrgVdcNet"/>
        <method signature="com.vmware.qe.vcloud.tests.server.networking.networkmanagement.organizationscope.VAppCreateWithOrgVdcNet.createVAppStaticManual()" name="createVAppStaticManual" class="com.vmware.qe.vcloud.tests.server.networking.networkmanagement.organizationscope.VAppCreateWithOrgVdcNet"/>
        <method signature="com.vmware.qe.vcloud.tests.server.networking.networkmanagement.organizationscope.VAppCreateWithOrgVdcNet.createVAppWithVAppNetIsolated()" name="createVAppWithVAppNetIsolated" class="com.vmware.qe.vcloud.tests.server.networking.networkmanagement.organizationscope.VAppCreateWithOrgVdcNet"/>
        <method signature="com.vmware.qe.vcloud.tests.server.networking.networkmanagement.systemscope.edgegateway.DeleteGateway.deleteGatewayNotConnectedToRoutedOrgVDCNetwork()" name="deleteGatewayNotConnectedToRoutedOrgVDCNetwork" class="com.vmware.qe.vcloud.tests.server.networking.networkmanagement.systemscope.edgegateway.DeleteGateway"/>
        <method signature="com.vmware.qe.vcloud.tests.server.networking.networkmanagement.systemscope.externalnetworks.CreateUpdateDeleteExternalNetwork.deleteExtNetNotInUseAndRecreateExtNet()" name="deleteExtNetNotInUseAndRecreateExtNet" class="com.vmware.qe.vcloud.tests.server.networking.networkmanagement.systemscope.externalnetworks.CreateUpdateDeleteExternalNetwork"/>
        <method signature="com.vmware.qe.vcloud.tests.server.networking.networkmanagement.systemscope.networkpools.VMwareNetworkPoolCreateDelete.createNetPoolUsingNewDvPg()" name="createNetPoolUsingNewDvPg" class="com.vmware.qe.vcloud.tests.server.networking.networkmanagement.systemscope.networkpools.VMwareNetworkPoolCreateDelete"/>
        <method signature="com.vmware.qe.vcloud.tests.server.networking.networkmanagement.systemscope.networkpools.VMwareNetworkPoolCreateDelete.createNetworkPoolIsolationBackedWithVLAN()" name="createNetworkPoolIsolationBackedWithVLAN" class="com.vmware.qe.vcloud.tests.server.networking.networkmanagement.systemscope.networkpools.VMwareNetworkPoolCreateDelete"/>
        <method signature="com.vmware.qe.vcloud.tests.server.networking.networkmanagement.systemscope.networkpools.VMwareNetworkPoolCreateDelete.deleteNetworkPoolIsolationBackedNotInUse()" name="deleteNetworkPoolIsolationBackedNotInUse" class="com.vmware.qe.vcloud.tests.server.networking.networkmanagement.systemscope.networkpools.VMwareNetworkPoolCreateDelete"/>
        <method signature="com.vmware.qe.vcloud.tests.server.networking.networkmanagement.systemscope.networkpools.VMwareNetworkPoolModify.modifyIsolationBackedNetworkPoolIsolatedNetworks()" name="modifyIsolationBackedNetworkPoolIsolatedNetworks" class="com.vmware.qe.vcloud.tests.server.networking.networkmanagement.systemscope.networkpools.VMwareNetworkPoolModify"/>
        <method signature="com.vmware.qe.vcloud.tests.server.networking.networkmanagement.systemscope.networkpools.VMwarePortgroupBackedNetworkPoolModify.modifyRegPortgroupBackedNetworkPoolAddPortgroup()" name="modifyRegPortgroupBackedNetworkPoolAddPortgroup" class="com.vmware.qe.vcloud.tests.server.networking.networkmanagement.systemscope.networkpools.VMwarePortgroupBackedNetworkPoolModify"/>
        <method signature="com.vmware.qe.vcloud.tests.server.networking.networkmanagement.systemscope.orgvdcnets.DeleteOrgVDCNets.deleteDirectOrgVdcNetNotInUse()" name="deleteDirectOrgVdcNetNotInUse" class="com.vmware.qe.vcloud.tests.server.networking.networkmanagement.systemscope.orgvdcnets.DeleteOrgVDCNets"/>
        <method signature="com.vmware.qe.vcloud.tests.server.networking.networkmanagement.systemscope.orgvdcnets.DeleteOrgVDCNets.deleteInternalOrgVdcNetNotInUse()" name="deleteInternalOrgVdcNetNotInUse" class="com.vmware.qe.vcloud.tests.server.networking.networkmanagement.systemscope.orgvdcnets.DeleteOrgVDCNets"/>
        <method signature="com.vmware.qe.vcloud.tests.server.networking.networkmanagement.systemscope.orgvdcnets.DeleteOrgVDCNets.deleteRoutedOrgVdcNetNotInUse()" name="deleteRoutedOrgVdcNetNotInUse" class="com.vmware.qe.vcloud.tests.server.networking.networkmanagement.systemscope.orgvdcnets.DeleteOrgVDCNets"/>
        <method signature="com.vmware.qe.vcloud.tests.server.networking.vxlan.pvdc.CreateDeletePVDC.deletePVDCNotInUse()" name="deletePVDCNotInUse" class="com.vmware.qe.vcloud.tests.server.networking.vxlan.pvdc.CreateDeletePVDC"/>
        <method signature="com.vmware.qe.vcloud.tests.server.rm.orgvdc.OrgVdcAllocationPool.createAllocationPoolvDCAndPowerOnVappBasicGuarantee()" name="createAllocationPoolvDCAndPowerOnVappBasicGuarantee" class="com.vmware.qe.vcloud.tests.server.rm.orgvdc.OrgVdcAllocationPool"/>
        <method signature="com.vmware.qe.vcloud.tests.server.rm.orgvdc.OrgVdcPayGo.createBasicPayGovDCandPowerOnVapp()" name="createBasicPayGovDCandPowerOnVapp" class="com.vmware.qe.vcloud.tests.server.rm.orgvdc.OrgVdcPayGo"/>
        <method signature="com.vmware.qe.vcloud.tests.server.rm.orgvdc.OrgVdcReservationPool.createReservationPoolvDCandPoweronVappTest1()" name="createReservationPoolvDCandPoweronVappTest1" class="com.vmware.qe.vcloud.tests.server.rm.orgvdc.OrgVdcReservationPool"/>
        <method signature="com.vmware.qe.vcloud.tests.server.rm.orgvdc.OrgvDCCommon.changeAllocationPoolOrgVDCResourceSettings()" name="changeAllocationPoolOrgVDCResourceSettings" class="com.vmware.qe.vcloud.tests.server.rm.orgvdc.OrgvDCCommon"/>
        <method signature="com.vmware.qe.vcloud.tests.server.rm.orgvdc.OrgvDCCommon.changePayGoOrgVDCResourceSettings()" name="changePayGoOrgVDCResourceSettings" class="com.vmware.qe.vcloud.tests.server.rm.orgvdc.OrgvDCCommon"/>
        <method signature="com.vmware.qe.vcloud.tests.server.rm.orgvdc.OrgvDCCommon.changeReservationPoolOrgVDCResourceSettings()" name="changeReservationPoolOrgVDCResourceSettings" class="com.vmware.qe.vcloud.tests.server.rm.orgvdc.OrgvDCCommon"/>
        <method signature="com.vmware.qe.vcloud.tests.server.rm.orgvdc.OrgvDCCommon.deleteEmptyOrgvDC()" name="deleteEmptyOrgvDC" class="com.vmware.qe.vcloud.tests.server.rm.orgvdc.OrgvDCCommon"/>
        <method signature="com.vmware.qe.vcloud.tests.server.rm.orgvdc.OrgvDCCommon.disableEnableOrgVdc()" name="disableEnableOrgVdc" class="com.vmware.qe.vcloud.tests.server.rm.orgvdc.OrgvDCCommon"/>
        <method signature="com.vmware.qe.vcloud.tests.server.rm.pvdc.PvDCCreationEdit.createPvDC()" name="createPvDC" class="com.vmware.qe.vcloud.tests.server.rm.pvdc.PvDCCreationEdit"/>
        <method signature="com.vmware.qe.vcloud.tests.server.rm.pvdc.PvDCCreationEdit.deleteEmptyPvDC()" name="deleteEmptyPvDC" class="com.vmware.qe.vcloud.tests.server.rm.pvdc.PvDCCreationEdit"/>
        <method signature="com.vmware.qe.vcloud.tests.server.rm.pvdc.PvDCCreationEdit.disablePvDC()" name="disablePvDC" class="com.vmware.qe.vcloud.tests.server.rm.pvdc.PvDCCreationEdit"/>
        <method signature="com.vmware.qe.vcloud.tests.server.rm.pvdc.PvDCCreationEdit.enablePvDC()" name="enablePvDC" class="com.vmware.qe.vcloud.tests.server.rm.pvdc.PvDCCreationEdit"/>
      </group>
      <group name="P1">
        <method signature="com.vmware.qe.vcloud.tests.server.c2.catalog.CatalogOperations.catalogChangeOwnership()" name="catalogChangeOwnership" class="com.vmware.qe.vcloud.tests.server.c2.catalog.CatalogOperations"/>
        <method signature="com.vmware.qe.vcloud.tests.server.c2.catalog.CatalogOperations.catalogEditProperties()" name="catalogEditProperties" class="com.vmware.qe.vcloud.tests.server.c2.catalog.CatalogOperations"/>
        <method signature="com.vmware.qe.vcloud.tests.server.c2.catalog.CatalogOperations.removeEmptyCatalog()" name="removeEmptyCatalog" class="com.vmware.qe.vcloud.tests.server.c2.catalog.CatalogOperations"/>
        <method signature="com.vmware.qe.vcloud.tests.server.c2.hardware.MaxVMSettings.composeVappHw7VMAndEditSettingsToMax()" name="composeVappHw7VMAndEditSettingsToMax" class="com.vmware.qe.vcloud.tests.server.c2.hardware.MaxVMSettings"/>
        <method signature="com.vmware.qe.vcloud.tests.server.c2.media.MediaDelete.deleteNonBusyMedia(com.vmware.qe.vcloud.server.impl.connection.VcdLogin)" name="deleteNonBusyMedia" class="com.vmware.qe.vcloud.tests.server.c2.media.MediaDelete"/>
        <method signature="com.vmware.qe.vcloud.tests.server.c2.vapplifecycle.ComputerNameAndFullName.editVAppProperties()" name="editVAppProperties" class="com.vmware.qe.vcloud.tests.server.c2.vapplifecycle.ComputerNameAndFullName"/>
        <method signature="com.vmware.qe.vcloud.tests.server.ee.authentication.OrgLdapUsers.deleteLdapUserLocalTableLoginFailNegative()" name="deleteLdapUserLocalTableLoginFailNegative" class="com.vmware.qe.vcloud.tests.server.ee.authentication.OrgLdapUsers"/>
        <method signature="com.vmware.qe.vcloud.tests.server.ee.settings.OrgLifecycle.OrganizationLifecycle.deleteOrganization()" name="deleteOrganization" class="com.vmware.qe.vcloud.tests.server.ee.settings.OrgLifecycle.OrganizationLifecycle"/>
        <method signature="com.vmware.qe.vcloud.tests.server.ee.settings.OrgLifecycle.OrganizationLifecycle.disableOrganization()" name="disableOrganization" class="com.vmware.qe.vcloud.tests.server.ee.settings.OrgLifecycle.OrganizationLifecycle"/>
        <method signature="com.vmware.qe.vcloud.tests.server.ee.settings.OrgLifecycle.OrganizationLifecycle.enableOrganization()" name="enableOrganization" class="com.vmware.qe.vcloud.tests.server.ee.settings.OrgLifecycle.OrganizationLifecycle"/>
        <method signature="com.vmware.qe.vcloud.tests.server.ee.settings.orgadmin.orgpolicy.leases.VAppRuntimeStorageLeases.changeToNewRuntimeLease()" name="changeToNewRuntimeLease" class="com.vmware.qe.vcloud.tests.server.ee.settings.orgadmin.orgpolicy.leases.VAppRuntimeStorageLeases"/>
        <method signature="com.vmware.qe.vcloud.tests.server.ee.settings.orgadmin.orgpolicy.leases.VAppRuntimeStorageLeases.changeToNewStorageLease()" name="changeToNewStorageLease" class="com.vmware.qe.vcloud.tests.server.ee.settings.orgadmin.orgpolicy.leases.VAppRuntimeStorageLeases"/>
        <method signature="com.vmware.qe.vcloud.tests.server.networking.misc.SyslogServers.setSyslogServer(java.lang.String, int, int, java.lang.String)" name="setSyslogServer" class="com.vmware.qe.vcloud.tests.server.networking.misc.SyslogServers"/>
        <method signature="com.vmware.qe.vcloud.tests.server.networking.networkmanagement.systemscope.networkpools.VMwareNetworkPoolCreateDelete.createNetPoolUsingNewDvPg()" name="createNetPoolUsingNewDvPg" class="com.vmware.qe.vcloud.tests.server.networking.networkmanagement.systemscope.networkpools.VMwareNetworkPoolCreateDelete"/>
        <method signature="com.vmware.qe.vcloud.tests.server.networking.networkmanagement.systemscope.networkpools.VMwareNetworkPoolCreateDelete.deleteNetworkPoolIsolationBackedNotInUse()" name="deleteNetworkPoolIsolationBackedNotInUse" class="com.vmware.qe.vcloud.tests.server.networking.networkmanagement.systemscope.networkpools.VMwareNetworkPoolCreateDelete"/>
        <method signature="com.vmware.qe.vcloud.tests.server.networking.networkmanagement.systemscope.networkpools.VMwareNetworkPoolModify.modifyIsolationBackedNetworkPoolIsolatedNetworks()" name="modifyIsolationBackedNetworkPoolIsolatedNetworks" class="com.vmware.qe.vcloud.tests.server.networking.networkmanagement.systemscope.networkpools.VMwareNetworkPoolModify"/>
        <method signature="com.vmware.qe.vcloud.tests.server.networking.networkmanagement.systemscope.networkpools.VMwarePortgroupBackedNetworkPoolModify.modifyRegPortgroupBackedNetworkPoolAddPortgroup()" name="modifyRegPortgroupBackedNetworkPoolAddPortgroup" class="com.vmware.qe.vcloud.tests.server.networking.networkmanagement.systemscope.networkpools.VMwarePortgroupBackedNetworkPoolModify"/>
        <method signature="com.vmware.qe.vcloud.tests.server.networking.networkmanagement.systemscope.orgvdcnets.DeleteOrgVDCNets.deleteDirectOrgVdcNetNotInUse()" name="deleteDirectOrgVdcNetNotInUse" class="com.vmware.qe.vcloud.tests.server.networking.networkmanagement.systemscope.orgvdcnets.DeleteOrgVDCNets"/>
        <method signature="com.vmware.qe.vcloud.tests.server.networking.networkmanagement.systemscope.orgvdcnets.DeleteOrgVDCNets.deleteInternalOrgVdcNetNotInUse()" name="deleteInternalOrgVdcNetNotInUse" class="com.vmware.qe.vcloud.tests.server.networking.networkmanagement.systemscope.orgvdcnets.DeleteOrgVDCNets"/>
        <method signature="com.vmware.qe.vcloud.tests.server.networking.networkmanagement.systemscope.orgvdcnets.DeleteOrgVDCNets.deleteRoutedOrgVdcNetNotInUse()" name="deleteRoutedOrgVdcNetNotInUse" class="com.vmware.qe.vcloud.tests.server.networking.networkmanagement.systemscope.orgvdcnets.DeleteOrgVDCNets"/>
        <method signature="com.vmware.qe.vcloud.tests.server.rm.orgvdc.OrgvDCCommon.changeAllocationPoolOrgVDCResourceSettings()" name="changeAllocationPoolOrgVDCResourceSettings" class="com.vmware.qe.vcloud.tests.server.rm.orgvdc.OrgvDCCommon"/>
        <method signature="com.vmware.qe.vcloud.tests.server.rm.orgvdc.OrgvDCCommon.changePayGoOrgVDCResourceSettings()" name="changePayGoOrgVDCResourceSettings" class="com.vmware.qe.vcloud.tests.server.rm.orgvdc.OrgvDCCommon"/>
        <method signature="com.vmware.qe.vcloud.tests.server.rm.orgvdc.OrgvDCCommon.changeReservationPoolOrgVDCResourceSettings()" name="changeReservationPoolOrgVDCResourceSettings" class="com.vmware.qe.vcloud.tests.server.rm.orgvdc.OrgvDCCommon"/>
        <method signature="com.vmware.qe.vcloud.tests.server.rm.orgvdc.OrgvDCCommon.disableEnableOrgVdc()" name="disableEnableOrgVdc" class="com.vmware.qe.vcloud.tests.server.rm.orgvdc.OrgvDCCommon"/>
      </group>
      <group name="P0">
        <method signature="com.vmware.qe.vcloud.tests.server.c2.catalog.CatalogOperations.createSharedPublishedCatalog()" name="createSharedPublishedCatalog" class="com.vmware.qe.vcloud.tests.server.c2.catalog.CatalogOperations"/>
        <method signature="com.vmware.qe.vcloud.tests.server.c2.catalog.CatalogPublish.copyMediaFromPublishedCatalog()" name="copyMediaFromPublishedCatalog" class="com.vmware.qe.vcloud.tests.server.c2.catalog.CatalogPublish"/>
        <method signature="com.vmware.qe.vcloud.tests.server.c2.catalog.CatalogPublish.copyTemplateFromPublishedCatalog()" name="copyTemplateFromPublishedCatalog" class="com.vmware.qe.vcloud.tests.server.c2.catalog.CatalogPublish"/>
        <method signature="com.vmware.qe.vcloud.tests.server.c2.fastProvisioning.ConsolidateVmTest.consolidateMyCloudVm()" name="consolidateMyCloudVm" class="com.vmware.qe.vcloud.tests.server.c2.fastProvisioning.ConsolidateVmTest"/>
        <method signature="com.vmware.qe.vcloud.tests.server.c2.fastProvisioning.FastProvisioningForCatalogTest.copyTemplateWithinSameOrgVdcFastProvisioned()" name="copyTemplateWithinSameOrgVdcFastProvisioned" class="com.vmware.qe.vcloud.tests.server.c2.fastProvisioning.FastProvisioningForCatalogTest"/>
        <method signature="com.vmware.qe.vcloud.tests.server.c2.fastProvisioning.FastProvisioningForCatalogTest.verifyUserRequestedStrorageForVapp()" name="verifyUserRequestedStrorageForVapp" class="com.vmware.qe.vcloud.tests.server.c2.fastProvisioning.FastProvisioningForCatalogTest"/>
        <method signature="com.vmware.qe.vcloud.tests.server.c2.fastProvisioning.RelocateVmTest.relocateVappTemplateVm()" name="relocateVappTemplateVm" class="com.vmware.qe.vcloud.tests.server.c2.fastProvisioning.RelocateVmTest"/>
        <method signature="com.vmware.qe.vcloud.tests.server.c2.fastProvisioning.ShadowVmTest.shadowVmCrossVcCopy()" name="shadowVmCrossVcCopy" class="com.vmware.qe.vcloud.tests.server.c2.fastProvisioning.ShadowVmTest"/>
        <method signature="com.vmware.qe.vcloud.tests.server.c2.fastProvisioning.VappFastProvisioningTest.copyVappAcrossOrgVdcsBothFastProvisioned()" name="copyVappAcrossOrgVdcsBothFastProvisioned" class="com.vmware.qe.vcloud.tests.server.c2.fastProvisioning.VappFastProvisioningTest"/>
        <method signature="com.vmware.qe.vcloud.tests.server.c2.fastProvisioning.VappFastProvisioningTest.moveVappAcrossOrgVdcsBothFastProvisioned()" name="moveVappAcrossOrgVdcsBothFastProvisioned" class="com.vmware.qe.vcloud.tests.server.c2.fastProvisioning.VappFastProvisioningTest"/>
        <method signature="com.vmware.qe.vcloud.tests.server.c2.hardware.HardwareV8.upgradeHw7ToHW8inPVDCUploadHw8Template()" name="upgradeHw7ToHW8inPVDCUploadHw8Template" class="com.vmware.qe.vcloud.tests.server.c2.hardware.HardwareV8"/>
        <method signature="com.vmware.qe.vcloud.tests.server.c2.media.ImportMediaTest.importMediaFromReadWriteNFS()" name="importMediaFromReadWriteNFS" class="com.vmware.qe.vcloud.tests.server.c2.media.ImportMediaTest"/>
        <method signature="com.vmware.qe.vcloud.tests.server.c2.media.MediaActionsTests.mediaInsertEjectPowerOnVmTest()" name="mediaInsertEjectPowerOnVmTest" class="com.vmware.qe.vcloud.tests.server.c2.media.MediaActionsTests"/>
        <method signature="com.vmware.qe.vcloud.tests.server.c2.media.MediaUpload.uploadMediaSmallIso()" name="uploadMediaSmallIso" class="com.vmware.qe.vcloud.tests.server.c2.media.MediaUpload"/>
        <method signature="com.vmware.qe.vcloud.tests.server.c2.nameddisk.IndependentDisks.testQueryVMDiskRelation()" name="testQueryVMDiskRelation" class="com.vmware.qe.vcloud.tests.server.c2.nameddisk.IndependentDisks"/>
        <method signature="com.vmware.qe.vcloud.tests.server.c2.snapshot.SnapshotTests.createVAppSnapshotWithDefaults()" name="createVAppSnapshotWithDefaults" class="com.vmware.qe.vcloud.tests.server.c2.snapshot.SnapshotTests"/>
        <method signature="com.vmware.qe.vcloud.tests.server.c2.snapshot.SnapshotTests.removeAllSnapshotsFromVAppWithDefaults()" name="removeAllSnapshotsFromVAppWithDefaults" class="com.vmware.qe.vcloud.tests.server.c2.snapshot.SnapshotTests"/>
        <method signature="com.vmware.qe.vcloud.tests.server.c2.snapshot.SnapshotTests.revertVAppToSnapshotWithDefaults()" name="revertVAppToSnapshotWithDefaults" class="com.vmware.qe.vcloud.tests.server.c2.snapshot.SnapshotTests"/>
        <method signature="com.vmware.qe.vcloud.tests.server.c2.vapplifecycle.AddToCatalog.captureToCatalogWithCustomization()" name="captureToCatalogWithCustomization" class="com.vmware.qe.vcloud.tests.server.c2.vapplifecycle.AddToCatalog"/>
        <method signature="com.vmware.qe.vcloud.tests.server.c2.vapplifecycle.AddVmToVapp.addNewVmToExistingVapp()" name="addNewVmToExistingVapp" class="com.vmware.qe.vcloud.tests.server.c2.vapplifecycle.AddVmToVapp"/>
        <method signature="com.vmware.qe.vcloud.tests.server.c2.vapplifecycle.CreateNewVapp.importVmFromVcAsVapp()" name="importVmFromVcAsVapp" class="com.vmware.qe.vcloud.tests.server.c2.vapplifecycle.CreateNewVapp"/>
        <method signature="com.vmware.qe.vcloud.tests.server.c2.vapplifecycle.VappCopyMove.copyVAppCrossVc()" name="copyVAppCrossVc" class="com.vmware.qe.vcloud.tests.server.c2.vapplifecycle.VappCopyMove"/>
        <method signature="com.vmware.qe.vcloud.tests.server.c2.vapplifecycle.VappCopyMove.copyVappCrossOrgVdcSameVc()" name="copyVappCrossOrgVdcSameVc" class="com.vmware.qe.vcloud.tests.server.c2.vapplifecycle.VappCopyMove"/>
        <method signature="com.vmware.qe.vcloud.tests.server.c2.vapplifecycle.VappDeployTests.captureVappDeployUndeployDelete()" name="captureVappDeployUndeployDelete" class="com.vmware.qe.vcloud.tests.server.c2.vapplifecycle.VappDeployTests"/>
        <method signature="com.vmware.qe.vcloud.tests.server.c2.vapplifecycle.VappDeployTests.oneVmOff()" name="oneVmOff" class="com.vmware.qe.vcloud.tests.server.c2.vapplifecycle.VappDeployTests"/>
        <method signature="com.vmware.qe.vcloud.tests.server.c2.vapplifecycle.VappImportVm.importVmIntoExistingVappCopy()" name="importVmIntoExistingVappCopy" class="com.vmware.qe.vcloud.tests.server.c2.vapplifecycle.VappImportVm"/>
        <method signature="com.vmware.qe.vcloud.tests.server.c2.vapplifecycle.VappVmActionsTests.vAppVmDelete()" name="vAppVmDelete" class="com.vmware.qe.vcloud.tests.server.c2.vapplifecycle.VappVmActionsTests"/>
        <method signature="com.vmware.qe.vcloud.tests.server.c2.vapplifecycle.VappVmActionsTests.vAppVmPowerOffEdit()" name="vAppVmPowerOffEdit" class="com.vmware.qe.vcloud.tests.server.c2.vapplifecycle.VappVmActionsTests"/>
        <method signature="com.vmware.qe.vcloud.tests.server.c2.vapptemplate.VAppTemplateDownload.uploadDownloadDefaultVappTemplate()" name="uploadDownloadDefaultVappTemplate" class="com.vmware.qe.vcloud.tests.server.c2.vapptemplate.VAppTemplateDownload"/>
        <method signature="com.vmware.qe.vcloud.tests.server.c2.vapptemplate.VAppTemplateImport.importCopyVmFromVcenter()" name="importCopyVmFromVcenter" class="com.vmware.qe.vcloud.tests.server.c2.vapptemplate.VAppTemplateImport"/>
        <method signature="com.vmware.qe.vcloud.tests.server.c2.vapptemplate.VAppTemplateImport.importMoveVmFromVcenter()" name="importMoveVmFromVcenter" class="com.vmware.qe.vcloud.tests.server.c2.vapptemplate.VAppTemplateImport"/>
        <method signature="com.vmware.qe.vcloud.tests.server.c2.vapptemplate.VappTemplateActionsTests.vAppTemplateDelete()" name="vAppTemplateDelete" class="com.vmware.qe.vcloud.tests.server.c2.vapptemplate.VappTemplateActionsTests"/>
        <method signature="com.vmware.qe.vcloud.tests.server.c2.vapptemplate.VappTemplateActionsTests.vAppTemplateEditProperties()" name="vAppTemplateEditProperties" class="com.vmware.qe.vcloud.tests.server.c2.vapptemplate.VappTemplateActionsTests"/>
        <method signature="com.vmware.qe.vcloud.tests.server.c2.vapptemplate.VappTemplateCopyMove.copyTemplateCrossOrgVdc()" name="copyTemplateCrossOrgVdc" class="com.vmware.qe.vcloud.tests.server.c2.vapptemplate.VappTemplateCopyMove"/>
        <method signature="com.vmware.qe.vcloud.tests.server.c2.vapptemplate.VappTemplateCopyMove.copyTemplateCrossVc()" name="copyTemplateCrossVc" class="com.vmware.qe.vcloud.tests.server.c2.vapptemplate.VappTemplateCopyMove"/>
        <method signature="com.vmware.qe.vcloud.tests.server.ee.authentication.LdapBasicMatrix.importLdapGroup()" name="importLdapGroup" class="com.vmware.qe.vcloud.tests.server.ee.authentication.LdapBasicMatrix"/>
        <method signature="com.vmware.qe.vcloud.tests.server.ee.authentication.LdapBasicMatrix.importLdapUser()" name="importLdapUser" class="com.vmware.qe.vcloud.tests.server.ee.authentication.LdapBasicMatrix"/>
        <method signature="com.vmware.qe.vcloud.tests.server.ee.authentication.LdapBasicMatrix.loginKnownLdapUser()" name="loginKnownLdapUser" class="com.vmware.qe.vcloud.tests.server.ee.authentication.LdapBasicMatrix"/>
        <method signature="com.vmware.qe.vcloud.tests.server.ee.authentication.SystemLocalUsers.createSystemUser()" name="createSystemUser" class="com.vmware.qe.vcloud.tests.server.ee.authentication.SystemLocalUsers"/>
        <method signature="com.vmware.qe.vcloud.tests.server.ee.authentication.SystemLocalUsers.disableSysAdminNEGATIVE(java.lang.String, int)" name="disableSysAdminNEGATIVE" class="com.vmware.qe.vcloud.tests.server.ee.authentication.SystemLocalUsers"/>
        <method signature="com.vmware.qe.vcloud.tests.server.ee.authentication.SystemLocalUsers.enableUser()" name="enableUser" class="com.vmware.qe.vcloud.tests.server.ee.authentication.SystemLocalUsers"/>
        <method signature="com.vmware.qe.vcloud.tests.server.ee.settings.OrgLifecycle.OrganizationLifecycle.createOrganization()" name="createOrganization" class="com.vmware.qe.vcloud.tests.server.ee.settings.OrgLifecycle.OrganizationLifecycle"/>
        <method signature="com.vmware.qe.vcloud.tests.server.ee.sharing.VAppSharing.orgAdminShareToAll()" name="orgAdminShareToAll" class="com.vmware.qe.vcloud.tests.server.ee.sharing.VAppSharing"/>
        <method signature="com.vmware.qe.vcloud.tests.server.networking.networkmanagement.organizationscope.VAppCreateWithOrgVdcNet.createVAppDirectConnectionToOrgVdcNet()" name="createVAppDirectConnectionToOrgVdcNet" class="com.vmware.qe.vcloud.tests.server.networking.networkmanagement.organizationscope.VAppCreateWithOrgVdcNet"/>
        <method signature="com.vmware.qe.vcloud.tests.server.networking.networkmanagement.organizationscope.VAppCreateWithOrgVdcNet.createVAppStaticManual()" name="createVAppStaticManual" class="com.vmware.qe.vcloud.tests.server.networking.networkmanagement.organizationscope.VAppCreateWithOrgVdcNet"/>
        <method signature="com.vmware.qe.vcloud.tests.server.networking.networkmanagement.organizationscope.VAppCreateWithOrgVdcNet.createVAppWithVAppNetIsolated()" name="createVAppWithVAppNetIsolated" class="com.vmware.qe.vcloud.tests.server.networking.networkmanagement.organizationscope.VAppCreateWithOrgVdcNet"/>
        <method signature="com.vmware.qe.vcloud.tests.server.networking.networkmanagement.systemscope.edgegateway.DeleteGateway.deleteGatewayNotConnectedToRoutedOrgVDCNetwork()" name="deleteGatewayNotConnectedToRoutedOrgVDCNetwork" class="com.vmware.qe.vcloud.tests.server.networking.networkmanagement.systemscope.edgegateway.DeleteGateway"/>
        <method signature="com.vmware.qe.vcloud.tests.server.networking.networkmanagement.systemscope.externalnetworks.CreateUpdateDeleteExternalNetwork.deleteExtNetNotInUseAndRecreateExtNet()" name="deleteExtNetNotInUseAndRecreateExtNet" class="com.vmware.qe.vcloud.tests.server.networking.networkmanagement.systemscope.externalnetworks.CreateUpdateDeleteExternalNetwork"/>
        <method signature="com.vmware.qe.vcloud.tests.server.networking.networkmanagement.systemscope.networkpools.VMwareNetworkPoolCreateDelete.createNetworkPoolIsolationBackedWithVLAN()" name="createNetworkPoolIsolationBackedWithVLAN" class="com.vmware.qe.vcloud.tests.server.networking.networkmanagement.systemscope.networkpools.VMwareNetworkPoolCreateDelete"/>
        <method signature="com.vmware.qe.vcloud.tests.server.networking.vxlan.pvdc.CreateDeletePVDC.deletePVDCNotInUse()" name="deletePVDCNotInUse" class="com.vmware.qe.vcloud.tests.server.networking.vxlan.pvdc.CreateDeletePVDC"/>
        <method signature="com.vmware.qe.vcloud.tests.server.rm.orgvdc.OrgVdcAllocationPool.createAllocationPoolvDCAndPowerOnVappBasicGuarantee()" name="createAllocationPoolvDCAndPowerOnVappBasicGuarantee" class="com.vmware.qe.vcloud.tests.server.rm.orgvdc.OrgVdcAllocationPool"/>
        <method signature="com.vmware.qe.vcloud.tests.server.rm.orgvdc.OrgVdcPayGo.createBasicPayGovDCandPowerOnVapp()" name="createBasicPayGovDCandPowerOnVapp" class="com.vmware.qe.vcloud.tests.server.rm.orgvdc.OrgVdcPayGo"/>
        <method signature="com.vmware.qe.vcloud.tests.server.rm.orgvdc.OrgVdcReservationPool.createReservationPoolvDCandPoweronVappTest1()" name="createReservationPoolvDCandPoweronVappTest1" class="com.vmware.qe.vcloud.tests.server.rm.orgvdc.OrgVdcReservationPool"/>
        <method signature="com.vmware.qe.vcloud.tests.server.rm.orgvdc.OrgvDCCommon.deleteEmptyOrgvDC()" name="deleteEmptyOrgvDC" class="com.vmware.qe.vcloud.tests.server.rm.orgvdc.OrgvDCCommon"/>
        <method signature="com.vmware.qe.vcloud.tests.server.rm.pvdc.PvDCCreationEdit.createPvDC()" name="createPvDC" class="com.vmware.qe.vcloud.tests.server.rm.pvdc.PvDCCreationEdit"/>
        <method signature="com.vmware.qe.vcloud.tests.server.rm.pvdc.PvDCCreationEdit.deleteEmptyPvDC()" name="deleteEmptyPvDC" class="com.vmware.qe.vcloud.tests.server.rm.pvdc.PvDCCreationEdit"/>
        <method signature="com.vmware.qe.vcloud.tests.server.rm.pvdc.PvDCCreationEdit.disablePvDC()" name="disablePvDC" class="com.vmware.qe.vcloud.tests.server.rm.pvdc.PvDCCreationEdit"/>
        <method signature="com.vmware.qe.vcloud.tests.server.rm.pvdc.PvDCCreationEdit.enablePvDC()" name="enablePvDC" class="com.vmware.qe.vcloud.tests.server.rm.pvdc.PvDCCreationEdit"/>
      </group>
      <group name="T2">
        <method signature="com.vmware.qe.vcloud.tests.server.networking.networkmanagement.organizationscope.VAppCreateWithOrgVdcNet.createVAppDirectConnectionToOrgVdcNet()" name="createVAppDirectConnectionToOrgVdcNet" class="com.vmware.qe.vcloud.tests.server.networking.networkmanagement.organizationscope.VAppCreateWithOrgVdcNet"/>
        <method signature="com.vmware.qe.vcloud.tests.server.networking.networkmanagement.organizationscope.VAppCreateWithOrgVdcNet.createVAppStaticManual()" name="createVAppStaticManual" class="com.vmware.qe.vcloud.tests.server.networking.networkmanagement.organizationscope.VAppCreateWithOrgVdcNet"/>
        <method signature="com.vmware.qe.vcloud.tests.server.networking.networkmanagement.systemscope.edgegateway.DeleteGateway.deleteGatewayNotConnectedToRoutedOrgVDCNetwork()" name="deleteGatewayNotConnectedToRoutedOrgVDCNetwork" class="com.vmware.qe.vcloud.tests.server.networking.networkmanagement.systemscope.edgegateway.DeleteGateway"/>
        <method signature="com.vmware.qe.vcloud.tests.server.networking.networkmanagement.systemscope.orgvdcnets.DeleteOrgVDCNets.deleteDirectOrgVdcNetNotInUse()" name="deleteDirectOrgVdcNetNotInUse" class="com.vmware.qe.vcloud.tests.server.networking.networkmanagement.systemscope.orgvdcnets.DeleteOrgVDCNets"/>
        <method signature="com.vmware.qe.vcloud.tests.server.networking.networkmanagement.systemscope.orgvdcnets.DeleteOrgVDCNets.deleteInternalOrgVdcNetNotInUse()" name="deleteInternalOrgVdcNetNotInUse" class="com.vmware.qe.vcloud.tests.server.networking.networkmanagement.systemscope.orgvdcnets.DeleteOrgVDCNets"/>
        <method signature="com.vmware.qe.vcloud.tests.server.networking.networkmanagement.systemscope.orgvdcnets.DeleteOrgVDCNets.deleteRoutedOrgVdcNetNotInUse()" name="deleteRoutedOrgVdcNetNotInUse" class="com.vmware.qe.vcloud.tests.server.networking.networkmanagement.systemscope.orgvdcnets.DeleteOrgVDCNets"/>
        <method signature="com.vmware.qe.vcloud.tests.server.networking.vxlan.pvdc.CreateDeletePVDC.deletePVDCNotInUse()" name="deletePVDCNotInUse" class="com.vmware.qe.vcloud.tests.server.networking.vxlan.pvdc.CreateDeletePVDC"/>
      </group>
    </groups>
    <test name="MAT-Functional">
      <class name="com.vmware.qe.vcloud.tests.server.c2.vapplifecycle.ComputerNameAndFullName">
        <test-method status="PASS" signature="editVAppProperties()" name="editVAppProperties" duration-ms="115387" started-at="2012-09-11T07:55:33Z" description="Modify Vapp properties: name and description" finished-at="2012-09-11T07:57:28Z">
        </test-method>
        <test-method status="PASS" signature="accessTestBaseBeforeClass()" name="accessTestBaseBeforeClass" is-config="true" duration-ms="2085" started-at="2012-09-11T07:54:54Z" finished-at="2012-09-11T07:54:56Z">
        </test-method>
        <test-method status="PASS" signature="accessTestBaseAfterMethod()" name="accessTestBaseAfterMethod" is-config="true" duration-ms="6762" started-at="2012-09-11T07:57:28Z" finished-at="2012-09-11T07:57:35Z">
        </test-method>
        <test-method status="PASS" signature="beforeClass()" name="beforeClass" is-config="true" duration-ms="37359" started-at="2012-09-11T07:54:56Z" finished-at="2012-09-11T07:55:33Z">
        </test-method>
        <test-method status="PASS" signature="accessTestBaseAfterClass()" name="accessTestBaseAfterClass" is-config="true" duration-ms="14143" started-at="2012-09-11T07:57:35Z" finished-at="2012-09-11T07:57:49Z">
        </test-method>
        <test-method status="PASS" signature="afterClass()" name="afterClass" is-config="true" duration-ms="39" started-at="2012-09-11T07:57:35Z" finished-at="2012-09-11T07:57:35Z">
        </test-method>
        <test-method status="PASS" signature="accessTestBaseBeforeMethod()" name="accessTestBaseBeforeMethod" is-config="true" duration-ms="2" started-at="2012-09-11T07:55:33Z" finished-at="2012-09-11T07:55:33Z">
        </test-method>
      </class>
      <class name="com.vmware.qe.vcloud.tests.server.c2.catalog.CatalogPublish">
        <test-method status="PASS" signature="accessTestBaseAfterMethod()" name="accessTestBaseAfterMethod" is-config="true" duration-ms="2311" started-at="2012-09-11T07:31:50Z" finished-at="2012-09-11T07:31:52Z">
        </test-method>
        <test-method status="PASS" signature="copyTemplateFromPublishedCatalog()" name="copyTemplateFromPublishedCatalog" duration-ms="105931" started-at="2012-09-11T07:30:04Z" finished-at="2012-09-11T07:31:50Z">
        </test-method>
        <test-method status="PASS" signature="accessTestBaseBeforeMethod()" name="accessTestBaseBeforeMethod" is-config="true" duration-ms="3" started-at="2012-09-11T07:29:48Z" finished-at="2012-09-11T07:29:48Z">
        </test-method>
        <test-method status="PASS" signature="accessTestBaseAfterClass()" name="accessTestBaseAfterClass" is-config="true" duration-ms="25901" started-at="2012-09-11T07:31:52Z" finished-at="2012-09-11T07:32:18Z">
        </test-method>
        <test-method status="PASS" signature="beforeMethod()" name="beforeMethod" is-config="true" duration-ms="202" started-at="2012-09-11T07:30:04Z" finished-at="2012-09-11T07:30:04Z">
        </test-method>
        <test-method status="PASS" signature="accessTestBaseBeforeMethod()" name="accessTestBaseBeforeMethod" is-config="true" duration-ms="1" started-at="2012-09-11T07:30:04Z" finished-at="2012-09-11T07:30:04Z">
        </test-method>
        <test-method status="PASS" signature="copyMediaFromPublishedCatalog()" name="copyMediaFromPublishedCatalog" duration-ms="14934" started-at="2012-09-11T07:29:48Z" finished-at="2012-09-11T07:30:03Z">
        </test-method>
        <test-method status="PASS" signature="beforeClass()" name="beforeClass" is-config="true" duration-ms="39170" started-at="2012-09-11T07:29:09Z" finished-at="2012-09-11T07:29:48Z">
        </test-method>
        <test-method status="PASS" signature="beforeMethod()" name="beforeMethod" is-config="true" duration-ms="192" started-at="2012-09-11T07:29:48Z" finished-at="2012-09-11T07:29:48Z">
        </test-method>
        <test-method status="PASS" signature="accessTestBaseBeforeClass()" name="accessTestBaseBeforeClass" is-config="true" duration-ms="1868" started-at="2012-09-11T07:29:07Z" finished-at="2012-09-11T07:29:09Z">
        </test-method>
        <test-method status="PASS" signature="accessTestBaseAfterMethod()" name="accessTestBaseAfterMethod" is-config="true" duration-ms="774" started-at="2012-09-11T07:30:03Z" finished-at="2012-09-11T07:30:04Z">
        </test-method>
      </class>
      <class name="com.vmware.qe.vcloud.tests.server.c2.vapplifecycle.AddVmToVapp">
        <test-method status="PASS" signature="accessTestBaseBeforeMethod()" name="accessTestBaseBeforeMethod" is-config="true" duration-ms="2" started-at="2012-09-11T08:03:02Z" finished-at="2012-09-11T08:03:02Z">
        </test-method>
        <test-method status="PASS" signature="beforeClass()" name="beforeClass" is-config="true" duration-ms="36888" started-at="2012-09-11T08:02:26Z" finished-at="2012-09-11T08:03:02Z">
        </test-method>
        <test-method status="FAIL" signature="addNewVmToExistingVapp()" name="addNewVmToExistingVapp" duration-ms="122506" started-at="2012-09-11T08:03:02Z" description="Add a new VM to an existing VApp" finished-at="2012-09-11T08:05:05Z">
          <exception class="com.vmware.qe.vcloud.server.ServiceException">
            <message>
              <![CDATA[Task failed || class com.vmware.qe.vcloud.server.impl.rest.ServiceRestException: Task FailedUnable to perform this action. Contact your cloud administrator.]]>
            </message>
            <full-stacktrace>
              <![CDATA[com.vmware.qe.vcloud.server.ServiceException: Task failed || class com.vmware.qe.vcloud.server.impl.rest.ServiceRestException: Task FailedUnable to perform this action. Contact your cloud administrator.
	at com.vmware.qe.vcloud.server.impl.rest.BaseServiceImpl.waitForTaskCompletion(BaseServiceImpl.java:176)
	at com.vmware.qe.vcloud.server.impl.rest.BaseServiceImpl.waitForTaskCompletion(BaseServiceImpl.java:189)
	at com.vmware.qe.vcloud.server.impl.rest.BaseServiceImpl.waitForTaskCompletion(BaseServiceImpl.java:261)
	at com.vmware.qe.vcloud.server.impl.rest.VAppServiceImpl.add(VAppServiceImpl.java:2055)
	at com.vmware.qe.vcloud.tests.server.c2.vapplifecycle.AddVmToVapp.addNewVmToExistingVapp(AddVmToVapp.java:68)
	at sun.reflect.NativeMethodAccessorImpl.invoke0(Native Method)
	at sun.reflect.NativeMethodAccessorImpl.invoke(NativeMethodAccessorImpl.java:57)
	at sun.reflect.DelegatingMethodAccessorImpl.invoke(DelegatingMethodAccessorImpl.java:43)
	at java.lang.reflect.Method.invoke(Method.java:616)
	at org.testng.internal.MethodInvocationHelper.invokeMethod(MethodInvocationHelper.java:80)
	at org.testng.internal.Invoker.invokeMethod(Invoker.java:673)
	at org.testng.internal.Invoker.invokeTestMethod(Invoker.java:842)
	at org.testng.internal.Invoker.invokeTestMethods(Invoker.java:1166)
	at org.testng.internal.TestMethodWorker.invokeTestMethods(TestMethodWorker.java:125)
	at org.testng.internal.TestMethodWorker.run(TestMethodWorker.java:109)
	at org.testng.TestRunner.runWorkers(TestRunner.java:1178)
	at org.testng.TestRunner.privateRun(TestRunner.java:757)
	at org.testng.TestRunner.run(TestRunner.java:608)
	at org.testng.SuiteRunner.runTest(SuiteRunner.java:334)
	at org.testng.SuiteRunner.runSequentially(SuiteRunner.java:329)
	at org.testng.SuiteRunner.privateRun(SuiteRunner.java:291)
	at org.testng.SuiteRunner.run(SuiteRunner.java:240)
	at org.testng.SuiteRunnerWorker.runSuite(SuiteRunnerWorker.java:52)
	at org.testng.SuiteRunnerWorker.run(SuiteRunnerWorker.java:86)
	at org.testng.TestNG.runSuitesSequentially(TestNG.java:1158)
	at org.testng.TestNG.runSuitesLocally(TestNG.java:1083)
	at org.testng.TestNG.run(TestNG.java:999)
	at org.testng.TestNG.privateMain(TestNG.java:1301)
	at org.testng.TestNG.main(TestNG.java:1265)
]]>
            </full-stacktrace>
          </exception>
        </test-method>
        <test-method status="PASS" signature="accessTestBaseAfterMethod()" name="accessTestBaseAfterMethod" is-config="true" duration-ms="7" started-at="2012-09-11T08:05:05Z" finished-at="2012-09-11T08:05:05Z">
        </test-method>
        <test-method status="PASS" signature="accessTestBaseBeforeClass()" name="accessTestBaseBeforeClass" is-config="true" duration-ms="1953" started-at="2012-09-11T08:02:24Z" finished-at="2012-09-11T08:02:26Z">
        </test-method>
        <test-method status="PASS" signature="accessTestBaseAfterClass()" name="accessTestBaseAfterClass" is-config="true" duration-ms="20642" started-at="2012-09-11T08:05:05Z" finished-at="2012-09-11T08:05:26Z">
        </test-method>
      </class>
      <class name="com.vmware.qe.vcloud.tests.server.c2.fastProvisioning.ConsolidateVmTest">
        <test-method status="PASS" signature="beforeClass()" name="beforeClass" is-config="true" duration-ms="26059" started-at="2012-09-11T07:00:16Z" finished-at="2012-09-11T07:00:42Z">
        </test-method>
        <test-method status="PASS" signature="accessTestBaseBeforeClass()" name="accessTestBaseBeforeClass" is-config="true" duration-ms="2082" started-at="2012-09-11T07:00:14Z" finished-at="2012-09-11T07:00:16Z">
        </test-method>
        <test-method status="PASS" signature="accessTestBaseAfterClass()" name="accessTestBaseAfterClass" is-config="true" duration-ms="14159" started-at="2012-09-11T07:04:20Z" finished-at="2012-09-11T07:04:35Z">
        </test-method>
        <test-method status="FAIL" signature="consolidateMyCloudVm()" name="consolidateMyCloudVm" duration-ms="208025" started-at="2012-09-11T07:00:42Z" description="FP: Consolidate a copied myCloud vApp Vm with chain length" finished-at="2012-09-11T07:04:10Z">
          <exception class="com.vmware.qe.vcloud.server.ServiceException">
            <message>
              <![CDATA[Task failed || class com.vmware.qe.vcloud.server.impl.rest.ServiceRestException: Task FailedUnable to start vApp "secondCopyAaGGGw".  - HTTP NFC Error. Cannot deploy package from /opt/vmware/vcloud-director/tmp/cust2404852765005618390.cab to 'vm1 (ef4ce49c-9230-49b0-92d7-c76ee362ee2d)/cust2404852765005618390.cab'.  - java.net.SocketException: Broken pipe  - Broken pipe]]>
            </message>
            <full-stacktrace>
              <![CDATA[com.vmware.qe.vcloud.server.ServiceException: Task failed || class com.vmware.qe.vcloud.server.impl.rest.ServiceRestException: Task FailedUnable to start vApp "secondCopyAaGGGw".  - HTTP NFC Error. Cannot deploy package from /opt/vmware/vcloud-director/tmp/cust2404852765005618390.cab to 'vm1 (ef4ce49c-9230-49b0-92d7-c76ee362ee2d)/cust2404852765005618390.cab'.  - java.net.SocketException: Broken pipe  - Broken pipe
	at com.vmware.qe.vcloud.server.impl.rest.BaseServiceImpl.waitForTaskCompletion(BaseServiceImpl.java:176)
	at com.vmware.qe.vcloud.server.impl.rest.BaseServiceImpl.waitForTaskCompletion(BaseServiceImpl.java:189)
	at com.vmware.qe.vcloud.server.impl.rest.BaseServiceImpl.waitForTaskCompletion(BaseServiceImpl.java:261)
	at com.vmware.qe.vcloud.server.impl.rest.VAppServiceImpl.powerOn(VAppServiceImpl.java:284)
	at com.vmware.qe.vcloud.tests.server.c2.fastProvisioning.ConsolidateVmTest.consolidateMyCloudVm(ConsolidateVmTest.java:66)
	at sun.reflect.NativeMethodAccessorImpl.invoke0(Native Method)
	at sun.reflect.NativeMethodAccessorImpl.invoke(NativeMethodAccessorImpl.java:57)
	at sun.reflect.DelegatingMethodAccessorImpl.invoke(DelegatingMethodAccessorImpl.java:43)
	at java.lang.reflect.Method.invoke(Method.java:616)
	at org.testng.internal.MethodInvocationHelper.invokeMethod(MethodInvocationHelper.java:80)
	at org.testng.internal.Invoker.invokeMethod(Invoker.java:673)
	at org.testng.internal.Invoker.invokeTestMethod(Invoker.java:842)
	at org.testng.internal.Invoker.invokeTestMethods(Invoker.java:1166)
	at org.testng.internal.TestMethodWorker.invokeTestMethods(TestMethodWorker.java:125)
	at org.testng.internal.TestMethodWorker.run(TestMethodWorker.java:109)
	at org.testng.TestRunner.runWorkers(TestRunner.java:1178)
	at org.testng.TestRunner.privateRun(TestRunner.java:757)
	at org.testng.TestRunner.run(TestRunner.java:608)
	at org.testng.SuiteRunner.runTest(SuiteRunner.java:334)
	at org.testng.SuiteRunner.runSequentially(SuiteRunner.java:329)
	at org.testng.SuiteRunner.privateRun(SuiteRunner.java:291)
	at org.testng.SuiteRunner.run(SuiteRunner.java:240)
	at org.testng.SuiteRunnerWorker.runSuite(SuiteRunnerWorker.java:52)
	at org.testng.SuiteRunnerWorker.run(SuiteRunnerWorker.java:86)
	at org.testng.TestNG.runSuitesSequentially(TestNG.java:1158)
	at org.testng.TestNG.runSuitesLocally(TestNG.java:1083)
	at org.testng.TestNG.run(TestNG.java:999)
	at org.testng.TestNG.privateMain(TestNG.java:1301)
	at org.testng.TestNG.main(TestNG.java:1265)
]]>
            </full-stacktrace>
          </exception>
        </test-method>
        <test-method status="PASS" signature="accessTestBaseBeforeMethod()" name="accessTestBaseBeforeMethod" is-config="true" duration-ms="1" started-at="2012-09-11T07:00:42Z" finished-at="2012-09-11T07:00:42Z">
        </test-method>
        <test-method status="PASS" signature="accessTestBaseAfterMethod()" name="accessTestBaseAfterMethod" is-config="true" duration-ms="10105" started-at="2012-09-11T07:04:10Z" finished-at="2012-09-11T07:04:20Z">
        </test-method>
      </class>
      <class name="com.vmware.qe.vcloud.tests.server.rm.orgvdc.OrgvDCCommon">
        <test-method status="PASS" signature="accessTestBaseBeforeMethod()" name="accessTestBaseBeforeMethod" is-config="true" duration-ms="1" started-at="2012-09-11T08:37:55Z" finished-at="2012-09-11T08:37:55Z">
        </test-method>
        <test-method status="PASS" signature="afterClass()" name="afterClass" is-config="true" duration-ms="30" started-at="2012-09-11T08:40:58Z" finished-at="2012-09-11T08:40:58Z">
        </test-method>
        <test-method status="PASS" signature="accessTestBaseBeforeMethod()" name="accessTestBaseBeforeMethod" is-config="true" duration-ms="1" started-at="2012-09-11T08:37:32Z" finished-at="2012-09-11T08:37:32Z">
        </test-method>
        <test-method status="PASS" signature="beforeClass()" name="beforeClass" is-config="true" duration-ms="1039" started-at="2012-09-11T08:36:38Z" finished-at="2012-09-11T08:36:39Z">
        </test-method>
        <test-method status="PASS" signature="accessTestBaseBeforeMethod()" name="accessTestBaseBeforeMethod" is-config="true" duration-ms="1" started-at="2012-09-11T08:40:30Z" finished-at="2012-09-11T08:40:30Z">
        </test-method>
        <test-method status="PASS" signature="deleteEmptyOrgvDC()" name="deleteEmptyOrgvDC" duration-ms="155195" started-at="2012-09-11T08:37:55Z" finished-at="2012-09-11T08:40:30Z">
        </test-method>
        <test-method status="PASS" signature="accessTestBaseAfterClass()" name="accessTestBaseAfterClass" is-config="true" duration-ms="15709" started-at="2012-09-11T08:40:58Z" finished-at="2012-09-11T08:41:14Z">
        </test-method>
        <test-method status="PASS" signature="changeAllocationPoolOrgVDCResourceSettings()" name="changeAllocationPoolOrgVDCResourceSettings" duration-ms="29267" started-at="2012-09-11T08:36:39Z" description="change allocation pool vdc resource settings" finished-at="2012-09-11T08:37:08Z">
        </test-method>
        <test-method status="PASS" signature="accessTestBaseAfterMethod()" name="accessTestBaseAfterMethod" is-config="true" duration-ms="7" started-at="2012-09-11T08:40:30Z" finished-at="2012-09-11T08:40:30Z">
        </test-method>
        <test-method status="PASS" signature="accessTestBaseAfterMethod()" name="accessTestBaseAfterMethod" is-config="true" duration-ms="9269" started-at="2012-09-11T08:37:08Z" finished-at="2012-09-11T08:37:18Z">
        </test-method>
        <test-method status="PASS" signature="accessTestBaseAfterMethod()" name="accessTestBaseAfterMethod" is-config="true" duration-ms="9262" started-at="2012-09-11T08:40:49Z" finished-at="2012-09-11T08:40:58Z">
        </test-method>
        <test-method status="PASS" signature="accessTestBaseAfterMethod()" name="accessTestBaseAfterMethod" is-config="true" duration-ms="7" started-at="2012-09-11T08:37:32Z" finished-at="2012-09-11T08:37:32Z">
        </test-method>
        <test-method status="PASS" signature="accessTestBaseBeforeMethod()" name="accessTestBaseBeforeMethod" is-config="true" duration-ms="2" started-at="2012-09-11T08:36:39Z" finished-at="2012-09-11T08:36:39Z">
        </test-method>
        <test-method status="PASS" signature="changePayGoOrgVDCResourceSettings()" name="changePayGoOrgVDCResourceSettings" duration-ms="14250" started-at="2012-09-11T08:37:18Z" description="change PayGo vdc resource settings" finished-at="2012-09-11T08:37:32Z">
        </test-method>
        <test-method status="PASS" signature="disableEnableOrgVdc()" name="disableEnableOrgVdc" duration-ms="18578" started-at="2012-09-11T08:40:30Z" finished-at="2012-09-11T08:40:49Z">
        </test-method>
        <test-method status="PASS" signature="accessTestBaseBeforeMethod()" name="accessTestBaseBeforeMethod" is-config="true" duration-ms="2" started-at="2012-09-11T08:37:18Z" finished-at="2012-09-11T08:37:18Z">
        </test-method>
        <test-method status="PASS" signature="accessTestBaseAfterMethod()" name="accessTestBaseAfterMethod" is-config="true" duration-ms="9056" started-at="2012-09-11T08:37:46Z" finished-at="2012-09-11T08:37:55Z">
        </test-method>
        <test-method status="PASS" signature="accessTestBaseBeforeClass()" name="accessTestBaseBeforeClass" is-config="true" duration-ms="2006" started-at="2012-09-11T08:36:36Z" finished-at="2012-09-11T08:36:38Z">
        </test-method>
        <test-method status="PASS" signature="changeReservationPoolOrgVDCResourceSettings()" name="changeReservationPoolOrgVDCResourceSettings" duration-ms="13747" started-at="2012-09-11T08:37:32Z" description="change reservation pool vdc resource settings" finished-at="2012-09-11T08:37:46Z">
        </test-method>
      </class>
      <class name="com.vmware.qe.vcloud.tests.server.c2.nameddisk.IndependentDisks">
        <test-method status="PASS" signature="testQueryVMDiskRelation()" name="testQueryVMDiskRelation" duration-ms="64655" started-at="2012-09-11T08:46:26Z" description="Query for vmdiskrelation record and ensure that relation is valid" finished-at="2012-09-11T08:47:31Z">
        </test-method>
        <test-method status="PASS" signature="accessTestBaseBeforeClass()" name="accessTestBaseBeforeClass" is-config="true" duration-ms="1814" started-at="2012-09-11T08:44:20Z" finished-at="2012-09-11T08:44:22Z">
        </test-method>
        <test-method status="PASS" signature="afterClass()" name="afterClass" is-config="true" duration-ms="259" started-at="2012-09-11T08:47:37Z" finished-at="2012-09-11T08:47:37Z">
        </test-method>
        <test-method status="PASS" signature="beforeMethod()" name="beforeMethod" is-config="true" duration-ms="112795" started-at="2012-09-11T08:44:33Z" finished-at="2012-09-11T08:46:26Z">
        </test-method>
        <test-method status="PASS" signature="accessTestBaseAfterClass()" name="accessTestBaseAfterClass" is-config="true" duration-ms="14178" started-at="2012-09-11T08:47:37Z" finished-at="2012-09-11T08:47:51Z">
        </test-method>
        <test-method status="PASS" signature="accessTestBaseBeforeMethod()" name="accessTestBaseBeforeMethod" is-config="true" duration-ms="1" started-at="2012-09-11T08:44:33Z" finished-at="2012-09-11T08:44:33Z">
        </test-method>
        <test-method status="PASS" signature="beforeClass()" name="beforeClass" is-config="true" duration-ms="10798" started-at="2012-09-11T08:44:22Z" finished-at="2012-09-11T08:44:33Z">
        </test-method>
        <test-method status="PASS" signature="accessTestBaseAfterMethod()" name="accessTestBaseAfterMethod" is-config="true" duration-ms="6381" started-at="2012-09-11T08:47:31Z" finished-at="2012-09-11T08:47:37Z">
        </test-method>
      </class>
      <class name="com.vmware.qe.vcloud.tests.server.c2.vapplifecycle.CreateNewVapp">
        <test-method status="PASS" signature="importVmFromVcAsVapp()" name="importVmFromVcAsVapp" duration-ms="35157" started-at="2012-09-11T08:01:31Z" description="Import vm from vCenter - as new vApp, copy" finished-at="2012-09-11T08:02:07Z">
        </test-method>
        <test-method status="PASS" signature="accessTestBaseBeforeMethod()" name="accessTestBaseBeforeMethod" is-config="true" duration-ms="1" started-at="2012-09-11T08:01:31Z" finished-at="2012-09-11T08:01:31Z">
        </test-method>
        <test-method status="PASS" signature="accessTestBaseAfterClass()" name="accessTestBaseAfterClass" is-config="true" duration-ms="10764" started-at="2012-09-11T08:02:13Z" finished-at="2012-09-11T08:02:24Z">
        </test-method>
        <test-method status="PASS" signature="accessTestBaseAfterMethod()" name="accessTestBaseAfterMethod" is-config="true" duration-ms="6188" started-at="2012-09-11T08:02:07Z" finished-at="2012-09-11T08:02:13Z">
        </test-method>
        <test-method status="PASS" signature="accessTestBaseBeforeClass()" name="accessTestBaseBeforeClass" is-config="true" duration-ms="1859" started-at="2012-09-11T08:00:52Z" finished-at="2012-09-11T08:00:54Z">
        </test-method>
        <test-method status="PASS" signature="beforeClass()" name="beforeClass" is-config="true" duration-ms="37546" started-at="2012-09-11T08:00:54Z" finished-at="2012-09-11T08:01:31Z">
        </test-method>
      </class>
      <class name="com.vmware.qe.vcloud.tests.server.rm.pvdc.PvDCCreationEdit">
        <test-method status="PASS" signature="accessTestBaseBeforeMethod()" name="accessTestBaseBeforeMethod" is-config="true" duration-ms="2" started-at="2012-09-11T07:58:43Z" finished-at="2012-09-11T07:58:43Z">
        </test-method>
        <test-method status="PASS" signature="beforeClass()" name="beforeClass" is-config="true" duration-ms="2273" started-at="2012-09-11T07:57:51Z" finished-at="2012-09-11T07:57:54Z">
        </test-method>
        <test-method status="PASS" signature="createPvDC()" name="createPvDC" duration-ms="38035" started-at="2012-09-11T07:57:54Z" finished-at="2012-09-11T07:58:32Z">
        </test-method>
        <test-method status="PASS" signature="accessTestBaseBeforeMethod()" name="accessTestBaseBeforeMethod" is-config="true" duration-ms="2" started-at="2012-09-11T07:59:28Z" finished-at="2012-09-11T07:59:28Z">
        </test-method>
        <test-method status="PASS" signature="deleteEmptyPvDC()" name="deleteEmptyPvDC" duration-ms="44889" started-at="2012-09-11T07:58:43Z" finished-at="2012-09-11T07:59:28Z">
        </test-method>
        <test-method status="PASS" signature="accessTestBaseAfterMethod()" name="accessTestBaseAfterMethod" is-config="true" duration-ms="205" started-at="2012-09-11T08:00:09Z" finished-at="2012-09-11T08:00:09Z">
        </test-method>
        <test-method status="PASS" signature="accessTestBaseAfterClass()" name="accessTestBaseAfterClass" is-config="true" duration-ms="787" started-at="2012-09-11T08:00:51Z" finished-at="2012-09-11T08:00:52Z">
        </test-method>
        <test-method status="PASS" signature="accessTestBaseBeforeMethod()" name="accessTestBaseBeforeMethod" is-config="true" duration-ms="2" started-at="2012-09-11T08:00:09Z" finished-at="2012-09-11T08:00:09Z">
        </test-method>
        <test-method status="PASS" signature="accessTestBaseBeforeClass()" name="accessTestBaseBeforeClass" is-config="true" duration-ms="1995" started-at="2012-09-11T07:57:49Z" finished-at="2012-09-11T07:57:51Z">
        </test-method>
        <test-method status="PASS" signature="accessTestBaseBeforeMethod()" name="accessTestBaseBeforeMethod" is-config="true" duration-ms="1" started-at="2012-09-11T07:57:54Z" finished-at="2012-09-11T07:57:54Z">
        </test-method>
        <test-method status="PASS" signature="accessTestBaseAfterMethod()" name="accessTestBaseAfterMethod" is-config="true" duration-ms="11158" started-at="2012-09-11T07:58:32Z" finished-at="2012-09-11T07:58:43Z">
        </test-method>
        <test-method status="PASS" signature="afterClass()" name="afterClass" is-config="true" duration-ms="28" started-at="2012-09-11T08:00:51Z" finished-at="2012-09-11T08:00:51Z">
        </test-method>
        <test-method status="PASS" signature="enablePvDC()" name="enablePvDC" duration-ms="42197" started-at="2012-09-11T08:00:09Z" finished-at="2012-09-11T08:00:51Z">
        </test-method>
        <test-method status="PASS" signature="accessTestBaseAfterMethod()" name="accessTestBaseAfterMethod" is-config="true" duration-ms="202" started-at="2012-09-11T07:59:28Z" finished-at="2012-09-11T07:59:28Z">
        </test-method>
        <test-method status="PASS" signature="accessTestBaseAfterMethod()" name="accessTestBaseAfterMethod" is-config="true" duration-ms="168" started-at="2012-09-11T08:00:51Z" finished-at="2012-09-11T08:00:51Z">
        </test-method>
        <test-method status="PASS" signature="disablePvDC()" name="disablePvDC" duration-ms="40669" started-at="2012-09-11T07:59:28Z" finished-at="2012-09-11T08:00:09Z">
        </test-method>
      </class>
      <class name="com.vmware.qe.vcloud.tests.server.c2.fastProvisioning.VappFastProvisioningTest">
        <test-method status="PASS" signature="afterClass()" name="afterClass" is-config="true" duration-ms="31" started-at="2012-09-11T06:45:31Z" finished-at="2012-09-11T06:45:31Z">
        </test-method>
        <test-method status="PASS" signature="beforeMethod()" name="beforeMethod" is-config="true" duration-ms="13156" started-at="2012-09-11T06:42:15Z" finished-at="2012-09-11T06:42:28Z">
        </test-method>
        <test-method status="PASS" signature="accessTestBaseBeforeClass()" name="accessTestBaseBeforeClass" is-config="true" duration-ms="1811" started-at="2012-09-11T06:40:35Z" finished-at="2012-09-11T06:40:37Z">
        </test-method>
        <test-method status="PASS" signature="accessTestBaseBeforeMethod()" name="accessTestBaseBeforeMethod" is-config="true" duration-ms="2" started-at="2012-09-11T06:44:00Z" finished-at="2012-09-11T06:44:00Z">
        </test-method>
        <test-method status="PASS" signature="moveVappAcrossOrgVdcsBothFastProvisioned()" name="moveVappAcrossOrgVdcsBothFastProvisioned" duration-ms="71861" started-at="2012-09-11T06:44:12Z" description="MyCloud vApp Move across OrgvDCs (both vdc configured for fastprovisioning)." finished-at="2012-09-11T06:45:24Z">
        </test-method>
        <test-method status="PASS" signature="accessTestBaseBeforeMethod()" name="accessTestBaseBeforeMethod" is-config="true" duration-ms="2" started-at="2012-09-11T06:42:15Z" finished-at="2012-09-11T06:42:15Z">
        </test-method>
        <test-method status="PASS" signature="copyVappAcrossOrgVdcsBothFastProvisioned()" name="copyVappAcrossOrgVdcsBothFastProvisioned" duration-ms="82479" started-at="2012-09-11T06:42:28Z" description="vApp copy within same DS should use linked-clone" finished-at="2012-09-11T06:43:51Z">
        </test-method>
        <test-method status="PASS" signature="beforeMethod()" name="beforeMethod" is-config="true" duration-ms="12198" started-at="2012-09-11T06:44:00Z" finished-at="2012-09-11T06:44:12Z">
        </test-method>
        <test-method status="PASS" signature="accessTestBaseAfterMethod()" name="accessTestBaseAfterMethod" is-config="true" duration-ms="8796" started-at="2012-09-11T06:43:51Z" finished-at="2012-09-11T06:44:00Z">
        </test-method>
        <test-method status="PASS" signature="accessTestBaseAfterClass()" name="accessTestBaseAfterClass" is-config="true" duration-ms="18722" started-at="2012-09-11T06:45:31Z" finished-at="2012-09-11T06:45:50Z">
        </test-method>
        <test-method status="PASS" signature="accessTestBaseAfterMethod()" name="accessTestBaseAfterMethod" is-config="true" duration-ms="7149" started-at="2012-09-11T06:45:24Z" finished-at="2012-09-11T06:45:31Z">
        </test-method>
        <test-method status="PASS" signature="beforeClass()" name="beforeClass" is-config="true" duration-ms="98441" started-at="2012-09-11T06:40:37Z" finished-at="2012-09-11T06:42:15Z">
        </test-method>
      </class>
      <class name="com.vmware.qe.vcloud.tests.server.ee.authentication.OrgLdapUsers">
        <test-method status="PASS" signature="accessTestBaseAfterClass()" name="accessTestBaseAfterClass" is-config="true" duration-ms="3161" started-at="2012-09-11T06:33:34Z" finished-at="2012-09-11T06:33:38Z">
        </test-method>
        <test-method status="PASS" signature="beforeMethod()" name="beforeMethod" is-config="true" duration-ms="12037" started-at="2012-09-11T06:33:21Z" finished-at="2012-09-11T06:33:33Z">
        </test-method>
        <test-method status="PASS" signature="accessTestBaseAfterMethod()" name="accessTestBaseAfterMethod" is-config="true" duration-ms="79" started-at="2012-09-11T06:33:34Z" finished-at="2012-09-11T06:33:34Z">
        </test-method>
        <test-method status="PASS" signature="deleteLdapUserLocalTableLoginFailNegative()" name="deleteLdapUserLocalTableLoginFailNegative" duration-ms="1601" started-at="2012-09-11T06:33:33Z" description="DELETE imported LDAP org user from local user table -login FAIL" finished-at="2012-09-11T06:33:34Z">
          <exception class="com.vmware.qe.vcloud.server.ServiceAuthenticationException">
            <message>
              <![CDATA[Authentication failed for user: ldap@Org-jenkins-Sep-11--06-33-22-NSniCk || class com.vmware.qe.vcloud.server.ServiceAuthenticationException: Authentication failed for user: Administrator@system || class com.vmware.qe.vcloud.server.impl.rest.ServiceRestException: Invalid return code! Expected: 200 Actual: 401; ]]>
            </message>
            <full-stacktrace>
              <![CDATA[com.vmware.qe.vcloud.server.ServiceAuthenticationException: Authentication failed for user: ldap@Org-jenkins-Sep-11--06-33-22-NSniCk || class com.vmware.qe.vcloud.server.ServiceAuthenticationException: Authentication failed for user: Administrator@system || class com.vmware.qe.vcloud.server.impl.rest.ServiceRestException: Invalid return code! Expected: 200 Actual: 401; 
	at com.vmware.qe.vcloud.server.impl.rest.RestClient.login(RestClient.java:230)
	at com.vmware.qe.vcloud.server.impl.rest.RestClient.login(RestClient.java:188)
	at com.vmware.qe.vcloud.server.impl.rest.RestServiceManager.login(RestServiceManager.java:71)
	at com.vmware.qe.vcloud.server.impl.rest.ServiceManager.login(ServiceManager.java:67)
	at com.vmware.qe.vcloud.tests.server.ee.authentication.OrgLdapUsers.deleteLdapUserLocalTableLoginFailNegative(OrgLdapUsers.java:126)
	at sun.reflect.NativeMethodAccessorImpl.invoke0(Native Method)
	at sun.reflect.NativeMethodAccessorImpl.invoke(NativeMethodAccessorImpl.java:57)
	at sun.reflect.DelegatingMethodAccessorImpl.invoke(DelegatingMethodAccessorImpl.java:43)
	at java.lang.reflect.Method.invoke(Method.java:616)
	at org.testng.internal.MethodInvocationHelper.invokeMethod(MethodInvocationHelper.java:80)
	at org.testng.internal.Invoker.invokeMethod(Invoker.java:673)
	at org.testng.internal.Invoker.invokeTestMethod(Invoker.java:842)
	at org.testng.internal.Invoker.invokeTestMethods(Invoker.java:1166)
	at org.testng.internal.TestMethodWorker.invokeTestMethods(TestMethodWorker.java:125)
	at org.testng.internal.TestMethodWorker.run(TestMethodWorker.java:109)
	at org.testng.TestRunner.runWorkers(TestRunner.java:1178)
	at org.testng.TestRunner.privateRun(TestRunner.java:757)
	at org.testng.TestRunner.run(TestRunner.java:608)
	at org.testng.SuiteRunner.runTest(SuiteRunner.java:334)
	at org.testng.SuiteRunner.runSequentially(SuiteRunner.java:329)
	at org.testng.SuiteRunner.privateRun(SuiteRunner.java:291)
	at org.testng.SuiteRunner.run(SuiteRunner.java:240)
	at org.testng.SuiteRunnerWorker.runSuite(SuiteRunnerWorker.java:52)
	at org.testng.SuiteRunnerWorker.run(SuiteRunnerWorker.java:86)
	at org.testng.TestNG.runSuitesSequentially(TestNG.java:1158)
	at org.testng.TestNG.runSuitesLocally(TestNG.java:1083)
	at org.testng.TestNG.run(TestNG.java:999)
	at org.testng.TestNG.privateMain(TestNG.java:1301)
	at org.testng.TestNG.main(TestNG.java:1265)
]]>
            </full-stacktrace>
          </exception>
        </test-method>
        <test-method status="PASS" signature="accessTestBaseBeforeClass()" name="accessTestBaseBeforeClass" is-config="true" duration-ms="1973" started-at="2012-09-11T06:33:03Z" finished-at="2012-09-11T06:33:05Z">
        </test-method>
        <test-method status="PASS" signature="accessTestBaseBeforeMethod()" name="accessTestBaseBeforeMethod" is-config="true" duration-ms="3" started-at="2012-09-11T06:33:21Z" finished-at="2012-09-11T06:33:21Z">
        </test-method>
        <test-method status="PASS" signature="beforeClass()" name="beforeClass" is-config="true" duration-ms="15346" started-at="2012-09-11T06:33:05Z" finished-at="2012-09-11T06:33:21Z">
        </test-method>
      </class>
      <class name="com.vmware.qe.vcloud.tests.server.networking.networkmanagement.systemscope.externalnetworks.CreateUpdateDeleteExternalNetwork">
        <test-method status="PASS" signature="accessTestBaseAfterMethod()" name="accessTestBaseAfterMethod" is-config="true" duration-ms="10749" started-at="2012-09-11T07:35:09Z" finished-at="2012-09-11T07:35:19Z">
        </test-method>
        <test-method status="PASS" signature="accessTestBaseAfterClass()" name="accessTestBaseAfterClass" is-config="true" duration-ms="706" started-at="2012-09-11T07:35:19Z" finished-at="2012-09-11T07:35:20Z">
        </test-method>
        <test-method status="PASS" signature="accessTestBaseBeforeClass()" name="accessTestBaseBeforeClass" is-config="true" duration-ms="2034" started-at="2012-09-11T07:34:33Z" finished-at="2012-09-11T07:34:35Z">
        </test-method>
        <test-method status="PASS" signature="accessTestBaseBeforeMethod()" name="accessTestBaseBeforeMethod" is-config="true" duration-ms="2" started-at="2012-09-11T07:34:36Z" finished-at="2012-09-11T07:34:36Z">
        </test-method>
        <test-method status="PASS" signature="deleteExtNetNotInUseAndRecreateExtNet()" name="deleteExtNetNotInUseAndRecreateExtNet" duration-ms="32776" started-at="2012-09-11T07:34:36Z" description="TestId:230360 Delete an external network that isn&#039;t being used " finished-at="2012-09-11T07:35:09Z">
        </test-method>
        <test-method status="PASS" signature="beforeClass()" name="beforeClass" is-config="true" duration-ms="580" started-at="2012-09-11T07:34:35Z" finished-at="2012-09-11T07:34:36Z">
        </test-method>
      </class>
      <class name="com.vmware.qe.vcloud.tests.server.networking.networkmanagement.systemscope.networkpools.VMwareNetworkPoolCreateDelete">
        <test-method status="PASS" signature="accessTestBaseAfterClass()" name="accessTestBaseAfterClass" is-config="true" duration-ms="780" started-at="2012-09-11T07:20:14Z" finished-at="2012-09-11T07:20:15Z">
        </test-method>
        <test-method status="PASS" signature="accessTestBaseAfterMethod()" name="accessTestBaseAfterMethod" is-config="true" duration-ms="51259" started-at="2012-09-11T07:17:34Z" finished-at="2012-09-11T07:18:25Z">
        </test-method>
        <test-method status="PASS" signature="createNetworkPoolIsolationBackedWithVLAN()" name="createNetworkPoolIsolationBackedWithVLAN" duration-ms="55443" started-at="2012-09-11T07:16:39Z" description="TestId:230371 Create network pool: Isolation-backed with VLAN" finished-at="2012-09-11T07:17:34Z">
        </test-method>
        <test-method status="PASS" signature="accessTestBaseBeforeMethod()" name="accessTestBaseBeforeMethod" is-config="true" duration-ms="2" started-at="2012-09-11T07:18:25Z" finished-at="2012-09-11T07:18:25Z">
        </test-method>
        <test-method status="PASS" signature="createNetPoolUsingNewDvPg()" name="createNetPoolUsingNewDvPg" duration-ms="324159" started-at="2012-09-11T07:11:14Z" description="Add DVportgroups to VC and create network pool using newly created portgroups" finished-at="2012-09-11T07:16:38Z">
        </test-method>
        <test-method status="PASS" signature="accessTestBaseBeforeClass()" name="accessTestBaseBeforeClass" is-config="true" duration-ms="1940" started-at="2012-09-11T07:11:12Z" finished-at="2012-09-11T07:11:14Z">
        </test-method>
        <test-method status="PASS" signature="accessTestBaseBeforeMethod()" name="accessTestBaseBeforeMethod" is-config="true" duration-ms="2" started-at="2012-09-11T07:16:39Z" finished-at="2012-09-11T07:16:39Z">
        </test-method>
        <test-method status="PASS" signature="beforeMethod()" name="beforeMethod" is-config="true" duration-ms="2" started-at="2012-09-11T07:11:14Z" finished-at="2012-09-11T07:11:14Z">
        </test-method>
        <test-method status="PASS" signature="deleteNetworkPoolIsolationBackedNotInUse()" name="deleteNetworkPoolIsolationBackedNotInUse" duration-ms="108799" started-at="2012-09-11T07:18:25Z" description="TestId:230386 Delete Isolation-backed network pool that isn&#039;t in use." finished-at="2012-09-11T07:20:14Z">
        </test-method>
        <test-method status="PASS" signature="beforeMethod()" name="beforeMethod" is-config="true" duration-ms="2" started-at="2012-09-11T07:16:39Z" finished-at="2012-09-11T07:16:39Z">
        </test-method>
        <test-method status="PASS" signature="accessTestBaseAfterMethod()" name="accessTestBaseAfterMethod" is-config="true" duration-ms="165" started-at="2012-09-11T07:20:14Z" finished-at="2012-09-11T07:20:14Z">
        </test-method>
        <test-method status="PASS" signature="beforeMethod()" name="beforeMethod" is-config="true" duration-ms="2" started-at="2012-09-11T07:18:25Z" finished-at="2012-09-11T07:18:25Z">
        </test-method>
        <test-method status="PASS" signature="accessTestBaseBeforeMethod()" name="accessTestBaseBeforeMethod" is-config="true" duration-ms="7" started-at="2012-09-11T07:11:14Z" finished-at="2012-09-11T07:11:14Z">
        </test-method>
        <test-method status="PASS" signature="accessTestBaseAfterMethod()" name="accessTestBaseAfterMethod" is-config="true" duration-ms="211" started-at="2012-09-11T07:16:38Z" finished-at="2012-09-11T07:16:39Z">
        </test-method>
      </class>
      <class name="com.vmware.qe.vcloud.tests.server.c2.vapplifecycle.VappVmActionsTests">
        <test-method status="PASS" signature="accessTestBaseAfterMethod()" name="accessTestBaseAfterMethod" is-config="true" duration-ms="6236" started-at="2012-09-11T08:20:01Z" finished-at="2012-09-11T08:20:07Z">
        </test-method>
        <test-method status="PASS" signature="vAppVmPowerOffEdit()" name="vAppVmPowerOffEdit" duration-ms="37175" started-at="2012-09-11T08:19:24Z" description="Edit and verify power off vApp vm name and description" finished-at="2012-09-11T08:20:01Z">
        </test-method>
        <test-method status="PASS" signature="accessTestBaseAfterClass()" name="accessTestBaseAfterClass" is-config="true" duration-ms="20490" started-at="2012-09-11T08:20:07Z" finished-at="2012-09-11T08:20:28Z">
        </test-method>
        <test-method status="PASS" signature="vAppVmDelete()" name="vAppVmDelete" duration-ms="135028" started-at="2012-09-11T08:17:09Z" description="delete vApp vm" finished-at="2012-09-11T08:19:24Z">
        </test-method>
        <test-method status="PASS" signature="accessTestBaseAfterMethod()" name="accessTestBaseAfterMethod" is-config="true" duration-ms="8" started-at="2012-09-11T08:19:24Z" finished-at="2012-09-11T08:19:24Z">
        </test-method>
        <test-method status="PASS" signature="accessTestBaseBeforeMethod()" name="accessTestBaseBeforeMethod" is-config="true" duration-ms="6" started-at="2012-09-11T08:17:09Z" finished-at="2012-09-11T08:17:09Z">
        </test-method>
        <test-method status="PASS" signature="accessTestBaseBeforeClass()" name="accessTestBaseBeforeClass" is-config="true" duration-ms="1939" started-at="2012-09-11T08:17:07Z" finished-at="2012-09-11T08:17:09Z">
        </test-method>
        <test-method status="PASS" signature="accessTestBaseBeforeMethod()" name="accessTestBaseBeforeMethod" is-config="true" duration-ms="2" started-at="2012-09-11T08:19:24Z" finished-at="2012-09-11T08:19:24Z">
        </test-method>
      </class>
      <class name="com.vmware.qe.vcloud.tests.server.rm.orgvdc.OrgVdcPayGo">
        <test-method status="PASS" signature="accessTestBaseBeforeClass()" name="accessTestBaseBeforeClass" is-config="true" duration-ms="1841" started-at="2012-09-11T08:41:14Z" finished-at="2012-09-11T08:41:15Z">
        </test-method>
        <test-method status="FAIL" signature="createBasicPayGovDCandPowerOnVapp()" name="createBasicPayGovDCandPowerOnVapp" duration-ms="155058" started-at="2012-09-11T08:41:15Z" finished-at="2012-09-11T08:43:50Z">
          <exception class="com.vmware.qe.vcloud.server.ServiceException">
            <message>
              <![CDATA[Task failed || class com.vmware.qe.vcloud.server.impl.rest.ServiceRestException: Task FailedBatch update returned unexpected row count from update [0]; actual row count: 0; expected: 1]]>
            </message>
            <full-stacktrace>
              <![CDATA[com.vmware.qe.vcloud.server.ServiceException: Task failed || class com.vmware.qe.vcloud.server.impl.rest.ServiceRestException: Task FailedBatch update returned unexpected row count from update [0]; actual row count: 0; expected: 1
	at com.vmware.qe.vcloud.server.impl.rest.BaseServiceImpl.waitForTaskCompletion(BaseServiceImpl.java:176)
	at com.vmware.qe.vcloud.server.impl.rest.BaseServiceImpl.waitForTaskCompletion(BaseServiceImpl.java:189)
	at com.vmware.qe.vcloud.server.impl.rest.VAppServiceImpl.powerOn(VAppServiceImpl.java:261)
	at com.vmware.qe.vcloud.tests.server.rm.orgvdc.OrgVdcPayGo.createPayGoVdcAndPowerOnVapp(OrgVdcPayGo.java:68)
	at com.vmware.qe.vcloud.tests.server.rm.orgvdc.OrgVdcPayGo.createBasicPayGovDCandPowerOnVapp(OrgVdcPayGo.java:27)
	at sun.reflect.NativeMethodAccessorImpl.invoke0(Native Method)
	at sun.reflect.NativeMethodAccessorImpl.invoke(NativeMethodAccessorImpl.java:57)
	at sun.reflect.DelegatingMethodAccessorImpl.invoke(DelegatingMethodAccessorImpl.java:43)
	at java.lang.reflect.Method.invoke(Method.java:616)
	at org.testng.internal.MethodInvocationHelper.invokeMethod(MethodInvocationHelper.java:80)
	at org.testng.internal.Invoker.invokeMethod(Invoker.java:673)
	at org.testng.internal.Invoker.invokeTestMethod(Invoker.java:842)
	at org.testng.internal.Invoker.invokeTestMethods(Invoker.java:1166)
	at org.testng.internal.TestMethodWorker.invokeTestMethods(TestMethodWorker.java:125)
	at org.testng.internal.TestMethodWorker.run(TestMethodWorker.java:109)
	at org.testng.TestRunner.runWorkers(TestRunner.java:1178)
	at org.testng.TestRunner.privateRun(TestRunner.java:757)
	at org.testng.TestRunner.run(TestRunner.java:608)
	at org.testng.SuiteRunner.runTest(SuiteRunner.java:334)
	at org.testng.SuiteRunner.runSequentially(SuiteRunner.java:329)
	at org.testng.SuiteRunner.privateRun(SuiteRunner.java:291)
	at org.testng.SuiteRunner.run(SuiteRunner.java:240)
	at org.testng.SuiteRunnerWorker.runSuite(SuiteRunnerWorker.java:52)
	at org.testng.SuiteRunnerWorker.run(SuiteRunnerWorker.java:86)
	at org.testng.TestNG.runSuitesSequentially(TestNG.java:1158)
	at org.testng.TestNG.runSuitesLocally(TestNG.java:1083)
	at org.testng.TestNG.run(TestNG.java:999)
	at org.testng.TestNG.privateMain(TestNG.java:1301)
	at org.testng.TestNG.main(TestNG.java:1265)
]]>
            </full-stacktrace>
          </exception>
        </test-method>
        <test-method status="PASS" signature="accessTestBaseAfterClass()" name="accessTestBaseAfterClass" is-config="true" duration-ms="13785" started-at="2012-09-11T08:44:07Z" finished-at="2012-09-11T08:44:20Z">
        </test-method>
        <test-method status="PASS" signature="accessTestBaseAfterMethod()" name="accessTestBaseAfterMethod" is-config="true" duration-ms="16221" started-at="2012-09-11T08:43:50Z" finished-at="2012-09-11T08:44:07Z">
        </test-method>
        <test-method status="PASS" signature="accessTestBaseBeforeMethod()" name="accessTestBaseBeforeMethod" is-config="true" duration-ms="8" started-at="2012-09-11T08:41:15Z" finished-at="2012-09-11T08:41:15Z">
        </test-method>
      </class>
      <class name="com.vmware.qe.vcloud.tests.server.c2.vapplifecycle.VappCopyMove">
        <test-method status="PASS" signature="afterClass()" name="afterClass" is-config="true" duration-ms="472" started-at="2012-09-11T08:16:37Z" finished-at="2012-09-11T08:16:37Z">
        </test-method>
        <test-method status="PASS" signature="copyVAppCrossVc()" name="copyVAppCrossVc" duration-ms="179058" started-at="2012-09-11T08:12:55Z" finished-at="2012-09-11T08:15:54Z">
        </test-method>
        <test-method status="PASS" signature="accessTestBaseBeforeMethod()" name="accessTestBaseBeforeMethod" is-config="true" duration-ms="2" started-at="2012-09-11T08:16:01Z" finished-at="2012-09-11T08:16:01Z">
        </test-method>
        <test-method status="PASS" signature="accessTestBaseAfterMethod()" name="accessTestBaseAfterMethod" is-config="true" duration-ms="6728" started-at="2012-09-11T08:15:54Z" finished-at="2012-09-11T08:16:01Z">
        </test-method>
        <test-method status="PASS" signature="accessTestBaseAfterClass()" name="accessTestBaseAfterClass" is-config="true" duration-ms="29329" started-at="2012-09-11T08:16:37Z" finished-at="2012-09-11T08:17:07Z">
        </test-method>
        <test-method status="PASS" signature="copyVappCrossOrgVdcSameVc()" name="copyVappCrossOrgVdcSameVc" duration-ms="28877" started-at="2012-09-11T08:16:01Z" finished-at="2012-09-11T08:16:30Z">
        </test-method>
        <test-method status="PASS" signature="accessTestBaseAfterMethod()" name="accessTestBaseAfterMethod" is-config="true" duration-ms="6862" started-at="2012-09-11T08:16:30Z" finished-at="2012-09-11T08:16:37Z">
        </test-method>
        <test-method status="PASS" signature="accessTestBaseBeforeMethod()" name="accessTestBaseBeforeMethod" is-config="true" duration-ms="2" started-at="2012-09-11T08:12:55Z" finished-at="2012-09-11T08:12:55Z">
        </test-method>
        <test-method status="PASS" signature="accessTestBaseBeforeClass()" name="accessTestBaseBeforeClass" is-config="true" duration-ms="1837" started-at="2012-09-11T08:12:23Z" finished-at="2012-09-11T08:12:25Z">
        </test-method>
        <test-method status="PASS" signature="beforeClass()" name="beforeClass" is-config="true" duration-ms="30049" started-at="2012-09-11T08:12:25Z" finished-at="2012-09-11T08:12:55Z">
        </test-method>
      </class>
      <class name="com.vmware.qe.vcloud.tests.server.c2.fastProvisioning.ShadowVmTest">
        <test-method status="PASS" signature="shadowVmCrossVcCopy()" name="shadowVmCrossVcCopy" duration-ms="61222" started-at="2012-09-11T06:54:29Z" description="shadow vm will be created when copying across vc" finished-at="2012-09-11T06:55:30Z">
        </test-method>
        <test-method status="PASS" signature="accessTestBaseAfterMethod()" name="accessTestBaseAfterMethod" is-config="true" duration-ms="5385" started-at="2012-09-11T06:55:30Z" finished-at="2012-09-11T06:55:35Z">
        </test-method>
        <test-method status="PASS" signature="beforeClass()" name="beforeClass" is-config="true" duration-ms="390249" started-at="2012-09-11T06:45:52Z" finished-at="2012-09-11T06:52:22Z">
        </test-method>
        <test-method status="PASS" signature="accessTestBaseBeforeClass()" name="accessTestBaseBeforeClass" is-config="true" duration-ms="2169" started-at="2012-09-11T06:45:50Z" finished-at="2012-09-11T06:45:52Z">
        </test-method>
        <test-method status="PASS" signature="accessTestBaseBeforeMethod()" name="accessTestBaseBeforeMethod" is-config="true" duration-ms="3" started-at="2012-09-11T06:52:22Z" finished-at="2012-09-11T06:52:22Z">
        </test-method>
        <test-method status="PASS" signature="beforeMethod()" name="beforeMethod" is-config="true" duration-ms="126828" started-at="2012-09-11T06:52:22Z" finished-at="2012-09-11T06:54:29Z">
        </test-method>
        <test-method status="PASS" signature="accessTestBaseAfterClass()" name="accessTestBaseAfterClass" is-config="true" duration-ms="18919" started-at="2012-09-11T06:55:35Z" finished-at="2012-09-11T06:55:54Z">
        </test-method>
      </class>
      <class name="com.vmware.qe.vcloud.tests.server.c2.vapplifecycle.VappImportVm">
        <test-method status="PASS" signature="beforeClass()" name="beforeClass" is-config="true" duration-ms="92885" started-at="2012-09-11T07:44:49Z" finished-at="2012-09-11T07:46:22Z">
        </test-method>
        <test-method status="PASS" signature="accessTestBaseAfterMethod()" name="accessTestBaseAfterMethod" is-config="true" duration-ms="17895" started-at="2012-09-11T07:49:06Z" finished-at="2012-09-11T07:49:24Z">
        </test-method>
        <test-method status="PASS" signature="accessTestBaseBeforeClass()" name="accessTestBaseBeforeClass" is-config="true" duration-ms="1921" started-at="2012-09-11T07:44:47Z" finished-at="2012-09-11T07:44:49Z">
        </test-method>
        <test-method status="PASS" signature="afterClass()" name="afterClass" is-config="true" duration-ms="3239" started-at="2012-09-11T07:49:24Z" finished-at="2012-09-11T07:49:28Z">
        </test-method>
        <test-method status="PASS" signature="accessTestBaseBeforeMethod()" name="accessTestBaseBeforeMethod" is-config="true" duration-ms="2" started-at="2012-09-11T07:46:22Z" finished-at="2012-09-11T07:46:22Z">
        </test-method>
        <test-method status="PASS" signature="importVmIntoExistingVappCopy()" name="importVmIntoExistingVappCopy" duration-ms="164402" started-at="2012-09-11T07:46:22Z" description="Import-copy Vm into existing vApp and power on" finished-at="2012-09-11T07:49:06Z">
        </test-method>
        <test-method status="PASS" signature="accessTestBaseAfterClass()" name="accessTestBaseAfterClass" is-config="true" duration-ms="13811" started-at="2012-09-11T07:49:28Z" finished-at="2012-09-11T07:49:41Z">
        </test-method>
      </class>
      <class name="com.vmware.qe.vcloud.tests.server.c2.media.ImportMediaTest">
        <test-method status="PASS" signature="accessTestBaseAfterMethod()" name="accessTestBaseAfterMethod" is-config="true" duration-ms="8" started-at="2012-09-11T06:32:33Z" finished-at="2012-09-11T06:32:33Z">
        </test-method>
        <test-method status="PASS" signature="accessTestBaseBeforeClass()" name="accessTestBaseBeforeClass" is-config="true" duration-ms="1999" started-at="2012-09-11T06:31:49Z" finished-at="2012-09-11T06:31:51Z">
        </test-method>
        <test-method status="PASS" signature="beforeClass()" name="beforeClass" is-config="true" duration-ms="15958" started-at="2012-09-11T06:31:51Z" finished-at="2012-09-11T06:32:07Z">
        </test-method>
        <test-method status="PASS" signature="accessTestBaseBeforeMethod()" name="accessTestBaseBeforeMethod" is-config="true" duration-ms="2" started-at="2012-09-11T06:32:07Z" finished-at="2012-09-11T06:32:07Z">
        </test-method>
        <test-method status="PASS" signature="accessTestBaseAfterClass()" name="accessTestBaseAfterClass" is-config="true" duration-ms="11114" started-at="2012-09-11T06:32:52Z" finished-at="2012-09-11T06:33:03Z">
        </test-method>
        <test-method status="FAIL" signature="importMediaFromReadWriteNFS()" name="importMediaFromReadWriteNFS" duration-ms="25947" started-at="2012-09-11T06:32:07Z" description="Import Media from R/W NFS DS" finished-at="2012-09-11T06:32:33Z">
          <exception class="com.vmware.qe.vcloud.server.ServiceException">
            <message>
              <![CDATA[Invalid return code! Expected: 201 Actual: 500; Internal Server Error[majorCode=500; minorCode=INTERNAL_SERVER_ERROR] || class com.vmware.qe.vcloud.server.impl.rest.ServiceRestException: Invalid return code! Expected: 201 Actual: 500; Internal Server Error[majorCode=500; minorCode=INTERNAL_SERVER_ERROR]Internal Server Error]]>
            </message>
            <full-stacktrace>
              <![CDATA[com.vmware.qe.vcloud.server.ServiceException: Invalid return code! Expected: 201 Actual: 500; Internal Server Error[majorCode=500; minorCode=INTERNAL_SERVER_ERROR] || class com.vmware.qe.vcloud.server.impl.rest.ServiceRestException: Invalid return code! Expected: 201 Actual: 500; Internal Server Error[majorCode=500; minorCode=INTERNAL_SERVER_ERROR]Internal Server Error
	at com.vmware.qe.vcloud.server.impl.rest.RestClient.validateResponse(RestClient.java:552)
	at com.vmware.qe.vcloud.server.impl.rest.RestClient.postContent(RestClient.java:305)
	at com.vmware.qe.vcloud.server.impl.rest.RestClient.post(RestClient.java:287)
	at com.vmware.qe.vcloud.server.impl.rest.VdcServiceImpl.asyncImportFromVCenter(VdcServiceImpl.java:1819)
	at com.vmware.qe.vcloud.server.impl.rest.VdcServiceImpl.importFromVCenter(VdcServiceImpl.java:1792)
	at com.vmware.qe.vcloud.tests.server.c2.media.ImportMediaTest.importMedia(ImportMediaTest.java:171)
	at com.vmware.qe.vcloud.tests.server.c2.media.ImportMediaTest.importMediaFromReadWriteNFS(ImportMediaTest.java:71)
	at sun.reflect.NativeMethodAccessorImpl.invoke0(Native Method)
	at sun.reflect.NativeMethodAccessorImpl.invoke(NativeMethodAccessorImpl.java:57)
	at sun.reflect.DelegatingMethodAccessorImpl.invoke(DelegatingMethodAccessorImpl.java:43)
	at java.lang.reflect.Method.invoke(Method.java:616)
	at org.testng.internal.MethodInvocationHelper.invokeMethod(MethodInvocationHelper.java:80)
	at org.testng.internal.Invoker.invokeMethod(Invoker.java:673)
	at org.testng.internal.Invoker.invokeTestMethod(Invoker.java:842)
	at org.testng.internal.Invoker.invokeTestMethods(Invoker.java:1166)
	at org.testng.internal.TestMethodWorker.invokeTestMethods(TestMethodWorker.java:125)
	at org.testng.internal.TestMethodWorker.run(TestMethodWorker.java:109)
	at org.testng.TestRunner.runWorkers(TestRunner.java:1178)
	at org.testng.TestRunner.privateRun(TestRunner.java:757)
	at org.testng.TestRunner.run(TestRunner.java:608)
	at org.testng.SuiteRunner.runTest(SuiteRunner.java:334)
	at org.testng.SuiteRunner.runSequentially(SuiteRunner.java:329)
	at org.testng.SuiteRunner.privateRun(SuiteRunner.java:291)
	at org.testng.SuiteRunner.run(SuiteRunner.java:240)
	at org.testng.SuiteRunnerWorker.runSuite(SuiteRunnerWorker.java:52)
	at org.testng.SuiteRunnerWorker.run(SuiteRunnerWorker.java:86)
	at org.testng.TestNG.runSuitesSequentially(TestNG.java:1158)
	at org.testng.TestNG.runSuitesLocally(TestNG.java:1083)
	at org.testng.TestNG.run(TestNG.java:999)
	at org.testng.TestNG.privateMain(TestNG.java:1301)
	at org.testng.TestNG.main(TestNG.java:1265)
]]>
            </full-stacktrace>
          </exception>
        </test-method>
        <test-method status="PASS" signature="afterClass()" name="afterClass" is-config="true" duration-ms="19806" started-at="2012-09-11T06:32:33Z" finished-at="2012-09-11T06:32:52Z">
        </test-method>
      </class>
      <class name="com.vmware.qe.vcloud.tests.server.networking.networkmanagement.systemscope.networkpools.VMwareNetworkPoolModify">
        <test-method status="PASS" signature="accessTestBaseBeforeMethod()" name="accessTestBaseBeforeMethod" is-config="true" duration-ms="5" started-at="2012-09-11T07:07:47Z" finished-at="2012-09-11T07:07:47Z">
        </test-method>
        <test-method status="PASS" signature="modifyIsolationBackedNetworkPoolIsolatedNetworks()" name="modifyIsolationBackedNetworkPoolIsolatedNetworks" duration-ms="62938" started-at="2012-09-11T07:09:17Z" description="Isolation-backed Network Pool - Modify network pool: Number of networks." finished-at="2012-09-11T07:10:20Z">
        </test-method>
        <test-method status="PASS" signature="accessTestBaseAfterClass()" name="accessTestBaseAfterClass" is-config="true" duration-ms="845" started-at="2012-09-11T07:11:12Z" finished-at="2012-09-11T07:11:12Z">
        </test-method>
        <test-method status="PASS" signature="accessTestBaseAfterMethod()" name="accessTestBaseAfterMethod" is-config="true" duration-ms="51617" started-at="2012-09-11T07:10:20Z" finished-at="2012-09-11T07:11:12Z">
        </test-method>
        <test-method status="PASS" signature="beforeMethod()" name="beforeMethod" is-config="true" duration-ms="90003" started-at="2012-09-11T07:07:47Z" finished-at="2012-09-11T07:09:17Z">
        </test-method>
        <test-method status="PASS" signature="accessTestBaseBeforeClass()" name="accessTestBaseBeforeClass" is-config="true" duration-ms="2163" started-at="2012-09-11T07:07:45Z" finished-at="2012-09-11T07:07:47Z">
        </test-method>
      </class>
      <class name="com.vmware.qe.vcloud.tests.server.networking.networkmanagement.systemscope.orgvdcnets.DeleteOrgVDCNets">
        <test-method status="PASS" signature="accessTestBaseBeforeMethod()" name="accessTestBaseBeforeMethod" is-config="true" duration-ms="2" started-at="2012-09-11T08:08:39Z" finished-at="2012-09-11T08:08:39Z">
        </test-method>
        <test-method status="PASS" signature="accessTestBaseBeforeClass()" name="accessTestBaseBeforeClass" is-config="true" duration-ms="2181" started-at="2012-09-11T08:05:26Z" finished-at="2012-09-11T08:05:28Z">
        </test-method>
        <test-method status="PASS" signature="accessTestBaseAfterClass()" name="accessTestBaseAfterClass" is-config="true" duration-ms="16050" started-at="2012-09-11T08:12:07Z" finished-at="2012-09-11T08:12:23Z">
        </test-method>
        <test-method status="PASS" signature="accessTestBaseAfterMethod()" name="accessTestBaseAfterMethod" is-config="true" duration-ms="8" started-at="2012-09-11T08:06:04Z" finished-at="2012-09-11T08:06:04Z">
        </test-method>
        <test-method status="PASS" signature="deleteRoutedOrgVdcNetNotInUse()" name="deleteRoutedOrgVdcNetNotInUse" duration-ms="207727" started-at="2012-09-11T08:08:39Z" description="Delete org vDC network that isn&#039;t in use: routed" finished-at="2012-09-11T08:12:07Z">
        </test-method>
        <test-method status="PASS" signature="deleteDirectOrgVdcNetNotInUse()" name="deleteDirectOrgVdcNetNotInUse" duration-ms="36415" started-at="2012-09-11T08:05:28Z" description="Delete org vDC network that isn&#039;t in use: direct" finished-at="2012-09-11T08:06:04Z">
        </test-method>
        <test-method status="PASS" signature="accessTestBaseBeforeMethod()" name="accessTestBaseBeforeMethod" is-config="true" duration-ms="2" started-at="2012-09-11T08:06:04Z" finished-at="2012-09-11T08:06:04Z">
        </test-method>
        <test-method status="PASS" signature="accessTestBaseBeforeMethod()" name="accessTestBaseBeforeMethod" is-config="true" duration-ms="5" started-at="2012-09-11T08:05:28Z" finished-at="2012-09-11T08:05:28Z">
        </test-method>
        <test-method status="PASS" signature="deleteInternalOrgVdcNetNotInUse()" name="deleteInternalOrgVdcNetNotInUse" duration-ms="155040" started-at="2012-09-11T08:06:04Z" description="Delete org vDC network that isn&#039;t in use: isolated" finished-at="2012-09-11T08:08:39Z">
        </test-method>
        <test-method status="PASS" signature="accessTestBaseAfterMethod()" name="accessTestBaseAfterMethod" is-config="true" duration-ms="231" started-at="2012-09-11T08:12:07Z" finished-at="2012-09-11T08:12:07Z">
        </test-method>
        <test-method status="PASS" signature="accessTestBaseAfterMethod()" name="accessTestBaseAfterMethod" is-config="true" duration-ms="219" started-at="2012-09-11T08:08:39Z" finished-at="2012-09-11T08:08:39Z">
        </test-method>
      </class>
      <class name="com.vmware.qe.vcloud.tests.server.c2.hardware.HardwareV8">
        <test-method status="PASS" signature="accessTestBaseAfterClass()" name="accessTestBaseAfterClass" is-config="true" duration-ms="747" started-at="2012-09-11T07:41:29Z" finished-at="2012-09-11T07:41:30Z">
        </test-method>
        <test-method status="PASS" signature="accessTestBaseBeforeClass()" name="accessTestBaseBeforeClass" is-config="true" duration-ms="2109" started-at="2012-09-11T07:39:17Z" finished-at="2012-09-11T07:39:19Z">
        </test-method>
        <test-method status="PASS" signature="cleanupNewEntities()" name="cleanupNewEntities" is-config="true" duration-ms="218" started-at="2012-09-11T07:41:29Z" finished-at="2012-09-11T07:41:29Z">
        </test-method>
        <test-method status="PASS" signature="upgradeHw7ToHW8inPVDCUploadHw8Template()" name="upgradeHw7ToHW8inPVDCUploadHw8Template" duration-ms="101715" started-at="2012-09-11T07:39:20Z" finished-at="2012-09-11T07:41:02Z">
        </test-method>
        <test-method status="PASS" signature="setupEnvironment()" name="setupEnvironment" is-config="true" duration-ms="699" started-at="2012-09-11T07:39:19Z" finished-at="2012-09-11T07:39:20Z">
        </test-method>
        <test-method status="PASS" signature="accessTestBaseBeforeMethod()" name="accessTestBaseBeforeMethod" is-config="true" duration-ms="2" started-at="2012-09-11T07:39:20Z" finished-at="2012-09-11T07:39:20Z">
        </test-method>
        <test-method status="PASS" signature="accessTestBaseAfterMethod()" name="accessTestBaseAfterMethod" is-config="true" duration-ms="27679" started-at="2012-09-11T07:41:02Z" finished-at="2012-09-11T07:41:29Z">
        </test-method>
      </class>
      <class name="com.vmware.qe.vcloud.tests.server.c2.fastProvisioning.RelocateVmTest">
        <test-method status="FAIL" signature="relocateVappTemplateVm()" name="relocateVappTemplateVm" duration-ms="110409" started-at="2012-09-11T07:05:09Z" description="FP: relocate Catalog vm with chain length to another datastore" finished-at="2012-09-11T07:06:59Z">
          <exception class="com.vmware.qe.vcloud.server.ServiceException">
            <message>
              <![CDATA[Invalid return code! Expected: 202 Actual: 400; The entity  is busy completing an operation.[majorCode=400; minorCode=BUSY_ENTITY] || class com.vmware.qe.vcloud.server.impl.rest.ServiceRestException: Invalid return code! Expected: 202 Actual: 400; The entity  is busy completing an operation.[majorCode=400; minorCode=BUSY_ENTITY]The entity  is busy completing an operation.]]>
            </message>
            <full-stacktrace>
              <![CDATA[com.vmware.qe.vcloud.server.ServiceException: Invalid return code! Expected: 202 Actual: 400; The entity  is busy completing an operation.[majorCode=400; minorCode=BUSY_ENTITY] || class com.vmware.qe.vcloud.server.impl.rest.ServiceRestException: Invalid return code! Expected: 202 Actual: 400; The entity  is busy completing an operation.[majorCode=400; minorCode=BUSY_ENTITY]The entity  is busy completing an operation.
	at com.vmware.qe.vcloud.server.impl.rest.RestClient.validateResponse(RestClient.java:552)
	at com.vmware.qe.vcloud.server.impl.rest.RestClient.postContent(RestClient.java:305)
	at com.vmware.qe.vcloud.server.impl.rest.RestClient.post(RestClient.java:287)
	at com.vmware.qe.vcloud.server.impl.rest.VAppServiceImpl.asyncRelocate(VAppServiceImpl.java:854)
	at com.vmware.qe.vcloud.server.impl.rest.VAppServiceImpl.relocate(VAppServiceImpl.java:834)
	at com.vmware.qe.vcloud.tests.server.c2.fastProvisioning.RelocateVmTest.relocateVappTemplateVm(RelocateVmTest.java:45)
	at sun.reflect.NativeMethodAccessorImpl.invoke0(Native Method)
	at sun.reflect.NativeMethodAccessorImpl.invoke(NativeMethodAccessorImpl.java:57)
	at sun.reflect.DelegatingMethodAccessorImpl.invoke(DelegatingMethodAccessorImpl.java:43)
	at java.lang.reflect.Method.invoke(Method.java:616)
	at org.testng.internal.MethodInvocationHelper.invokeMethod(MethodInvocationHelper.java:80)
	at org.testng.internal.Invoker.invokeMethod(Invoker.java:673)
	at org.testng.internal.Invoker.invokeTestMethod(Invoker.java:842)
	at org.testng.internal.Invoker.invokeTestMethods(Invoker.java:1166)
	at org.testng.internal.TestMethodWorker.invokeTestMethods(TestMethodWorker.java:125)
	at org.testng.internal.TestMethodWorker.run(TestMethodWorker.java:109)
	at org.testng.TestRunner.runWorkers(TestRunner.java:1178)
	at org.testng.TestRunner.privateRun(TestRunner.java:757)
	at org.testng.TestRunner.run(TestRunner.java:608)
	at org.testng.SuiteRunner.runTest(SuiteRunner.java:334)
	at org.testng.SuiteRunner.runSequentially(SuiteRunner.java:329)
	at org.testng.SuiteRunner.privateRun(SuiteRunner.java:291)
	at org.testng.SuiteRunner.run(SuiteRunner.java:240)
	at org.testng.SuiteRunnerWorker.runSuite(SuiteRunnerWorker.java:52)
	at org.testng.SuiteRunnerWorker.run(SuiteRunnerWorker.java:86)
	at org.testng.TestNG.runSuitesSequentially(TestNG.java:1158)
	at org.testng.TestNG.runSuitesLocally(TestNG.java:1083)
	at org.testng.TestNG.run(TestNG.java:999)
	at org.testng.TestNG.privateMain(TestNG.java:1301)
	at org.testng.TestNG.main(TestNG.java:1265)
]]>
            </full-stacktrace>
          </exception>
        </test-method>
        <test-method status="PASS" signature="accessTestBaseAfterMethod()" name="accessTestBaseAfterMethod" is-config="true" duration-ms="2584" started-at="2012-09-11T07:06:59Z" finished-at="2012-09-11T07:07:02Z">
        </test-method>
        <test-method status="PASS" signature="accessTestBaseBeforeClass()" name="accessTestBaseBeforeClass" is-config="true" duration-ms="1998" started-at="2012-09-11T07:04:35Z" finished-at="2012-09-11T07:04:37Z">
        </test-method>
        <test-method status="PASS" signature="beforeClass()" name="beforeClass" is-config="true" duration-ms="32272" started-at="2012-09-11T07:04:37Z" finished-at="2012-09-11T07:05:09Z">
        </test-method>
        <test-method status="PASS" signature="accessTestBaseBeforeMethod()" name="accessTestBaseBeforeMethod" is-config="true" duration-ms="2" started-at="2012-09-11T07:05:09Z" finished-at="2012-09-11T07:05:09Z">
        </test-method>
        <test-method status="PASS" signature="accessTestBaseAfterClass()" name="accessTestBaseAfterClass" is-config="true" duration-ms="13416" started-at="2012-09-11T07:07:02Z" finished-at="2012-09-11T07:07:15Z">
        </test-method>
      </class>
      <class name="com.vmware.qe.vcloud.tests.server.networking.networkmanagement.systemscope.networkpools.VMwarePortgroupBackedNetworkPoolModify">
        <test-method status="PASS" signature="modifyRegPortgroupBackedNetworkPoolAddPortgroup()" name="modifyRegPortgroupBackedNetworkPoolAddPortgroup" duration-ms="21277" started-at="2012-09-11T07:07:17Z" finished-at="2012-09-11T07:07:39Z">
        </test-method>
        <test-method status="PASS" signature="accessTestBaseBeforeMethod()" name="accessTestBaseBeforeMethod" is-config="true" duration-ms="5" started-at="2012-09-11T07:07:17Z" finished-at="2012-09-11T07:07:17Z">
        </test-method>
        <test-method status="PASS" signature="accessTestBaseAfterMethod()" name="accessTestBaseAfterMethod" is-config="true" duration-ms="5614" started-at="2012-09-11T07:07:39Z" finished-at="2012-09-11T07:07:44Z">
        </test-method>
        <test-method status="PASS" signature="accessTestBaseBeforeClass()" name="accessTestBaseBeforeClass" is-config="true" duration-ms="1994" started-at="2012-09-11T07:07:15Z" finished-at="2012-09-11T07:07:17Z">
        </test-method>
        <test-method status="PASS" signature="accessTestBaseAfterClass()" name="accessTestBaseAfterClass" is-config="true" duration-ms="689" started-at="2012-09-11T07:07:44Z" finished-at="2012-09-11T07:07:45Z">
        </test-method>
      </class>
      <class name="com.vmware.qe.vcloud.tests.server.rm.orgvdc.OrgVdcAllocationPool">
        <test-method status="PASS" signature="accessTestBaseAfterMethod()" name="accessTestBaseAfterMethod" is-config="true" duration-ms="17016" started-at="2012-09-11T08:31:54Z" finished-at="2012-09-11T08:32:11Z">
        </test-method>
        <test-method status="PASS" signature="accessTestBaseBeforeClass()" name="accessTestBaseBeforeClass" is-config="true" duration-ms="1961" started-at="2012-09-11T08:29:32Z" finished-at="2012-09-11T08:29:34Z">
        </test-method>
        <test-method status="PASS" signature="accessTestBaseBeforeMethod()" name="accessTestBaseBeforeMethod" is-config="true" duration-ms="9" started-at="2012-09-11T08:29:34Z" finished-at="2012-09-11T08:29:34Z">
        </test-method>
        <test-method status="FAIL" signature="createAllocationPoolvDCAndPowerOnVappBasicGuarantee()" name="createAllocationPoolvDCAndPowerOnVappBasicGuarantee" duration-ms="140264" started-at="2012-09-11T08:29:34Z" finished-at="2012-09-11T08:31:54Z">
          <exception class="com.vmware.qe.vcloud.server.ServiceException">
            <message>
              <![CDATA[Task failed || class com.vmware.qe.vcloud.server.impl.rest.ServiceRestException: Task FailedOne or more exceptions have occurred  - The operation failed because no suitable resource was found.  - The operation failed because no suitable resource was found.]]>
            </message>
            <full-stacktrace>
              <![CDATA[com.vmware.qe.vcloud.server.ServiceException: Task failed || class com.vmware.qe.vcloud.server.impl.rest.ServiceRestException: Task FailedOne or more exceptions have occurred  - The operation failed because no suitable resource was found.  - The operation failed because no suitable resource was found.
	at com.vmware.qe.vcloud.server.impl.rest.BaseServiceImpl.waitForTaskCompletion(BaseServiceImpl.java:176)
	at com.vmware.qe.vcloud.server.impl.rest.BaseServiceImpl.waitForTaskCompletion(BaseServiceImpl.java:189)
	at com.vmware.qe.vcloud.server.impl.rest.VAppServiceImpl.powerOn(VAppServiceImpl.java:261)
	at com.vmware.qe.vcloud.tests.server.rm.orgvdc.OrgVdcAllocationPool.createAllocationPoolvDCAndPowerOnVapp(OrgVdcAllocationPool.java:128)
	at com.vmware.qe.vcloud.tests.server.rm.orgvdc.OrgVdcAllocationPool.createAllocationPoolvDCAndPowerOnVappBasicGuarantee(OrgVdcAllocationPool.java:34)
	at sun.reflect.NativeMethodAccessorImpl.invoke0(Native Method)
	at sun.reflect.NativeMethodAccessorImpl.invoke(NativeMethodAccessorImpl.java:57)
	at sun.reflect.DelegatingMethodAccessorImpl.invoke(DelegatingMethodAccessorImpl.java:43)
	at java.lang.reflect.Method.invoke(Method.java:616)
	at org.testng.internal.MethodInvocationHelper.invokeMethod(MethodInvocationHelper.java:80)
	at org.testng.internal.Invoker.invokeMethod(Invoker.java:673)
	at org.testng.internal.Invoker.invokeTestMethod(Invoker.java:842)
	at org.testng.internal.Invoker.invokeTestMethods(Invoker.java:1166)
	at org.testng.internal.TestMethodWorker.invokeTestMethods(TestMethodWorker.java:125)
	at org.testng.internal.TestMethodWorker.run(TestMethodWorker.java:109)
	at org.testng.TestRunner.runWorkers(TestRunner.java:1178)
	at org.testng.TestRunner.privateRun(TestRunner.java:757)
	at org.testng.TestRunner.run(TestRunner.java:608)
	at org.testng.SuiteRunner.runTest(SuiteRunner.java:334)
	at org.testng.SuiteRunner.runSequentially(SuiteRunner.java:329)
	at org.testng.SuiteRunner.privateRun(SuiteRunner.java:291)
	at org.testng.SuiteRunner.run(SuiteRunner.java:240)
	at org.testng.SuiteRunnerWorker.runSuite(SuiteRunnerWorker.java:52)
	at org.testng.SuiteRunnerWorker.run(SuiteRunnerWorker.java:86)
	at org.testng.TestNG.runSuitesSequentially(TestNG.java:1158)
	at org.testng.TestNG.runSuitesLocally(TestNG.java:1083)
	at org.testng.TestNG.run(TestNG.java:999)
	at org.testng.TestNG.privateMain(TestNG.java:1301)
	at org.testng.TestNG.main(TestNG.java:1265)
]]>
            </full-stacktrace>
          </exception>
        </test-method>
        <test-method status="PASS" signature="accessTestBaseAfterClass()" name="accessTestBaseAfterClass" is-config="true" duration-ms="13651" started-at="2012-09-11T08:32:11Z" finished-at="2012-09-11T08:32:24Z">
        </test-method>
      </class>
      <class name="com.vmware.qe.vcloud.tests.server.ee.authentication.SystemLocalUsers">
        <test-method status="PASS" signature="beforeClass()" name="beforeClass" is-config="true" duration-ms="18" started-at="2012-09-11T06:40:29Z" finished-at="2012-09-11T06:40:29Z">
        </test-method>
        <test-method status="PASS" signature="disableSysAdminNEGATIVE(java.lang.String, int)" name="P0_EEAUTH005_disableSysAdminNEGATIVE" duration-ms="1450" started-at="2012-09-11T06:40:31Z" finished-at="2012-09-11T06:40:32Z">
          <params>
            <param index="0">
              <value>
                <![CDATA[EEAUTH005]]>
              </value>
            </param>
            <param index="1">
              <value>
                <![CDATA[0]]>
              </value>
            </param>
          </params>
          <exception class="com.vmware.qe.vcloud.server.ServiceAuthenticationException">
            <message>
              <![CDATA[Authentication failed for user: systemlocaluserspebpbt@system || class com.vmware.qe.vcloud.server.ServiceAuthenticationException: Authentication failed for user: @System || class com.vmware.qe.vcloud.server.impl.rest.ServiceRestException: Invalid return code! Expected: 200 Actual: 401; ]]>
            </message>
            <full-stacktrace>
              <![CDATA[com.vmware.qe.vcloud.server.ServiceAuthenticationException: Authentication failed for user: systemlocaluserspebpbt@system || class com.vmware.qe.vcloud.server.ServiceAuthenticationException: Authentication failed for user: @System || class com.vmware.qe.vcloud.server.impl.rest.ServiceRestException: Invalid return code! Expected: 200 Actual: 401; 
	at com.vmware.qe.vcloud.server.impl.rest.RestClient.login(RestClient.java:230)
	at com.vmware.qe.vcloud.server.impl.rest.RestClient.login(RestClient.java:188)
	at com.vmware.qe.vcloud.server.impl.rest.RestServiceManager.login(RestServiceManager.java:71)
	at com.vmware.qe.vcloud.server.impl.rest.ServiceManager.login(ServiceManager.java:67)
	at com.vmware.qe.vcloud.tests.server.ee.authentication.SystemLocalUsers.disableSysAdminNEGATIVE(SystemLocalUsers.java:48)
	at sun.reflect.NativeMethodAccessorImpl.invoke0(Native Method)
	at sun.reflect.NativeMethodAccessorImpl.invoke(NativeMethodAccessorImpl.java:57)
	at sun.reflect.DelegatingMethodAccessorImpl.invoke(DelegatingMethodAccessorImpl.java:43)
	at java.lang.reflect.Method.invoke(Method.java:616)
	at org.testng.internal.MethodInvocationHelper.invokeMethod(MethodInvocationHelper.java:80)
	at org.testng.internal.Invoker.invokeMethod(Invoker.java:673)
	at org.testng.internal.Invoker.invokeTestMethod(Invoker.java:842)
	at org.testng.internal.Invoker.invokeTestMethods(Invoker.java:1166)
	at org.testng.internal.TestMethodWorker.invokeTestMethods(TestMethodWorker.java:125)
	at org.testng.internal.TestMethodWorker.run(TestMethodWorker.java:109)
	at org.testng.TestRunner.runWorkers(TestRunner.java:1178)
	at org.testng.TestRunner.privateRun(TestRunner.java:757)
	at org.testng.TestRunner.run(TestRunner.java:608)
	at org.testng.SuiteRunner.runTest(SuiteRunner.java:334)
	at org.testng.SuiteRunner.runSequentially(SuiteRunner.java:329)
	at org.testng.SuiteRunner.privateRun(SuiteRunner.java:291)
	at org.testng.SuiteRunner.run(SuiteRunner.java:240)
	at org.testng.SuiteRunnerWorker.runSuite(SuiteRunnerWorker.java:52)
	at org.testng.SuiteRunnerWorker.run(SuiteRunnerWorker.java:86)
	at org.testng.TestNG.runSuitesSequentially(TestNG.java:1158)
	at org.testng.TestNG.runSuitesLocally(TestNG.java:1083)
	at org.testng.TestNG.run(TestNG.java:999)
	at org.testng.TestNG.privateMain(TestNG.java:1301)
	at org.testng.TestNG.main(TestNG.java:1265)
]]>
            </full-stacktrace>
          </exception>
        </test-method>
        <test-method status="PASS" signature="accessTestBaseBeforeMethod()" name="accessTestBaseBeforeMethod" is-config="true" duration-ms="2" started-at="2012-09-11T06:40:29Z" finished-at="2012-09-11T06:40:29Z">
        </test-method>
        <test-method status="PASS" signature="accessTestBaseAfterMethod()" name="accessTestBaseAfterMethod" is-config="true" duration-ms="243" started-at="2012-09-11T06:40:34Z" finished-at="2012-09-11T06:40:34Z">
        </test-method>
        <test-method status="PASS" signature="enableUser()" name="enableUser" duration-ms="1339" started-at="2012-09-11T06:40:32Z" finished-at="2012-09-11T06:40:34Z">
        </test-method>
        <test-method status="PASS" signature="createSystemUser()" name="createSystemUser" duration-ms="984" started-at="2012-09-11T06:40:29Z" finished-at="2012-09-11T06:40:30Z">
        </test-method>
        <test-method status="PASS" signature="accessTestBaseAfterClass()" name="accessTestBaseAfterClass" is-config="true" duration-ms="748" started-at="2012-09-11T06:40:34Z" finished-at="2012-09-11T06:40:35Z">
        </test-method>
        <test-method status="PASS" signature="accessTestBaseAfterMethod()" name="accessTestBaseAfterMethod" is-config="true" duration-ms="172" started-at="2012-09-11T06:40:32Z" finished-at="2012-09-11T06:40:32Z">
        </test-method>
        <test-method status="PASS" signature="afterMethod()" name="afterMethod" is-config="true" duration-ms="178" started-at="2012-09-11T06:40:30Z" finished-at="2012-09-11T06:40:30Z">
        </test-method>
        <test-method status="PASS" signature="afterMethod()" name="afterMethod" is-config="true" duration-ms="171" started-at="2012-09-11T06:40:32Z" finished-at="2012-09-11T06:40:32Z">
        </test-method>
        <test-method status="PASS" signature="afterMethod()" name="afterMethod" is-config="true" duration-ms="123" started-at="2012-09-11T06:40:34Z" finished-at="2012-09-11T06:40:34Z">
        </test-method>
        <test-method status="PASS" signature="accessTestBaseAfterMethod()" name="accessTestBaseAfterMethod" is-config="true" duration-ms="238" started-at="2012-09-11T06:40:30Z" finished-at="2012-09-11T06:40:30Z">
        </test-method>
        <test-method status="PASS" signature="accessTestBaseBeforeClass()" name="accessTestBaseBeforeClass" is-config="true" duration-ms="2076" started-at="2012-09-11T06:40:27Z" finished-at="2012-09-11T06:40:29Z">
        </test-method>
        <test-method status="PASS" signature="accessTestBaseBeforeMethod()" name="accessTestBaseBeforeMethod" is-config="true" duration-ms="1" started-at="2012-09-11T06:40:31Z" finished-at="2012-09-11T06:40:31Z">
        </test-method>
        <test-method status="PASS" signature="accessTestBaseBeforeMethod()" name="accessTestBaseBeforeMethod" is-config="true" duration-ms="2" started-at="2012-09-11T06:40:32Z" finished-at="2012-09-11T06:40:32Z">
        </test-method>
      </class>
      <class name="com.vmware.qe.vcloud.tests.server.ee.settings.orgadmin.orgpolicy.leases.VAppRuntimeStorageLeases">
        <test-method status="PASS" signature="beforeMethod()" name="beforeMethod" is-config="true" duration-ms="33007" started-at="2012-09-11T06:21:06Z" description="instantiate a new vapp for each test cases" finished-at="2012-09-11T06:21:39Z">
        </test-method>
        <test-method status="PASS" signature="beforeMethod()" name="beforeMethod" is-config="true" duration-ms="33407" started-at="2012-09-11T06:20:23Z" description="instantiate a new vapp for each test cases" finished-at="2012-09-11T06:20:56Z">
        </test-method>
        <test-method status="PASS" signature="changeToNewRuntimeLease()" name="changeToNewRuntimeLease" duration-ms="9529" started-at="2012-09-11T06:20:56Z" description="change vApp lease settings to new values, confirm the value change took place" finished-at="2012-09-11T06:21:06Z">
        </test-method>
        <test-method status="PASS" signature="accessTestBaseBeforeMethod()" name="accessTestBaseBeforeMethod" is-config="true" duration-ms="5" started-at="2012-09-11T06:20:23Z" finished-at="2012-09-11T06:20:23Z">
        </test-method>
        <test-method status="PASS" signature="accessTestBaseAfterClass()" name="accessTestBaseAfterClass" is-config="true" duration-ms="40224" started-at="2012-09-11T06:21:47Z" finished-at="2012-09-11T06:22:27Z">
        </test-method>
        <test-method status="PASS" signature="changeToNewStorageLease()" name="changeToNewStorageLease" duration-ms="8413" started-at="2012-09-11T06:21:39Z" description="change vApp lease settings to new values, confirm the value change took place" finished-at="2012-09-11T06:21:47Z">
        </test-method>
        <test-method status="PASS" signature="beforeClass()" name="beforeClass" is-config="true" duration-ms="1032815" started-at="2012-09-11T06:03:10Z" finished-at="2012-09-11T06:20:23Z">
        </test-method>
        <test-method status="PASS" signature="accessTestBaseAfterMethod()" name="accessTestBaseAfterMethod" is-config="true" duration-ms="9" started-at="2012-09-11T06:21:47Z" finished-at="2012-09-11T06:21:47Z">
        </test-method>
        <test-method status="PASS" signature="accessTestBaseBeforeMethod()" name="accessTestBaseBeforeMethod" is-config="true" duration-ms="2" started-at="2012-09-11T06:21:06Z" finished-at="2012-09-11T06:21:06Z">
        </test-method>
        <test-method status="PASS" signature="accessTestBaseAfterMethod()" name="accessTestBaseAfterMethod" is-config="true" duration-ms="13" started-at="2012-09-11T06:21:06Z" finished-at="2012-09-11T06:21:06Z">
        </test-method>
        <test-method status="PASS" signature="accessTestBaseBeforeClass()" name="accessTestBaseBeforeClass" is-config="true" duration-ms="6834" started-at="2012-09-11T06:03:03Z" finished-at="2012-09-11T06:03:10Z">
        </test-method>
      </class>
      <class name="com.vmware.qe.vcloud.tests.server.c2.media.MediaUpload">
        <test-method status="PASS" signature="afterClass()" name="afterClass" is-config="true" duration-ms="41" started-at="2012-09-11T06:31:38Z" finished-at="2012-09-11T06:31:38Z">
        </test-method>
        <test-method status="PASS" signature="uploadMediaSmallIso()" name="uploadMediaSmallIso" duration-ms="27029" started-at="2012-09-11T06:31:10Z" description="Upload small media iso file" finished-at="2012-09-11T06:31:37Z">
        </test-method>
        <test-method status="PASS" signature="accessTestBaseBeforeMethod()" name="accessTestBaseBeforeMethod" is-config="true" duration-ms="2" started-at="2012-09-11T06:31:10Z" finished-at="2012-09-11T06:31:10Z">
        </test-method>
        <test-method status="PASS" signature="accessTestBaseBeforeClass()" name="accessTestBaseBeforeClass" is-config="true" duration-ms="1826" started-at="2012-09-11T06:31:00Z" finished-at="2012-09-11T06:31:01Z">
        </test-method>
        <test-method status="PASS" signature="beforeClass()" name="beforeClass" is-config="true" duration-ms="8582" started-at="2012-09-11T06:31:01Z" finished-at="2012-09-11T06:31:10Z">
        </test-method>
        <test-method status="PASS" signature="accessTestBaseAfterClass()" name="accessTestBaseAfterClass" is-config="true" duration-ms="10529" started-at="2012-09-11T06:31:38Z" finished-at="2012-09-11T06:31:49Z">
        </test-method>
        <test-method status="PASS" signature="accessTestBaseAfterMethod()" name="accessTestBaseAfterMethod" is-config="true" duration-ms="1087" started-at="2012-09-11T06:31:37Z" finished-at="2012-09-11T06:31:38Z">
        </test-method>
      </class>
      <class name="com.vmware.qe.vcloud.tests.server.networking.misc.SyslogServers">
        <test-method status="PASS" signature="accessTestBaseAfterMethod()" name="accessTestBaseAfterMethod" is-config="true" duration-ms="8" started-at="2012-09-11T08:48:49Z" finished-at="2012-09-11T08:48:49Z">
        </test-method>
        <test-method status="PASS" signature="accessTestBaseAfterClass()" name="accessTestBaseAfterClass" is-config="true" duration-ms="624" started-at="2012-09-11T08:48:49Z" finished-at="2012-09-11T08:48:50Z">
        </test-method>
        <test-method status="PASS" signature="accessTestBaseAfterMethod()" name="accessTestBaseAfterMethod" is-config="true" duration-ms="7" started-at="2012-09-11T08:48:48Z" finished-at="2012-09-11T08:48:48Z">
        </test-method>
        <test-method status="PASS" signature="setSyslogServer(java.lang.String, int, int, java.lang.String)" name="P0_NETSYSLOG002_setSyslogServer" duration-ms="573" started-at="2012-09-11T08:48:48Z" description="Set syslog server" finished-at="2012-09-11T08:48:49Z">
          <params>
            <param index="0">
              <value>
                <![CDATA[NETSYSLOG002]]>
              </value>
            </param>
            <param index="1">
              <value>
                <![CDATA[0]]>
              </value>
            </param>
            <param index="2">
              <value>
                <![CDATA[2]]>
              </value>
            </param>
            <param index="3">
              <value>
                <![CDATA[5.6.7.8]]>
              </value>
            </param>
          </params>
        </test-method>
        <test-method status="PASS" signature="accessTestBaseBeforeMethod()" name="accessTestBaseBeforeMethod" is-config="true" duration-ms="1" started-at="2012-09-11T08:48:48Z" finished-at="2012-09-11T08:48:48Z">
        </test-method>
        <test-method status="PASS" signature="accessTestBaseBeforeMethod()" name="accessTestBaseBeforeMethod" is-config="true" duration-ms="2" started-at="2012-09-11T08:48:48Z" finished-at="2012-09-11T08:48:48Z">
        </test-method>
        <test-method status="PASS" signature="accessTestBaseBeforeClass()" name="accessTestBaseBeforeClass" is-config="true" duration-ms="1938" started-at="2012-09-11T08:48:46Z" finished-at="2012-09-11T08:48:48Z">
        </test-method>
        <test-method status="PASS" signature="setSyslogServer(java.lang.String, int, int, java.lang.String)" name="P0_NETSYSLOG001_setSyslogServer" duration-ms="695" started-at="2012-09-11T08:48:48Z" description="Set syslog server" finished-at="2012-09-11T08:48:48Z">
          <params>
            <param index="0">
              <value>
                <![CDATA[NETSYSLOG001]]>
              </value>
            </param>
            <param index="1">
              <value>
                <![CDATA[0]]>
              </value>
            </param>
            <param index="2">
              <value>
                <![CDATA[1]]>
              </value>
            </param>
            <param index="3">
              <value>
                <![CDATA[1.2.3.4]]>
              </value>
            </param>
          </params>
        </test-method>
      </class>
      <class name="com.vmware.qe.vcloud.tests.server.c2.vapplifecycle.VappDeployTests">
        <test-method status="PASS" signature="accessTestBaseBeforeClass()" name="accessTestBaseBeforeClass" is-config="true" duration-ms="1962" started-at="2012-09-11T07:49:41Z" finished-at="2012-09-11T07:49:43Z">
        </test-method>
        <test-method status="PASS" signature="accessTestBaseAfterMethod()" name="accessTestBaseAfterMethod" is-config="true" duration-ms="6898" started-at="2012-09-11T07:54:32Z" finished-at="2012-09-11T07:54:38Z">
        </test-method>
        <test-method status="FAIL" signature="oneVmOff()" name="oneVmOff" duration-ms="48657" started-at="2012-09-11T07:53:43Z" description="power off VM in partially deployed vapp" finished-at="2012-09-11T07:54:32Z">
          <exception class="com.vmware.qe.vcloud.server.ServiceException">
            <message>
              <![CDATA[Task failed || class com.vmware.qe.vcloud.server.impl.rest.ServiceRestException: Task FailedBatch update returned unexpected row count from update [0]; actual row count: 0; expected: 1]]>
            </message>
            <full-stacktrace>
              <![CDATA[com.vmware.qe.vcloud.server.ServiceException: Task failed || class com.vmware.qe.vcloud.server.impl.rest.ServiceRestException: Task FailedBatch update returned unexpected row count from update [0]; actual row count: 0; expected: 1
	at com.vmware.qe.vcloud.server.impl.rest.BaseServiceImpl.waitForTaskCompletion(BaseServiceImpl.java:176)
	at com.vmware.qe.vcloud.server.impl.rest.BaseServiceImpl.waitForTaskCompletion(BaseServiceImpl.java:189)
	at com.vmware.qe.vcloud.server.impl.rest.VAppServiceImpl.powerOn(VAppServiceImpl.java:261)
	at com.vmware.qe.vcloud.tests.server.c2.vapplifecycle.VappDeployTests.oneVmOff(VappDeployTests.java:67)
	at sun.reflect.NativeMethodAccessorImpl.invoke0(Native Method)
	at sun.reflect.NativeMethodAccessorImpl.invoke(NativeMethodAccessorImpl.java:57)
	at sun.reflect.DelegatingMethodAccessorImpl.invoke(DelegatingMethodAccessorImpl.java:43)
	at java.lang.reflect.Method.invoke(Method.java:616)
	at org.testng.internal.MethodInvocationHelper.invokeMethod(MethodInvocationHelper.java:80)
	at org.testng.internal.Invoker.invokeMethod(Invoker.java:673)
	at org.testng.internal.Invoker.invokeTestMethod(Invoker.java:842)
	at org.testng.internal.Invoker.invokeTestMethods(Invoker.java:1166)
	at org.testng.internal.TestMethodWorker.invokeTestMethods(TestMethodWorker.java:125)
	at org.testng.internal.TestMethodWorker.run(TestMethodWorker.java:109)
	at org.testng.TestRunner.runWorkers(TestRunner.java:1178)
	at org.testng.TestRunner.privateRun(TestRunner.java:757)
	at org.testng.TestRunner.run(TestRunner.java:608)
	at org.testng.SuiteRunner.runTest(SuiteRunner.java:334)
	at org.testng.SuiteRunner.runSequentially(SuiteRunner.java:329)
	at org.testng.SuiteRunner.privateRun(SuiteRunner.java:291)
	at org.testng.SuiteRunner.run(SuiteRunner.java:240)
	at org.testng.SuiteRunnerWorker.runSuite(SuiteRunnerWorker.java:52)
	at org.testng.SuiteRunnerWorker.run(SuiteRunnerWorker.java:86)
	at org.testng.TestNG.runSuitesSequentially(TestNG.java:1158)
	at org.testng.TestNG.runSuitesLocally(TestNG.java:1083)
	at org.testng.TestNG.run(TestNG.java:999)
	at org.testng.TestNG.privateMain(TestNG.java:1301)
	at org.testng.TestNG.main(TestNG.java:1265)
]]>
            </full-stacktrace>
          </exception>
        </test-method>
        <test-method status="PASS" signature="beforeClass()" name="beforeClass" is-config="true" duration-ms="32860" started-at="2012-09-11T07:49:43Z" finished-at="2012-09-11T07:50:16Z">
        </test-method>
        <test-method status="PASS" signature="accessTestBaseAfterClass()" name="accessTestBaseAfterClass" is-config="true" duration-ms="15237" started-at="2012-09-11T07:54:38Z" finished-at="2012-09-11T07:54:54Z">
        </test-method>
        <test-method status="PASS" signature="accessTestBaseBeforeMethod()" name="accessTestBaseBeforeMethod" is-config="true" duration-ms="2" started-at="2012-09-11T07:53:43Z" finished-at="2012-09-11T07:53:43Z">
        </test-method>
        <test-method status="PASS" signature="accessTestBaseAfterMethod()" name="accessTestBaseAfterMethod" is-config="true" duration-ms="13890" started-at="2012-09-11T07:53:29Z" finished-at="2012-09-11T07:53:43Z">
        </test-method>
        <test-method status="PASS" signature="accessTestBaseBeforeMethod()" name="accessTestBaseBeforeMethod" is-config="true" duration-ms="2" started-at="2012-09-11T07:50:16Z" finished-at="2012-09-11T07:50:16Z">
        </test-method>
        <test-method status="PASS" signature="captureVappDeployUndeployDelete()" name="captureVappDeployUndeployDelete" duration-ms="192715" started-at="2012-09-11T07:50:16Z" description="instantiate vapp from captured vapptemplate, power on/off and delete vapp" finished-at="2012-09-11T07:53:29Z">
        </test-method>
      </class>
      <class name="com.vmware.qe.vcloud.tests.server.c2.vapptemplate.VappTemplateActionsTests">
        <test-method status="PASS" signature="accessTestBaseAfterMethod()" name="accessTestBaseAfterMethod" is-config="true" duration-ms="8" started-at="2012-09-11T08:29:18Z" finished-at="2012-09-11T08:29:18Z">
        </test-method>
        <test-method status="PASS" signature="accessTestBaseAfterClass()" name="accessTestBaseAfterClass" is-config="true" duration-ms="13523" started-at="2012-09-11T08:29:18Z" finished-at="2012-09-11T08:29:32Z">
        </test-method>
        <test-method status="FAIL" signature="vAppTemplateDelete()" name="vAppTemplateDelete" duration-ms="96317" started-at="2012-09-11T08:27:27Z" description="Test deletion of vAppTemplate when not busy" finished-at="2012-09-11T08:29:03Z">
          <exception class="com.vmware.qe.vcloud.server.ServiceException">
            <message>
              <![CDATA[Invalid return code! Expected: 204 Actual: 500; com.vmware.vcloud.api.presentation.service.BusyEntityException: The entity vm2 is busy completing an operation.  - The entity vm2 is busy completing an operation.[majorCode=500; minorCode=INTERNAL_SERVER_ERROR] || class com.vmware.qe.vcloud.server.impl.rest.ServiceRestException: Invalid return code! Expected: 204 Actual: 500; com.vmware.vcloud.api.presentation.service.BusyEntityException: The entity vm2 is busy completing an operation.  - The entity vm2 is busy completing an operation.[majorCode=500; minorCode=INTERNAL_SERVER_ERROR]com.vmware.vcloud.api.presentation.service.BusyEntityException: The entity vm2 is busy completing an operation.  - The entity vm2 is busy completing an operation.]]>
            </message>
            <full-stacktrace>
              <![CDATA[com.vmware.qe.vcloud.server.ServiceException: Invalid return code! Expected: 204 Actual: 500; com.vmware.vcloud.api.presentation.service.BusyEntityException: The entity vm2 is busy completing an operation.  - The entity vm2 is busy completing an operation.[majorCode=500; minorCode=INTERNAL_SERVER_ERROR] || class com.vmware.qe.vcloud.server.impl.rest.ServiceRestException: Invalid return code! Expected: 204 Actual: 500; com.vmware.vcloud.api.presentation.service.BusyEntityException: The entity vm2 is busy completing an operation.  - The entity vm2 is busy completing an operation.[majorCode=500; minorCode=INTERNAL_SERVER_ERROR]com.vmware.vcloud.api.presentation.service.BusyEntityException: The entity vm2 is busy completing an operation.  - The entity vm2 is busy completing an operation.
	at com.vmware.qe.vcloud.server.impl.rest.RestClient.validateResponse(RestClient.java:552)
	at com.vmware.qe.vcloud.server.impl.rest.RestClient.deleteImplementation(RestClient.java:366)
	at com.vmware.qe.vcloud.server.impl.rest.RestClient.delete(RestClient.java:358)
	at com.vmware.qe.vcloud.server.impl.rest.VAppServiceImpl.asyncDelete(VAppServiceImpl.java:2907)
	at com.vmware.qe.vcloud.server.impl.rest.VAppServiceImpl.delete(VAppServiceImpl.java:2894)
	at com.vmware.qe.vcloud.tests.server.c2.vapptemplate.VappTemplateActionsTests.vAppTemplateDelete(VappTemplateActionsTests.java:104)
	at sun.reflect.NativeMethodAccessorImpl.invoke0(Native Method)
	at sun.reflect.NativeMethodAccessorImpl.invoke(NativeMethodAccessorImpl.java:57)
	at sun.reflect.DelegatingMethodAccessorImpl.invoke(DelegatingMethodAccessorImpl.java:43)
	at java.lang.reflect.Method.invoke(Method.java:616)
	at org.testng.internal.MethodInvocationHelper.invokeMethod(MethodInvocationHelper.java:80)
	at org.testng.internal.Invoker.invokeMethod(Invoker.java:673)
	at org.testng.internal.Invoker.invokeTestMethod(Invoker.java:842)
	at org.testng.internal.Invoker.invokeTestMethods(Invoker.java:1166)
	at org.testng.internal.TestMethodWorker.invokeTestMethods(TestMethodWorker.java:125)
	at org.testng.internal.TestMethodWorker.run(TestMethodWorker.java:109)
	at org.testng.TestRunner.runWorkers(TestRunner.java:1178)
	at org.testng.TestRunner.privateRun(TestRunner.java:757)
	at org.testng.TestRunner.run(TestRunner.java:608)
	at org.testng.SuiteRunner.runTest(SuiteRunner.java:334)
	at org.testng.SuiteRunner.runSequentially(SuiteRunner.java:329)
	at org.testng.SuiteRunner.privateRun(SuiteRunner.java:291)
	at org.testng.SuiteRunner.run(SuiteRunner.java:240)
	at org.testng.SuiteRunnerWorker.runSuite(SuiteRunnerWorker.java:52)
	at org.testng.SuiteRunnerWorker.run(SuiteRunnerWorker.java:86)
	at org.testng.TestNG.runSuitesSequentially(TestNG.java:1158)
	at org.testng.TestNG.runSuitesLocally(TestNG.java:1083)
	at org.testng.TestNG.run(TestNG.java:999)
	at org.testng.TestNG.privateMain(TestNG.java:1301)
	at org.testng.TestNG.main(TestNG.java:1265)
]]>
            </full-stacktrace>
          </exception>
        </test-method>
        <test-method status="PASS" signature="afterMethod()" name="afterMethod" is-config="true" duration-ms="5628" started-at="2012-09-11T08:29:03Z" finished-at="2012-09-11T08:29:09Z">
        </test-method>
        <test-method status="PASS" signature="beforeClass()" name="beforeClass" is-config="true" duration-ms="802" started-at="2012-09-11T08:27:26Z" finished-at="2012-09-11T08:27:27Z">
        </test-method>
        <test-method status="PASS" signature="accessTestBaseBeforeMethod()" name="accessTestBaseBeforeMethod" is-config="true" duration-ms="2" started-at="2012-09-11T08:27:27Z" finished-at="2012-09-11T08:27:27Z">
        </test-method>
        <test-method status="PASS" signature="accessTestBaseAfterMethod()" name="accessTestBaseAfterMethod" is-config="true" duration-ms="7" started-at="2012-09-11T08:29:09Z" finished-at="2012-09-11T08:29:09Z">
        </test-method>
        <test-method status="PASS" signature="beforeMethod()" name="beforeMethod" is-config="true" duration-ms="2" started-at="2012-09-11T08:29:09Z" finished-at="2012-09-11T08:29:09Z">
        </test-method>
        <test-method status="PASS" signature="afterClass()" name="afterClass" is-config="true" duration-ms="352" started-at="2012-09-11T08:29:18Z" finished-at="2012-09-11T08:29:18Z">
        </test-method>
        <test-method status="PASS" signature="accessTestBaseBeforeMethod()" name="accessTestBaseBeforeMethod" is-config="true" duration-ms="2" started-at="2012-09-11T08:29:09Z" finished-at="2012-09-11T08:29:09Z">
        </test-method>
        <test-method status="PASS" signature="beforeMethod()" name="beforeMethod" is-config="true" duration-ms="2" started-at="2012-09-11T08:27:27Z" finished-at="2012-09-11T08:27:27Z">
        </test-method>
        <test-method status="PASS" signature="accessTestBaseBeforeClass()" name="accessTestBaseBeforeClass" is-config="true" duration-ms="1923" started-at="2012-09-11T08:27:24Z" finished-at="2012-09-11T08:27:26Z">
        </test-method>
        <test-method status="PASS" signature="afterMethod()" name="afterMethod" is-config="true" duration-ms="5455" started-at="2012-09-11T08:29:12Z" finished-at="2012-09-11T08:29:18Z">
        </test-method>
        <test-method status="FAIL" signature="vAppTemplateEditProperties()" name="vAppTemplateEditProperties" duration-ms="3083" started-at="2012-09-11T08:29:09Z" description="Edit and verify vApp Template properties" finished-at="2012-09-11T08:29:12Z">
          <exception class="com.vmware.qe.vcloud.server.ServiceException">
            <message>
              <![CDATA[Invalid return code! Expected: 202 Actual: 400; The entity vm2 is busy completing an operation.[majorCode=400; minorCode=BUSY_ENTITY] || class com.vmware.qe.vcloud.server.impl.rest.ServiceRestException: Invalid return code! Expected: 202 Actual: 400; The entity vm2 is busy completing an operation.[majorCode=400; minorCode=BUSY_ENTITY]The entity vm2 is busy completing an operation.]]>
            </message>
            <full-stacktrace>
              <![CDATA[com.vmware.qe.vcloud.server.ServiceException: Invalid return code! Expected: 202 Actual: 400; The entity vm2 is busy completing an operation.[majorCode=400; minorCode=BUSY_ENTITY] || class com.vmware.qe.vcloud.server.impl.rest.ServiceRestException: Invalid return code! Expected: 202 Actual: 400; The entity vm2 is busy completing an operation.[majorCode=400; minorCode=BUSY_ENTITY]The entity vm2 is busy completing an operation.
	at com.vmware.qe.vcloud.server.impl.rest.RestClient.validateResponse(RestClient.java:552)
	at com.vmware.qe.vcloud.server.impl.rest.RestClient.put(RestClient.java:342)
	at com.vmware.qe.vcloud.server.impl.rest.RestClient.put(RestClient.java:323)
	at com.vmware.qe.vcloud.server.impl.rest.VAppServiceImpl.asyncUpdateVAppTemplate(VAppServiceImpl.java:3312)
	at com.vmware.qe.vcloud.server.impl.rest.VAppServiceImpl.updateVAppTemplate(VAppServiceImpl.java:3282)
	at com.vmware.qe.vcloud.tests.server.c2.vapptemplate.VappTemplateActionsTests.vAppTemplateEditProperties(VappTemplateActionsTests.java:92)
	at sun.reflect.NativeMethodAccessorImpl.invoke0(Native Method)
	at sun.reflect.NativeMethodAccessorImpl.invoke(NativeMethodAccessorImpl.java:57)
	at sun.reflect.DelegatingMethodAccessorImpl.invoke(DelegatingMethodAccessorImpl.java:43)
	at java.lang.reflect.Method.invoke(Method.java:616)
	at org.testng.internal.MethodInvocationHelper.invokeMethod(MethodInvocationHelper.java:80)
	at org.testng.internal.Invoker.invokeMethod(Invoker.java:673)
	at org.testng.internal.Invoker.invokeTestMethod(Invoker.java:842)
	at org.testng.internal.Invoker.invokeTestMethods(Invoker.java:1166)
	at org.testng.internal.TestMethodWorker.invokeTestMethods(TestMethodWorker.java:125)
	at org.testng.internal.TestMethodWorker.run(TestMethodWorker.java:109)
	at org.testng.TestRunner.runWorkers(TestRunner.java:1178)
	at org.testng.TestRunner.privateRun(TestRunner.java:757)
	at org.testng.TestRunner.run(TestRunner.java:608)
	at org.testng.SuiteRunner.runTest(SuiteRunner.java:334)
	at org.testng.SuiteRunner.runSequentially(SuiteRunner.java:329)
	at org.testng.SuiteRunner.privateRun(SuiteRunner.java:291)
	at org.testng.SuiteRunner.run(SuiteRunner.java:240)
	at org.testng.SuiteRunnerWorker.runSuite(SuiteRunnerWorker.java:52)
	at org.testng.SuiteRunnerWorker.run(SuiteRunnerWorker.java:86)
	at org.testng.TestNG.runSuitesSequentially(TestNG.java:1158)
	at org.testng.TestNG.runSuitesLocally(TestNG.java:1083)
	at org.testng.TestNG.run(TestNG.java:999)
	at org.testng.TestNG.privateMain(TestNG.java:1301)
	at org.testng.TestNG.main(TestNG.java:1265)
]]>
            </full-stacktrace>
          </exception>
        </test-method>
      </class>
      <class name="com.vmware.qe.vcloud.tests.server.c2.vapptemplate.VAppTemplateDownload">
        <test-method status="PASS" signature="accessTestBaseBeforeMethod()" name="accessTestBaseBeforeMethod" is-config="true" duration-ms="6" started-at="2012-09-11T08:25:20Z" finished-at="2012-09-11T08:25:20Z">
        </test-method>
        <test-method status="PASS" signature="accessTestBaseAfterMethod()" name="accessTestBaseAfterMethod" is-config="true" duration-ms="7" started-at="2012-09-11T08:27:11Z" finished-at="2012-09-11T08:27:11Z">
        </test-method>
        <test-method status="FAIL" signature="uploadDownloadDefaultVappTemplate()" name="uploadDownloadDefaultVappTemplate" duration-ms="110555" started-at="2012-09-11T08:25:20Z" description="Download default vapptemplate" finished-at="2012-09-11T08:27:11Z">
          <exception class="com.vmware.qe.vcloud.server.ServiceException">
            <message>
              <![CDATA[Task failed || class com.vmware.qe.vcloud.server.impl.rest.ServiceRestException: Task FailedBatch update returned unexpected row count from update [0]; actual row count: 0; expected: 1]]>
            </message>
            <full-stacktrace>
              <![CDATA[com.vmware.qe.vcloud.server.ServiceException: Task failed || class com.vmware.qe.vcloud.server.impl.rest.ServiceRestException: Task FailedBatch update returned unexpected row count from update [0]; actual row count: 0; expected: 1
	at com.vmware.qe.vcloud.server.impl.rest.BaseServiceImpl.waitForTaskCompletion(BaseServiceImpl.java:176)
	at com.vmware.qe.vcloud.server.impl.rest.BaseServiceImpl.waitForTaskCompletion(BaseServiceImpl.java:189)
	at com.vmware.qe.vcloud.server.impl.rest.VAppServiceImpl.enabledDisableDownload(VAppServiceImpl.java:1991)
	at com.vmware.qe.vcloud.server.impl.rest.VAppServiceImpl.download(VAppServiceImpl.java:1918)
	at com.vmware.qe.vcloud.tests.server.c2.vapptemplate.VAppDownloadBase.downloadVAppTemplate(VAppDownloadBase.java:73)
	at com.vmware.qe.vcloud.tests.server.c2.vapptemplate.VAppTemplateDownload.uploadDownloadDefaultVappTemplate(VAppTemplateDownload.java:73)
	at sun.reflect.NativeMethodAccessorImpl.invoke0(Native Method)
	at sun.reflect.NativeMethodAccessorImpl.invoke(NativeMethodAccessorImpl.java:57)
	at sun.reflect.DelegatingMethodAccessorImpl.invoke(DelegatingMethodAccessorImpl.java:43)
	at java.lang.reflect.Method.invoke(Method.java:616)
	at org.testng.internal.MethodInvocationHelper.invokeMethod(MethodInvocationHelper.java:80)
	at org.testng.internal.Invoker.invokeMethod(Invoker.java:673)
	at org.testng.internal.Invoker.invokeTestMethod(Invoker.java:842)
	at org.testng.internal.Invoker.invokeTestMethods(Invoker.java:1166)
	at org.testng.internal.TestMethodWorker.invokeTestMethods(TestMethodWorker.java:125)
	at org.testng.internal.TestMethodWorker.run(TestMethodWorker.java:109)
	at org.testng.TestRunner.runWorkers(TestRunner.java:1178)
	at org.testng.TestRunner.privateRun(TestRunner.java:757)
	at org.testng.TestRunner.run(TestRunner.java:608)
	at org.testng.SuiteRunner.runTest(SuiteRunner.java:334)
	at org.testng.SuiteRunner.runSequentially(SuiteRunner.java:329)
	at org.testng.SuiteRunner.privateRun(SuiteRunner.java:291)
	at org.testng.SuiteRunner.run(SuiteRunner.java:240)
	at org.testng.SuiteRunnerWorker.runSuite(SuiteRunnerWorker.java:52)
	at org.testng.SuiteRunnerWorker.run(SuiteRunnerWorker.java:86)
	at org.testng.TestNG.runSuitesSequentially(TestNG.java:1158)
	at org.testng.TestNG.runSuitesLocally(TestNG.java:1083)
	at org.testng.TestNG.run(TestNG.java:999)
	at org.testng.TestNG.privateMain(TestNG.java:1301)
	at org.testng.TestNG.main(TestNG.java:1265)
]]>
            </full-stacktrace>
          </exception>
        </test-method>
        <test-method status="PASS" signature="accessTestBaseAfterClass()" name="accessTestBaseAfterClass" is-config="true" duration-ms="13645" started-at="2012-09-11T08:27:11Z" finished-at="2012-09-11T08:27:24Z">
        </test-method>
        <test-method status="PASS" signature="afterClass()" name="afterClass" is-config="true" duration-ms="3" started-at="2012-09-11T08:27:11Z" finished-at="2012-09-11T08:27:11Z">
        </test-method>
        <test-method status="PASS" signature="accessTestBaseBeforeClass()" name="accessTestBaseBeforeClass" is-config="true" duration-ms="2109" started-at="2012-09-11T08:25:18Z" finished-at="2012-09-11T08:25:20Z">
        </test-method>
      </class>
      <class name="com.vmware.qe.vcloud.tests.server.c2.fastProvisioning.FastProvisioningForCatalogTest">
        <test-method status="PASS" signature="accessTestBaseBeforeMethod()" name="accessTestBaseBeforeMethod" is-config="true" duration-ms="3" started-at="2012-09-11T06:58:31Z" finished-at="2012-09-11T06:58:31Z">
        </test-method>
        <test-method status="PASS" signature="accessTestBaseAfterMethod()" name="accessTestBaseAfterMethod" is-config="true" duration-ms="8530" started-at="2012-09-11T06:59:52Z" finished-at="2012-09-11T07:00:01Z">
        </test-method>
        <test-method status="PASS" signature="beforeClass()" name="beforeClass" is-config="true" duration-ms="99737" started-at="2012-09-11T06:55:56Z" finished-at="2012-09-11T06:57:36Z">
        </test-method>
        <test-method status="PASS" signature="accessTestBaseAfterClass()" name="accessTestBaseAfterClass" is-config="true" duration-ms="13138" started-at="2012-09-11T07:00:01Z" finished-at="2012-09-11T07:00:14Z">
        </test-method>
        <test-method status="PASS" signature="afterClass()" name="afterClass" is-config="true" duration-ms="2" started-at="2012-09-11T07:00:01Z" finished-at="2012-09-11T07:00:01Z">
        </test-method>
        <test-method status="PASS" signature="accessTestBaseBeforeClass()" name="accessTestBaseBeforeClass" is-config="true" duration-ms="2059" started-at="2012-09-11T06:55:54Z" finished-at="2012-09-11T06:55:56Z">
        </test-method>
        <test-method status="PASS" signature="copyTemplateWithinSameOrgVdcFastProvisioned()" name="copyTemplateWithinSameOrgVdcFastProvisioned" duration-ms="39395" started-at="2012-09-11T06:57:49Z" description="Initiate Copy of fastprrovisisoned vAppTemplate within same org vdc." finished-at="2012-09-11T06:58:28Z">
        </test-method>
        <test-method status="PASS" signature="beforeMethod()" name="beforeMethod" is-config="true" duration-ms="12511" started-at="2012-09-11T06:57:36Z" finished-at="2012-09-11T06:57:49Z">
        </test-method>
        <test-method status="PASS" signature="verifyUserRequestedStrorageForVapp()" name="verifyUserRequestedStrorageForVapp" duration-ms="69714" started-at="2012-09-11T06:58:43Z" description="Verify &#039;User Requested Storage&#039; metrics and actual Storage metrics." finished-at="2012-09-11T06:59:52Z">
        </test-method>
        <test-method status="PASS" signature="beforeMethod()" name="beforeMethod" is-config="true" duration-ms="12168" started-at="2012-09-11T06:58:31Z" finished-at="2012-09-11T06:58:43Z">
        </test-method>
        <test-method status="PASS" signature="accessTestBaseAfterMethod()" name="accessTestBaseAfterMethod" is-config="true" duration-ms="2493" started-at="2012-09-11T06:58:28Z" finished-at="2012-09-11T06:58:31Z">
        </test-method>
        <test-method status="PASS" signature="accessTestBaseBeforeMethod()" name="accessTestBaseBeforeMethod" is-config="true" duration-ms="1" started-at="2012-09-11T06:57:36Z" finished-at="2012-09-11T06:57:36Z">
        </test-method>
      </class>
      <class name="com.vmware.qe.vcloud.tests.server.c2.vapptemplate.VAppTemplateImport">
        <test-method status="FAIL" signature="importMoveVmFromVcenter()" name="importMoveVmFromVcenter" duration-ms="7553" started-at="2012-09-11T08:33:17Z" description="Import move Vm from vCenter" finished-at="2012-09-11T08:33:25Z">
          <exception class="com.vmware.qe.vcloud.server.ServiceException">
            <message>
              <![CDATA[Invalid return code! Expected: 201 Actual: 500; Internal Server Error[majorCode=500; minorCode=INTERNAL_SERVER_ERROR] || class com.vmware.qe.vcloud.server.impl.rest.ServiceRestException: Invalid return code! Expected: 201 Actual: 500; Internal Server Error[majorCode=500; minorCode=INTERNAL_SERVER_ERROR]Internal Server Error]]>
            </message>
            <full-stacktrace>
              <![CDATA[com.vmware.qe.vcloud.server.ServiceException: Invalid return code! Expected: 201 Actual: 500; Internal Server Error[majorCode=500; minorCode=INTERNAL_SERVER_ERROR] || class com.vmware.qe.vcloud.server.impl.rest.ServiceRestException: Invalid return code! Expected: 201 Actual: 500; Internal Server Error[majorCode=500; minorCode=INTERNAL_SERVER_ERROR]Internal Server Error
	at com.vmware.qe.vcloud.server.impl.rest.RestClient.validateResponse(RestClient.java:552)
	at com.vmware.qe.vcloud.server.impl.rest.RestClient.postContent(RestClient.java:305)
	at com.vmware.qe.vcloud.server.impl.rest.RestClient.post(RestClient.java:287)
	at com.vmware.qe.vcloud.server.impl.rest.VAppServiceImpl.asyncImportFromVCenter(VAppServiceImpl.java:1371)
	at com.vmware.qe.vcloud.server.impl.rest.VAppServiceImpl.importFromVCenter(VAppServiceImpl.java:1302)
	at com.vmware.qe.vcloud.tests.server.c2.vapptemplate.VAppTemplateImport.importMoveVmFromVcenter(VAppTemplateImport.java:147)
	at sun.reflect.NativeMethodAccessorImpl.invoke0(Native Method)
	at sun.reflect.NativeMethodAccessorImpl.invoke(NativeMethodAccessorImpl.java:57)
	at sun.reflect.DelegatingMethodAccessorImpl.invoke(DelegatingMethodAccessorImpl.java:43)
	at java.lang.reflect.Method.invoke(Method.java:616)
	at org.testng.internal.MethodInvocationHelper.invokeMethod(MethodInvocationHelper.java:80)
	at org.testng.internal.Invoker.invokeMethod(Invoker.java:673)
	at org.testng.internal.Invoker.invokeTestMethod(Invoker.java:842)
	at org.testng.internal.Invoker.invokeTestMethods(Invoker.java:1166)
	at org.testng.internal.TestMethodWorker.invokeTestMethods(TestMethodWorker.java:125)
	at org.testng.internal.TestMethodWorker.run(TestMethodWorker.java:109)
	at org.testng.TestRunner.runWorkers(TestRunner.java:1178)
	at org.testng.TestRunner.privateRun(TestRunner.java:757)
	at org.testng.TestRunner.run(TestRunner.java:608)
	at org.testng.SuiteRunner.runTest(SuiteRunner.java:334)
	at org.testng.SuiteRunner.runSequentially(SuiteRunner.java:329)
	at org.testng.SuiteRunner.privateRun(SuiteRunner.java:291)
	at org.testng.SuiteRunner.run(SuiteRunner.java:240)
	at org.testng.SuiteRunnerWorker.runSuite(SuiteRunnerWorker.java:52)
	at org.testng.SuiteRunnerWorker.run(SuiteRunnerWorker.java:86)
	at org.testng.TestNG.runSuitesSequentially(TestNG.java:1158)
	at org.testng.TestNG.runSuitesLocally(TestNG.java:1083)
	at org.testng.TestNG.run(TestNG.java:999)
	at org.testng.TestNG.privateMain(TestNG.java:1301)
	at org.testng.TestNG.main(TestNG.java:1265)
]]>
            </full-stacktrace>
          </exception>
        </test-method>
        <test-method status="PASS" signature="accessTestBaseBeforeClass()" name="accessTestBaseBeforeClass" is-config="true" duration-ms="2007" started-at="2012-09-11T08:32:24Z" finished-at="2012-09-11T08:32:26Z">
        </test-method>
        <test-method status="PASS" signature="accessTestBaseAfterMethod()" name="accessTestBaseAfterMethod" is-config="true" duration-ms="7" started-at="2012-09-11T08:33:17Z" finished-at="2012-09-11T08:33:17Z">
        </test-method>
        <test-method status="FAIL" signature="importCopyVmFromVcenter()" name="importCopyVmFromVcenter" duration-ms="9326" started-at="2012-09-11T08:33:06Z" description="Import Copy Vm from vCenter" finished-at="2012-09-11T08:33:15Z">
          <exception class="com.vmware.qe.vcloud.server.ServiceException">
            <message>
              <![CDATA[Invalid return code! Expected: 201 Actual: 500; Internal Server Error[majorCode=500; minorCode=INTERNAL_SERVER_ERROR] || class com.vmware.qe.vcloud.server.impl.rest.ServiceRestException: Invalid return code! Expected: 201 Actual: 500; Internal Server Error[majorCode=500; minorCode=INTERNAL_SERVER_ERROR]Internal Server Error]]>
            </message>
            <full-stacktrace>
              <![CDATA[com.vmware.qe.vcloud.server.ServiceException: Invalid return code! Expected: 201 Actual: 500; Internal Server Error[majorCode=500; minorCode=INTERNAL_SERVER_ERROR] || class com.vmware.qe.vcloud.server.impl.rest.ServiceRestException: Invalid return code! Expected: 201 Actual: 500; Internal Server Error[majorCode=500; minorCode=INTERNAL_SERVER_ERROR]Internal Server Error
	at com.vmware.qe.vcloud.server.impl.rest.RestClient.validateResponse(RestClient.java:552)
	at com.vmware.qe.vcloud.server.impl.rest.RestClient.postContent(RestClient.java:305)
	at com.vmware.qe.vcloud.server.impl.rest.RestClient.post(RestClient.java:287)
	at com.vmware.qe.vcloud.server.impl.rest.VAppServiceImpl.asyncImportFromVCenter(VAppServiceImpl.java:1371)
	at com.vmware.qe.vcloud.server.impl.rest.VAppServiceImpl.importFromVCenter(VAppServiceImpl.java:1302)
	at com.vmware.qe.vcloud.tests.server.c2.vapptemplate.VAppTemplateImport.importCopyVmFromVcenter(VAppTemplateImport.java:134)
	at sun.reflect.NativeMethodAccessorImpl.invoke0(Native Method)
	at sun.reflect.NativeMethodAccessorImpl.invoke(NativeMethodAccessorImpl.java:57)
	at sun.reflect.DelegatingMethodAccessorImpl.invoke(DelegatingMethodAccessorImpl.java:43)
	at java.lang.reflect.Method.invoke(Method.java:616)
	at org.testng.internal.MethodInvocationHelper.invokeMethod(MethodInvocationHelper.java:80)
	at org.testng.internal.Invoker.invokeMethod(Invoker.java:673)
	at org.testng.internal.Invoker.invokeTestMethod(Invoker.java:842)
	at org.testng.internal.Invoker.invokeTestMethods(Invoker.java:1166)
	at org.testng.internal.TestMethodWorker.invokeTestMethods(TestMethodWorker.java:125)
	at org.testng.internal.TestMethodWorker.run(TestMethodWorker.java:109)
	at org.testng.TestRunner.runWorkers(TestRunner.java:1178)
	at org.testng.TestRunner.privateRun(TestRunner.java:757)
	at org.testng.TestRunner.run(TestRunner.java:608)
	at org.testng.SuiteRunner.runTest(SuiteRunner.java:334)
	at org.testng.SuiteRunner.runSequentially(SuiteRunner.java:329)
	at org.testng.SuiteRunner.privateRun(SuiteRunner.java:291)
	at org.testng.SuiteRunner.run(SuiteRunner.java:240)
	at org.testng.SuiteRunnerWorker.runSuite(SuiteRunnerWorker.java:52)
	at org.testng.SuiteRunnerWorker.run(SuiteRunnerWorker.java:86)
	at org.testng.TestNG.runSuitesSequentially(TestNG.java:1158)
	at org.testng.TestNG.runSuitesLocally(TestNG.java:1083)
	at org.testng.TestNG.run(TestNG.java:999)
	at org.testng.TestNG.privateMain(TestNG.java:1301)
	at org.testng.TestNG.main(TestNG.java:1265)
]]>
            </full-stacktrace>
          </exception>
        </test-method>
        <test-method status="PASS" signature="accessTestBaseAfterClass()" name="accessTestBaseAfterClass" is-config="true" duration-ms="11541" started-at="2012-09-11T08:33:27Z" finished-at="2012-09-11T08:33:38Z">
        </test-method>
        <test-method status="PASS" signature="cleanupNewVm()" name="cleanupNewVm" is-config="true" duration-ms="809" started-at="2012-09-11T08:33:26Z" finished-at="2012-09-11T08:33:27Z">
        </test-method>
        <test-method status="PASS" signature="cleanupNewEntities()" name="cleanupNewEntities" is-config="true" duration-ms="1335" started-at="2012-09-11T08:33:25Z" finished-at="2012-09-11T08:33:26Z">
        </test-method>
        <test-method status="PASS" signature="beforeClass()" name="beforeClass" is-config="true" duration-ms="39475" started-at="2012-09-11T08:32:26Z" finished-at="2012-09-11T08:33:06Z">
        </test-method>
        <test-method status="PASS" signature="accessTestBaseBeforeMethod()" name="accessTestBaseBeforeMethod" is-config="true" duration-ms="2" started-at="2012-09-11T08:33:06Z" finished-at="2012-09-11T08:33:06Z">
        </test-method>
        <test-method status="PASS" signature="accessTestBaseAfterMethod()" name="accessTestBaseAfterMethod" is-config="true" duration-ms="7" started-at="2012-09-11T08:33:26Z" finished-at="2012-09-11T08:33:26Z">
        </test-method>
        <test-method status="PASS" signature="cleanupNewEntities()" name="cleanupNewEntities" is-config="true" duration-ms="1924" started-at="2012-09-11T08:33:15Z" finished-at="2012-09-11T08:33:17Z">
        </test-method>
        <test-method status="PASS" signature="accessTestBaseBeforeMethod()" name="accessTestBaseBeforeMethod" is-config="true" duration-ms="1" started-at="2012-09-11T08:33:17Z" finished-at="2012-09-11T08:33:17Z">
        </test-method>
      </class>
      <class name="com.vmware.qe.vcloud.tests.server.ee.sharing.VAppSharing">
        <test-method status="PASS" signature="beforeClass()" name="beforeClass" is-config="true" duration-ms="16060" started-at="2012-09-11T06:22:45Z" finished-at="2012-09-11T06:23:01Z">
        </test-method>
        <test-method status="PASS" signature="orgAdminShareToAll()" name="orgAdminShareToAll" duration-ms="168983" started-at="2012-09-11T06:23:01Z" description="Org admin share vapp to all" finished-at="2012-09-11T06:25:50Z">
        </test-method>
        <test-method status="PASS" signature="accessTestBaseBeforeMethod()" name="accessTestBaseBeforeMethod" is-config="true" duration-ms="2" started-at="2012-09-11T06:23:01Z" finished-at="2012-09-11T06:23:01Z">
        </test-method>
        <test-method status="PASS" signature="accessTestBaseAfterMethod()" name="accessTestBaseAfterMethod" is-config="true" duration-ms="6890" started-at="2012-09-11T06:25:50Z" finished-at="2012-09-11T06:25:57Z">
        </test-method>
        <test-method status="PASS" signature="accessTestBaseBeforeClass()" name="accessTestBaseBeforeClass" is-config="true" duration-ms="2169" started-at="2012-09-11T06:22:42Z" finished-at="2012-09-11T06:22:45Z">
        </test-method>
        <test-method status="PASS" signature="beforeMethod()" name="beforeMethod" is-config="true" duration-ms="507" started-at="2012-09-11T06:23:01Z" finished-at="2012-09-11T06:23:01Z">
        </test-method>
        <test-method status="PASS" signature="accessTestBaseAfterClass()" name="accessTestBaseAfterClass" is-config="true" duration-ms="21624" started-at="2012-09-11T06:25:57Z" finished-at="2012-09-11T06:26:19Z">
        </test-method>
      </class>
      <class name="com.vmware.qe.vcloud.tests.server.c2.media.MediaActionsTests">
        <test-method status="PASS" signature="accessTestBaseBeforeMethod()" name="accessTestBaseBeforeMethod" is-config="true" duration-ms="3" started-at="2012-09-11T06:26:29Z" finished-at="2012-09-11T06:26:29Z">
        </test-method>
        <test-method status="PASS" signature="accessTestBaseAfterMethod()" name="accessTestBaseAfterMethod" is-config="true" duration-ms="9" started-at="2012-09-11T06:29:25Z" finished-at="2012-09-11T06:29:25Z">
        </test-method>
        <test-method status="PASS" signature="mediaInsertEjectPowerOnVmTest()" name="mediaInsertEjectPowerOnVmTest" duration-ms="174738" started-at="2012-09-11T06:26:30Z" description="Verify insert-eject media power on vm" finished-at="2012-09-11T06:29:25Z">
        </test-method>
        <test-method status="PASS" signature="accessTestBaseAfterClass()" name="accessTestBaseAfterClass" is-config="true" duration-ms="33248" started-at="2012-09-11T06:29:25Z" finished-at="2012-09-11T06:29:58Z">
        </test-method>
        <test-method status="PASS" signature="beforeMethod()" name="beforeMethod" is-config="true" duration-ms="687" started-at="2012-09-11T06:26:29Z" finished-at="2012-09-11T06:26:30Z">
        </test-method>
        <test-method status="PASS" signature="accessTestBaseBeforeClass()" name="accessTestBaseBeforeClass" is-config="true" duration-ms="1925" started-at="2012-09-11T06:26:19Z" finished-at="2012-09-11T06:26:21Z">
        </test-method>
        <test-method status="PASS" signature="beforeClass()" name="beforeClass" is-config="true" duration-ms="8488" started-at="2012-09-11T06:26:21Z" finished-at="2012-09-11T06:26:29Z">
        </test-method>
      </class>
      <class name="com.vmware.qe.vcloud.tests.server.c2.media.MediaDelete">
        <test-method status="PASS" signature="deleteNonBusyMedia(com.vmware.qe.vcloud.server.impl.connection.VcdLogin)" name="deleteNonBusyMedia" duration-ms="8239" started-at="2012-09-11T06:30:29Z" description="Test deletion of Media file when not busy" finished-at="2012-09-11T06:30:37Z">
          <params>
            <param index="0">
              <value>
                <![CDATA[VcdLogin: orgadmin5snrmy/akimbi; Org: Org-jenkins-Sep-11--06-30-00-rZsnDW; Role: ]]>
              </value>
            </param>
          </params>
        </test-method>
        <test-method status="PASS" signature="accessTestBaseAfterMethod()" name="accessTestBaseAfterMethod" is-config="true" duration-ms="201" started-at="2012-09-11T06:30:28Z" finished-at="2012-09-11T06:30:29Z">
        </test-method>
        <test-method status="PASS" signature="accessTestBaseBeforeMethod()" name="accessTestBaseBeforeMethod" is-config="true" duration-ms="2" started-at="2012-09-11T06:30:29Z" finished-at="2012-09-11T06:30:29Z">
        </test-method>
        <test-method status="PASS" signature="afterMethod()" name="afterMethod" is-config="true" duration-ms="722" started-at="2012-09-11T06:30:28Z" finished-at="2012-09-11T06:30:28Z">
        </test-method>
        <test-method status="PASS" signature="accessTestBaseBeforeMethod()" name="accessTestBaseBeforeMethod" is-config="true" duration-ms="2" started-at="2012-09-11T06:30:08Z" finished-at="2012-09-11T06:30:08Z">
        </test-method>
        <test-method status="PASS" signature="accessTestBaseAfterClass()" name="accessTestBaseAfterClass" is-config="true" duration-ms="11921" started-at="2012-09-11T06:30:38Z" finished-at="2012-09-11T06:30:50Z">
        </test-method>
        <test-method status="PASS" signature="beforeClass()" name="beforeClass" is-config="true" duration-ms="20" started-at="2012-09-11T06:30:00Z" finished-at="2012-09-11T06:30:00Z">
        </test-method>
        <test-method status="PASS" signature="accessTestBaseBeforeClass()" name="accessTestBaseBeforeClass" is-config="true" duration-ms="2183" started-at="2012-09-11T06:29:58Z" finished-at="2012-09-11T06:30:00Z">
        </test-method>
        <test-method status="PASS" signature="accessTestBaseAfterMethod()" name="accessTestBaseAfterMethod" is-config="true" duration-ms="132" started-at="2012-09-11T06:30:38Z" finished-at="2012-09-11T06:30:38Z">
        </test-method>
        <test-method status="PASS" signature="afterMethod()" name="afterMethod" is-config="true" duration-ms="747" started-at="2012-09-11T06:30:37Z" finished-at="2012-09-11T06:30:38Z">
        </test-method>
        <test-method status="PASS" signature="deleteNonBusyMedia(com.vmware.qe.vcloud.server.impl.connection.VcdLogin)" name="deleteNonBusyMedia" duration-ms="19524" started-at="2012-09-11T06:30:08Z" description="Test deletion of Media file when not busy" finished-at="2012-09-11T06:30:28Z">
          <params>
            <param index="0">
              <value>
                <![CDATA[VcdLogin: Administrator/akimbi; Org: system; Role: SysAdmin]]>
              </value>
            </param>
          </params>
        </test-method>
      </class>
      <class name="com.vmware.qe.vcloud.tests.server.networking.vxlan.pvdc.CreateDeletePVDC">
        <test-method status="PASS" signature="setupEnvironment()" name="setupEnvironment" is-config="true" duration-ms="809" started-at="2012-09-11T08:47:53Z" finished-at="2012-09-11T08:47:54Z">
        </test-method>
        <test-method status="PASS" signature="accessTestBaseBeforeClass()" name="accessTestBaseBeforeClass" is-config="true" duration-ms="1863" started-at="2012-09-11T08:47:51Z" finished-at="2012-09-11T08:47:53Z">
        </test-method>
        <test-method status="PASS" signature="deletePVDCNotInUse()" name="deletePVDCNotInUse" duration-ms="50496" started-at="2012-09-11T08:47:54Z" description="Deletion of PVDC should implicitly delete VXLAN network pool" finished-at="2012-09-11T08:48:45Z">
        </test-method>
        <test-method status="PASS" signature="accessTestBaseAfterMethod()" name="accessTestBaseAfterMethod" is-config="true" duration-ms="197" started-at="2012-09-11T08:48:45Z" finished-at="2012-09-11T08:48:45Z">
        </test-method>
        <test-method status="PASS" signature="accessTestBaseBeforeMethod()" name="accessTestBaseBeforeMethod" is-config="true" duration-ms="1" started-at="2012-09-11T08:47:54Z" finished-at="2012-09-11T08:47:54Z">
        </test-method>
        <test-method status="PASS" signature="accessTestBaseAfterClass()" name="accessTestBaseAfterClass" is-config="true" duration-ms="874" started-at="2012-09-11T08:48:45Z" finished-at="2012-09-11T08:48:46Z">
        </test-method>
      </class>
      <class name="com.vmware.qe.vcloud.tests.server.networking.networkmanagement.organizationscope.VAppCreateWithOrgVdcNet">
        <test-method status="PASS" signature="accessTestBaseBeforeClass()" name="accessTestBaseBeforeClass" is-config="true" duration-ms="1936" started-at="2012-09-11T06:33:38Z" finished-at="2012-09-11T06:33:40Z">
        </test-method>
        <test-method status="PASS" signature="accessTestBaseBeforeMethod()" name="accessTestBaseBeforeMethod" is-config="true" duration-ms="2" started-at="2012-09-11T06:34:24Z" finished-at="2012-09-11T06:34:24Z">
        </test-method>
        <test-method status="FAIL" signature="createVAppStaticManual()" name="createVAppStaticManual" duration-ms="70849" started-at="2012-09-11T06:37:07Z" description="TestID: 245642, TestName:Create new vApp: IP Addressing: Static Manual from IP Pool" finished-at="2012-09-11T06:38:17Z">
          <exception class="com.vmware.qe.vcloud.server.ServiceException">
            <message>
              <![CDATA[Task failed || class com.vmware.qe.vcloud.server.impl.rest.ServiceRestException: Task Failedclass java.lang.NullPointerException]]>
            </message>
            <full-stacktrace>
              <![CDATA[com.vmware.qe.vcloud.server.ServiceException: Task failed || class com.vmware.qe.vcloud.server.impl.rest.ServiceRestException: Task Failedclass java.lang.NullPointerException
	at com.vmware.qe.vcloud.server.impl.rest.BaseServiceImpl.waitForTaskCompletion(BaseServiceImpl.java:176)
	at com.vmware.qe.vcloud.server.impl.rest.BaseServiceImpl.waitForTaskCompletion(BaseServiceImpl.java:189)
	at com.vmware.qe.vcloud.server.impl.rest.BaseServiceImpl.waitForTaskCompletion(BaseServiceImpl.java:261)
	at com.vmware.qe.vcloud.server.impl.rest.VAppServiceImpl.add(VAppServiceImpl.java:2055)
	at com.vmware.qe.vcloud.tests.server.networking.networkmanagement.organizationscope.VAppCreateWithOrgVdcNet.createVAppStaticManual(VAppCreateWithOrgVdcNet.java:177)
	at sun.reflect.NativeMethodAccessorImpl.invoke0(Native Method)
	at sun.reflect.NativeMethodAccessorImpl.invoke(NativeMethodAccessorImpl.java:57)
	at sun.reflect.DelegatingMethodAccessorImpl.invoke(DelegatingMethodAccessorImpl.java:43)
	at java.lang.reflect.Method.invoke(Method.java:616)
	at org.testng.internal.MethodInvocationHelper.invokeMethod(MethodInvocationHelper.java:80)
	at org.testng.internal.Invoker.invokeMethod(Invoker.java:673)
	at org.testng.internal.Invoker.invokeTestMethod(Invoker.java:842)
	at org.testng.internal.Invoker.invokeTestMethods(Invoker.java:1166)
	at org.testng.internal.TestMethodWorker.invokeTestMethods(TestMethodWorker.java:125)
	at org.testng.internal.TestMethodWorker.run(TestMethodWorker.java:109)
	at org.testng.TestRunner.runWorkers(TestRunner.java:1178)
	at org.testng.TestRunner.privateRun(TestRunner.java:757)
	at org.testng.TestRunner.run(TestRunner.java:608)
	at org.testng.SuiteRunner.runTest(SuiteRunner.java:334)
	at org.testng.SuiteRunner.runSequentially(SuiteRunner.java:329)
	at org.testng.SuiteRunner.privateRun(SuiteRunner.java:291)
	at org.testng.SuiteRunner.run(SuiteRunner.java:240)
	at org.testng.SuiteRunnerWorker.runSuite(SuiteRunnerWorker.java:52)
	at org.testng.SuiteRunnerWorker.run(SuiteRunnerWorker.java:86)
	at org.testng.TestNG.runSuitesSequentially(TestNG.java:1158)
	at org.testng.TestNG.runSuitesLocally(TestNG.java:1083)
	at org.testng.TestNG.run(TestNG.java:999)
	at org.testng.TestNG.privateMain(TestNG.java:1301)
	at org.testng.TestNG.main(TestNG.java:1265)
]]>
            </full-stacktrace>
          </exception>
        </test-method>
        <test-method status="PASS" signature="accessTestBaseBeforeMethod()" name="accessTestBaseBeforeMethod" is-config="true" duration-ms="2" started-at="2012-09-11T06:38:25Z" finished-at="2012-09-11T06:38:25Z">
        </test-method>
        <test-method status="PASS" signature="beforeClass()" name="beforeClass" is-config="true" duration-ms="44734" started-at="2012-09-11T06:33:40Z" finished-at="2012-09-11T06:34:24Z">
        </test-method>
        <test-method status="PASS" signature="accessTestBaseBeforeMethod()" name="accessTestBaseBeforeMethod" is-config="true" duration-ms="2" started-at="2012-09-11T06:37:07Z" finished-at="2012-09-11T06:37:07Z">
        </test-method>
        <test-method status="PASS" signature="createVAppDirectConnectionToOrgVdcNet()" name="createVAppDirectConnectionToOrgVdcNet" duration-ms="154829" started-at="2012-09-11T06:34:24Z" description="TestID: 245635, TestName:Create new vApp: direct connection to orgvdc network" finished-at="2012-09-11T06:36:59Z">
        </test-method>
        <test-method status="PASS" signature="accessTestBaseAfterClass()" name="accessTestBaseAfterClass" is-config="true" duration-ms="33420" started-at="2012-09-11T06:39:53Z" finished-at="2012-09-11T06:40:27Z">
        </test-method>
        <test-method status="PASS" signature="accessTestBaseAfterMethod()" name="accessTestBaseAfterMethod" is-config="true" duration-ms="8" started-at="2012-09-11T06:39:53Z" finished-at="2012-09-11T06:39:53Z">
        </test-method>
        <test-method status="PASS" signature="accessTestBaseAfterMethod()" name="accessTestBaseAfterMethod" is-config="true" duration-ms="7466" started-at="2012-09-11T06:38:17Z" finished-at="2012-09-11T06:38:25Z">
        </test-method>
        <test-method status="PASS" signature="createVAppWithVAppNetIsolated()" name="createVAppWithVAppNetIsolated" duration-ms="88283" started-at="2012-09-11T06:38:25Z" description="TestID: 245638, TestName:Create new vApp: isolated vApp network" finished-at="2012-09-11T06:39:53Z">
        </test-method>
        <test-method status="PASS" signature="accessTestBaseAfterMethod()" name="accessTestBaseAfterMethod" is-config="true" duration-ms="7370" started-at="2012-09-11T06:36:59Z" finished-at="2012-09-11T06:37:07Z">
        </test-method>
      </class>
      <class name="com.vmware.qe.vcloud.tests.server.rm.orgvdc.OrgVdcReservationPool">
        <test-method status="PASS" signature="accessTestBaseBeforeMethod()" name="accessTestBaseBeforeMethod" is-config="true" duration-ms="6" started-at="2012-09-11T08:33:40Z" finished-at="2012-09-11T08:33:40Z">
        </test-method>
        <test-method status="PASS" signature="accessTestBaseAfterClass()" name="accessTestBaseAfterClass" is-config="true" duration-ms="14410" started-at="2012-09-11T08:36:22Z" finished-at="2012-09-11T08:36:36Z">
        </test-method>
        <test-method status="FAIL" signature="createReservationPoolvDCandPoweronVappTest1()" name="createReservationPoolvDCandPoweronVappTest1" duration-ms="144616" started-at="2012-09-11T08:33:40Z" finished-at="2012-09-11T08:36:05Z">
          <exception class="com.vmware.qe.vcloud.server.ServiceException">
            <message>
              <![CDATA[Task failed || class com.vmware.qe.vcloud.server.impl.rest.ServiceRestException: Task FailedBatch update returned unexpected row count from update [0]; actual row count: 0; expected: 1]]>
            </message>
            <full-stacktrace>
              <![CDATA[com.vmware.qe.vcloud.server.ServiceException: Task failed || class com.vmware.qe.vcloud.server.impl.rest.ServiceRestException: Task FailedBatch update returned unexpected row count from update [0]; actual row count: 0; expected: 1
	at com.vmware.qe.vcloud.server.impl.rest.BaseServiceImpl.waitForTaskCompletion(BaseServiceImpl.java:176)
	at com.vmware.qe.vcloud.server.impl.rest.BaseServiceImpl.waitForTaskCompletion(BaseServiceImpl.java:189)
	at com.vmware.qe.vcloud.server.impl.rest.VAppServiceImpl.powerOn(VAppServiceImpl.java:261)
	at com.vmware.qe.vcloud.tests.server.rm.orgvdc.OrgVdcReservationPool.createReservationPoolVdcAndPowerOnVapp(OrgVdcReservationPool.java:85)
	at com.vmware.qe.vcloud.tests.server.rm.orgvdc.OrgVdcReservationPool.createReservationPoolvDCandPoweronVappTest1(OrgVdcReservationPool.java:24)
	at sun.reflect.NativeMethodAccessorImpl.invoke0(Native Method)
	at sun.reflect.NativeMethodAccessorImpl.invoke(NativeMethodAccessorImpl.java:57)
	at sun.reflect.DelegatingMethodAccessorImpl.invoke(DelegatingMethodAccessorImpl.java:43)
	at java.lang.reflect.Method.invoke(Method.java:616)
	at org.testng.internal.MethodInvocationHelper.invokeMethod(MethodInvocationHelper.java:80)
	at org.testng.internal.Invoker.invokeMethod(Invoker.java:673)
	at org.testng.internal.Invoker.invokeTestMethod(Invoker.java:842)
	at org.testng.internal.Invoker.invokeTestMethods(Invoker.java:1166)
	at org.testng.internal.TestMethodWorker.invokeTestMethods(TestMethodWorker.java:125)
	at org.testng.internal.TestMethodWorker.run(TestMethodWorker.java:109)
	at org.testng.TestRunner.runWorkers(TestRunner.java:1178)
	at org.testng.TestRunner.privateRun(TestRunner.java:757)
	at org.testng.TestRunner.run(TestRunner.java:608)
	at org.testng.SuiteRunner.runTest(SuiteRunner.java:334)
	at org.testng.SuiteRunner.runSequentially(SuiteRunner.java:329)
	at org.testng.SuiteRunner.privateRun(SuiteRunner.java:291)
	at org.testng.SuiteRunner.run(SuiteRunner.java:240)
	at org.testng.SuiteRunnerWorker.runSuite(SuiteRunnerWorker.java:52)
	at org.testng.SuiteRunnerWorker.run(SuiteRunnerWorker.java:86)
	at org.testng.TestNG.runSuitesSequentially(TestNG.java:1158)
	at org.testng.TestNG.runSuitesLocally(TestNG.java:1083)
	at org.testng.TestNG.run(TestNG.java:999)
	at org.testng.TestNG.privateMain(TestNG.java:1301)
	at org.testng.TestNG.main(TestNG.java:1265)
]]>
            </full-stacktrace>
          </exception>
        </test-method>
        <test-method status="PASS" signature="accessTestBaseAfterMethod()" name="accessTestBaseAfterMethod" is-config="true" duration-ms="16849" started-at="2012-09-11T08:36:05Z" finished-at="2012-09-11T08:36:22Z">
        </test-method>
        <test-method status="PASS" signature="accessTestBaseBeforeClass()" name="accessTestBaseBeforeClass" is-config="true" duration-ms="1804" started-at="2012-09-11T08:33:38Z" finished-at="2012-09-11T08:33:40Z">
        </test-method>
      </class>
      <class name="com.vmware.qe.vcloud.tests.server.c2.hardware.MaxVMSettings">
        <test-method status="PASS" signature="accessTestBaseBeforeClass()" name="accessTestBaseBeforeClass" is-config="true" duration-ms="1945" started-at="2012-09-11T07:35:20Z" finished-at="2012-09-11T07:35:22Z">
        </test-method>
        <test-method status="PASS" signature="beforeClass()" name="beforeClass" is-config="true" duration-ms="121225" started-at="2012-09-11T07:35:22Z" finished-at="2012-09-11T07:37:23Z">
        </test-method>
        <test-method status="PASS" signature="accessTestBaseAfterClass()" name="accessTestBaseAfterClass" is-config="true" duration-ms="36431" started-at="2012-09-11T07:38:41Z" finished-at="2012-09-11T07:39:17Z">
        </test-method>
        <test-method status="PASS" signature="accessTestBaseBeforeMethod()" name="accessTestBaseBeforeMethod" is-config="true" duration-ms="2" started-at="2012-09-11T07:37:23Z" finished-at="2012-09-11T07:37:23Z">
        </test-method>
        <test-method status="PASS" signature="accessTestBaseAfterMethod()" name="accessTestBaseAfterMethod" is-config="true" duration-ms="13293" started-at="2012-09-11T07:38:27Z" finished-at="2012-09-11T07:38:41Z">
        </test-method>
        <test-method status="PASS" signature="composeVappHw7VMAndEditSettingsToMax()" name="composeVappHw7VMAndEditSettingsToMax" duration-ms="63941" started-at="2012-09-11T07:37:23Z" finished-at="2012-09-11T07:38:27Z">
        </test-method>
      </class>
      <class name="com.vmware.qe.vcloud.tests.server.c2.vapptemplate.VappTemplateCopyMove">
        <test-method status="PASS" signature="accessTestBaseBeforeClass()" name="accessTestBaseBeforeClass" is-config="true" duration-ms="2023" started-at="2012-09-11T08:20:28Z" finished-at="2012-09-11T08:20:30Z">
        </test-method>
        <test-method status="PASS" signature="accessTestBaseAfterClass()" name="accessTestBaseAfterClass" is-config="true" duration-ms="17801" started-at="2012-09-11T08:25:00Z" finished-at="2012-09-11T08:25:18Z">
        </test-method>
        <test-method status="PASS" signature="beforeClass()" name="beforeClass" is-config="true" duration-ms="24859" started-at="2012-09-11T08:20:30Z" finished-at="2012-09-11T08:20:54Z">
        </test-method>
        <test-method status="PASS" signature="accessTestBaseBeforeMethod()" name="accessTestBaseBeforeMethod" is-config="true" duration-ms="2" started-at="2012-09-11T08:23:07Z" finished-at="2012-09-11T08:23:07Z">
        </test-method>
        <test-method status="PASS" signature="accessTestBaseAfterMethod()" name="accessTestBaseAfterMethod" is-config="true" duration-ms="2533" started-at="2012-09-11T08:23:04Z" finished-at="2012-09-11T08:23:07Z">
        </test-method>
        <test-method status="PASS" signature="afterClass()" name="afterClass" is-config="true" duration-ms="355" started-at="2012-09-11T08:25:00Z" finished-at="2012-09-11T08:25:00Z">
        </test-method>
        <test-method status="PASS" signature="copyTemplateCrossOrgVdc()" name="copyTemplateCrossOrgVdc" duration-ms="129906" started-at="2012-09-11T08:20:54Z" finished-at="2012-09-11T08:23:04Z">
        </test-method>
        <test-method status="PASS" signature="accessTestBaseBeforeMethod()" name="accessTestBaseBeforeMethod" is-config="true" duration-ms="2" started-at="2012-09-11T08:20:54Z" finished-at="2012-09-11T08:20:54Z">
        </test-method>
        <test-method status="PASS" signature="accessTestBaseAfterMethod()" name="accessTestBaseAfterMethod" is-config="true" duration-ms="16223" started-at="2012-09-11T08:24:44Z" finished-at="2012-09-11T08:25:00Z">
        </test-method>
        <test-method status="PASS" signature="copyTemplateCrossVc()" name="copyTemplateCrossVc" duration-ms="96866" started-at="2012-09-11T08:23:07Z" finished-at="2012-09-11T08:24:44Z">
        </test-method>
      </class>
      <class name="com.vmware.qe.vcloud.tests.server.ee.authentication.LdapBasicMatrix">
        <test-method status="PASS" signature="loginKnownLdapUser()" name="loginKnownLdapUser" duration-ms="1126" started-at="2012-09-11T06:30:57Z" finished-at="2012-09-11T06:30:58Z">
        </test-method>
        <test-method status="PASS" signature="accessTestBaseBeforeMethod()" name="accessTestBaseBeforeMethod" is-config="true" duration-ms="2" started-at="2012-09-11T06:30:55Z" finished-at="2012-09-11T06:30:55Z">
        </test-method>
        <test-method status="PASS" signature="importLdapGroup()" name="importLdapGroup" duration-ms="2590" started-at="2012-09-11T06:30:52Z" finished-at="2012-09-11T06:30:55Z">
        </test-method>
        <test-method status="PASS" signature="afterMethod()" name="afterMethod" is-config="true" duration-ms="39" started-at="2012-09-11T06:30:55Z" finished-at="2012-09-11T06:30:55Z">
        </test-method>
        <test-method status="PASS" signature="afterMethod()" name="afterMethod" is-config="true" duration-ms="39" started-at="2012-09-11T06:30:57Z" finished-at="2012-09-11T06:30:57Z">
        </test-method>
        <test-method status="PASS" signature="accessTestBaseBeforeClass()" name="accessTestBaseBeforeClass" is-config="true" duration-ms="1805" started-at="2012-09-11T06:30:50Z" finished-at="2012-09-11T06:30:51Z">
        </test-method>
        <test-method status="PASS" signature="accessTestBaseBeforeMethod()" name="accessTestBaseBeforeMethod" is-config="true" duration-ms="2" started-at="2012-09-11T06:30:52Z" finished-at="2012-09-11T06:30:52Z">
        </test-method>
        <test-method status="PASS" signature="accessTestBaseAfterMethod()" name="accessTestBaseAfterMethod" is-config="true" duration-ms="291" started-at="2012-09-11T06:30:55Z" finished-at="2012-09-11T06:30:55Z">
        </test-method>
        <test-method status="PASS" signature="importLdapUser()" name="importLdapUser" duration-ms="1599" started-at="2012-09-11T06:30:55Z" finished-at="2012-09-11T06:30:57Z">
        </test-method>
        <test-method status="PASS" signature="accessTestBaseBeforeMethod()" name="accessTestBaseBeforeMethod" is-config="true" duration-ms="2" started-at="2012-09-11T06:30:57Z" finished-at="2012-09-11T06:30:57Z">
        </test-method>
        <test-method status="PASS" signature="accessTestBaseAfterClass()" name="accessTestBaseAfterClass" is-config="true" duration-ms="824" started-at="2012-09-11T06:30:59Z" finished-at="2012-09-11T06:31:00Z">
        </test-method>
        <test-method status="PASS" signature="afterMethod()" name="afterMethod" is-config="true" duration-ms="36" started-at="2012-09-11T06:30:58Z" finished-at="2012-09-11T06:30:59Z">
        </test-method>
        <test-method status="PASS" signature="accessTestBaseAfterMethod()" name="accessTestBaseAfterMethod" is-config="true" duration-ms="300" started-at="2012-09-11T06:30:57Z" finished-at="2012-09-11T06:30:57Z">
        </test-method>
        <test-method status="PASS" signature="beforeClass()" name="beforeClass" is-config="true" duration-ms="1028" started-at="2012-09-11T06:30:51Z" finished-at="2012-09-11T06:30:52Z">
        </test-method>
        <test-method status="PASS" signature="accessTestBaseAfterMethod()" name="accessTestBaseAfterMethod" is-config="true" duration-ms="190" started-at="2012-09-11T06:30:59Z" finished-at="2012-09-11T06:30:59Z">
        </test-method>
      </class>
      <class name="com.vmware.qe.vcloud.tests.server.c2.snapshot.SnapshotTests">
        <test-method status="PASS" signature="removeAllSnapshotsFromVAppWithDefaults()" name="removeAllSnapshotsFromVAppWithDefaults" duration-ms="51450" started-at="2012-09-11T07:26:37Z" description="Remove all snapshots from VApp (283536)" finished-at="2012-09-11T07:27:28Z">
        </test-method>
        <test-method status="PASS" signature="cleanup()" name="cleanup" is-config="true" duration-ms="5457" started-at="2012-09-11T07:27:28Z" finished-at="2012-09-11T07:27:34Z">
        </test-method>
        <test-method status="PASS" signature="accessTestBaseAfterMethod()" name="accessTestBaseAfterMethod" is-config="true" duration-ms="6777" started-at="2012-09-11T07:27:34Z" finished-at="2012-09-11T07:27:41Z">
        </test-method>
        <test-method status="PASS" signature="revertVAppToSnapshotWithDefaults()" name="revertVAppToSnapshotWithDefaults" duration-ms="46060" started-at="2012-09-11T07:27:41Z" description="Revert VApp to current snapshot (281705)" finished-at="2012-09-11T07:28:27Z">
        </test-method>
        <test-method status="PASS" signature="accessTestBaseBeforeMethod()" name="accessTestBaseBeforeMethod" is-config="true" duration-ms="2" started-at="2012-09-11T07:27:41Z" finished-at="2012-09-11T07:27:41Z">
        </test-method>
        <test-method status="PASS" signature="beforeClass()" name="beforeClass" is-config="true" duration-ms="61241" started-at="2012-09-11T07:23:31Z" finished-at="2012-09-11T07:24:32Z">
        </test-method>
        <test-method status="PASS" signature="accessTestBaseBeforeClass()" name="accessTestBaseBeforeClass" is-config="true" duration-ms="1881" started-at="2012-09-11T07:23:29Z" finished-at="2012-09-11T07:23:31Z">
        </test-method>
        <test-method status="PASS" signature="cleanup()" name="cleanup" is-config="true" duration-ms="5463" started-at="2012-09-11T07:28:27Z" finished-at="2012-09-11T07:28:32Z">
        </test-method>
        <test-method status="PASS" signature="accessTestBaseAfterClass()" name="accessTestBaseAfterClass" is-config="true" duration-ms="27829" started-at="2012-09-11T07:28:39Z" finished-at="2012-09-11T07:29:07Z">
        </test-method>
        <test-method status="PASS" signature="accessTestBaseAfterMethod()" name="accessTestBaseAfterMethod" is-config="true" duration-ms="6709" started-at="2012-09-11T07:28:32Z" finished-at="2012-09-11T07:28:39Z">
        </test-method>
        <test-method status="PASS" signature="cleanup()" name="cleanup" is-config="true" duration-ms="5623" started-at="2012-09-11T07:26:24Z" finished-at="2012-09-11T07:26:30Z">
        </test-method>
        <test-method status="PASS" signature="accessTestBaseAfterMethod()" name="accessTestBaseAfterMethod" is-config="true" duration-ms="6908" started-at="2012-09-11T07:26:30Z" finished-at="2012-09-11T07:26:37Z">
        </test-method>
        <test-method status="PASS" signature="accessTestBaseBeforeMethod()" name="accessTestBaseBeforeMethod" is-config="true" duration-ms="2" started-at="2012-09-11T07:26:37Z" finished-at="2012-09-11T07:26:37Z">
        </test-method>
        <test-method status="PASS" signature="createVAppSnapshotWithDefaults()" name="createVAppSnapshotWithDefaults" duration-ms="112313" started-at="2012-09-11T07:24:32Z" description="Createsnapshot of vapp with default snapshot spec (281673)" finished-at="2012-09-11T07:26:24Z">
        </test-method>
        <test-method status="PASS" signature="accessTestBaseBeforeMethod()" name="accessTestBaseBeforeMethod" is-config="true" duration-ms="1" started-at="2012-09-11T07:24:32Z" finished-at="2012-09-11T07:24:32Z">
        </test-method>
      </class>
      <class name="com.vmware.qe.vcloud.tests.server.ee.settings.OrgLifecycle.OrganizationLifecycle">
        <test-method status="PASS" signature="disableOrganization()" name="disableOrganization" duration-ms="2470" started-at="2012-09-11T06:22:35Z" finished-at="2012-09-11T06:22:38Z">
        </test-method>
        <test-method status="PASS" signature="createOrganization()" name="createOrganization" duration-ms="1387" started-at="2012-09-11T06:22:30Z" finished-at="2012-09-11T06:22:31Z">
        </test-method>
        <test-method status="PASS" signature="accessTestBaseAfterMethod()" name="accessTestBaseAfterMethod" is-config="true" duration-ms="307" started-at="2012-09-11T06:22:35Z" finished-at="2012-09-11T06:22:35Z">
        </test-method>
        <test-method status="PASS" signature="enableOrganization()" name="enableOrganization" duration-ms="2586" started-at="2012-09-11T06:22:38Z" finished-at="2012-09-11T06:22:41Z">
        </test-method>
        <test-method status="PASS" signature="accessTestBaseBeforeMethod()" name="accessTestBaseBeforeMethod" is-config="true" duration-ms="2" started-at="2012-09-11T06:22:38Z" finished-at="2012-09-11T06:22:38Z">
        </test-method>
        <test-method status="PASS" signature="accessTestBaseAfterMethod()" name="accessTestBaseAfterMethod" is-config="true" duration-ms="959" started-at="2012-09-11T06:22:31Z" finished-at="2012-09-11T06:22:32Z">
        </test-method>
        <test-method status="PASS" signature="accessTestBaseBeforeMethod()" name="accessTestBaseBeforeMethod" is-config="true" duration-ms="2" started-at="2012-09-11T06:22:32Z" finished-at="2012-09-11T06:22:32Z">
        </test-method>
        <test-method status="PASS" signature="accessTestBaseBeforeMethod()" name="accessTestBaseBeforeMethod" is-config="true" duration-ms="2" started-at="2012-09-11T06:22:35Z" finished-at="2012-09-11T06:22:35Z">
        </test-method>
        <test-method status="PASS" signature="accessTestBaseBeforeMethod()" name="accessTestBaseBeforeMethod" is-config="true" duration-ms="8" started-at="2012-09-11T06:22:30Z" finished-at="2012-09-11T06:22:30Z">
        </test-method>
        <test-method status="PASS" signature="accessTestBaseAfterMethod()" name="accessTestBaseAfterMethod" is-config="true" duration-ms="470" started-at="2012-09-11T06:22:38Z" finished-at="2012-09-11T06:22:38Z">
        </test-method>
        <test-method status="PASS" signature="accessTestBaseAfterClass()" name="accessTestBaseAfterClass" is-config="true" duration-ms="882" started-at="2012-09-11T06:22:42Z" finished-at="2012-09-11T06:22:42Z">
        </test-method>
        <test-method status="PASS" signature="accessTestBaseBeforeClass()" name="accessTestBaseBeforeClass" is-config="true" duration-ms="2163" started-at="2012-09-11T06:22:27Z" finished-at="2012-09-11T06:22:30Z">
        </test-method>
        <test-method status="PASS" signature="accessTestBaseAfterMethod()" name="accessTestBaseAfterMethod" is-config="true" duration-ms="635" started-at="2012-09-11T06:22:41Z" finished-at="2012-09-11T06:22:42Z">
        </test-method>
        <test-method status="PASS" signature="deleteOrganization()" name="deleteOrganization" duration-ms="3056" started-at="2012-09-11T06:22:32Z" finished-at="2012-09-11T06:22:35Z">
        </test-method>
      </class>
      <class name="com.vmware.qe.vcloud.tests.server.c2.catalog.CatalogOperations">
        <test-method status="PASS" signature="createSharedPublishedCatalog()" name="createSharedPublishedCatalog" duration-ms="4441" started-at="2012-09-11T07:34:13Z" finished-at="2012-09-11T07:34:18Z">
        </test-method>
        <test-method status="PASS" signature="accessTestBaseBeforeMethod()" name="accessTestBaseBeforeMethod" is-config="true" duration-ms="2" started-at="2012-09-11T07:34:18Z" finished-at="2012-09-11T07:34:18Z">
        </test-method>
        <test-method status="PASS" signature="accessTestBaseBeforeMethod()" name="accessTestBaseBeforeMethod" is-config="true" duration-ms="2" started-at="2012-09-11T07:34:13Z" finished-at="2012-09-11T07:34:13Z">
        </test-method>
        <test-method status="PASS" signature="accessTestBaseAfterMethod()" name="accessTestBaseAfterMethod" is-config="true" duration-ms="7" started-at="2012-09-11T07:34:13Z" finished-at="2012-09-11T07:34:13Z">
        </test-method>
        <test-method status="PASS" signature="catalogEditProperties()" name="catalogEditProperties" duration-ms="1324" started-at="2012-09-11T07:34:11Z" description="Edit Catalog properties: name, description" finished-at="2012-09-11T07:34:13Z">
        </test-method>
        <test-method status="PASS" signature="beforeMethod()" name="beforeMethod" is-config="true" duration-ms="742" started-at="2012-09-11T07:34:10Z" finished-at="2012-09-11T07:34:11Z">
        </test-method>
        <test-method status="PASS" signature="beforeClass()" name="beforeClass" is-config="true" duration-ms="15" started-at="2012-09-11T07:32:20Z" finished-at="2012-09-11T07:32:20Z">
        </test-method>
        <test-method status="PASS" signature="accessTestBaseAfterMethod()" name="accessTestBaseAfterMethod" is-config="true" duration-ms="7" started-at="2012-09-11T07:34:21Z" finished-at="2012-09-11T07:34:21Z">
        </test-method>
        <test-method status="PASS" signature="catalogChangeOwnership()" name="catalogChangeOwnership" duration-ms="97817" started-at="2012-09-11T07:32:30Z" description="Change ownership of the catalog" finished-at="2012-09-11T07:34:07Z">
        </test-method>
        <test-method status="PASS" signature="accessTestBaseAfterMethod()" name="accessTestBaseAfterMethod" is-config="true" duration-ms="83" started-at="2012-09-11T07:34:18Z" finished-at="2012-09-11T07:34:18Z">
        </test-method>
        <test-method status="PASS" signature="accessTestBaseAfterMethod()" name="accessTestBaseAfterMethod" is-config="true" duration-ms="3077" started-at="2012-09-11T07:34:07Z" finished-at="2012-09-11T07:34:10Z">
        </test-method>
        <test-method status="PASS" signature="beforeMethod()" name="beforeMethod" is-config="true" duration-ms="9731" started-at="2012-09-11T07:32:20Z" finished-at="2012-09-11T07:32:30Z">
        </test-method>
        <test-method status="PASS" signature="beforeMethod()" name="beforeMethod" is-config="true" duration-ms="453" started-at="2012-09-11T07:34:18Z" finished-at="2012-09-11T07:34:18Z">
        </test-method>
        <test-method status="PASS" signature="beforeMethod()" name="beforeMethod" is-config="true" duration-ms="596" started-at="2012-09-11T07:34:13Z" finished-at="2012-09-11T07:34:13Z">
        </test-method>
        <test-method status="PASS" signature="accessTestBaseBeforeMethod()" name="accessTestBaseBeforeMethod" is-config="true" duration-ms="2" started-at="2012-09-11T07:32:20Z" finished-at="2012-09-11T07:32:20Z">
        </test-method>
        <test-method status="PASS" signature="accessTestBaseBeforeClass()" name="accessTestBaseBeforeClass" is-config="true" duration-ms="1841" started-at="2012-09-11T07:32:18Z" finished-at="2012-09-11T07:32:20Z">
        </test-method>
        <test-method status="PASS" signature="accessTestBaseAfterClass()" name="accessTestBaseAfterClass" is-config="true" duration-ms="11862" started-at="2012-09-11T07:34:21Z" finished-at="2012-09-11T07:34:33Z">
        </test-method>
        <test-method status="PASS" signature="removeEmptyCatalog()" name="removeEmptyCatalog" duration-ms="3296" started-at="2012-09-11T07:34:18Z" finished-at="2012-09-11T07:34:21Z">
        </test-method>
        <test-method status="PASS" signature="accessTestBaseBeforeMethod()" name="accessTestBaseBeforeMethod" is-config="true" duration-ms="2" started-at="2012-09-11T07:34:10Z" finished-at="2012-09-11T07:34:10Z">
        </test-method>
      </class>
      <class name="com.vmware.qe.vcloud.tests.server.networking.networkmanagement.systemscope.edgegateway.DeleteGateway">
        <test-method status="PASS" signature="accessTestBaseBeforeClass()" name="accessTestBaseBeforeClass" is-config="true" duration-ms="2050" started-at="2012-09-11T07:20:15Z" finished-at="2012-09-11T07:20:17Z">
        </test-method>
        <test-method status="PASS" signature="deleteGatewayNotConnectedToRoutedOrgVDCNetwork()" name="deleteGatewayNotConnectedToRoutedOrgVDCNetwork" duration-ms="179692" started-at="2012-09-11T07:20:17Z" description="Delete a gateway that is not connected to routed org VDC network" finished-at="2012-09-11T07:23:17Z">
        </test-method>
        <test-method status="PASS" signature="accessTestBaseBeforeMethod()" name="accessTestBaseBeforeMethod" is-config="true" duration-ms="8" started-at="2012-09-11T07:20:17Z" finished-at="2012-09-11T07:20:17Z">
        </test-method>
        <test-method status="PASS" signature="accessTestBaseAfterClass()" name="accessTestBaseAfterClass" is-config="true" duration-ms="12049" started-at="2012-09-11T07:23:17Z" finished-at="2012-09-11T07:23:29Z">
        </test-method>
        <test-method status="PASS" signature="accessTestBaseAfterMethod()" name="accessTestBaseAfterMethod" is-config="true" duration-ms="7" started-at="2012-09-11T07:23:17Z" finished-at="2012-09-11T07:23:17Z">
        </test-method>
      </class>
      <class name="com.vmware.qe.vcloud.tests.server.c2.vapplifecycle.AddToCatalog">
        <test-method status="PASS" signature="accessTestBaseAfterClass()" name="accessTestBaseAfterClass" is-config="true" duration-ms="20118" started-at="2012-09-11T07:44:27Z" finished-at="2012-09-11T07:44:47Z">
        </test-method>
        <test-method status="PASS" signature="accessTestBaseAfterMethod()" name="accessTestBaseAfterMethod" is-config="true" duration-ms="2522" started-at="2012-09-11T07:44:25Z" finished-at="2012-09-11T07:44:27Z">
        </test-method>
        <test-method status="PASS" signature="captureToCatalogWithCustomization()" name="captureToCatalogWithCustomization" duration-ms="172470" started-at="2012-09-11T07:41:32Z" description="Capture a vapp to catalog and set Customize" finished-at="2012-09-11T07:44:25Z">
        </test-method>
        <test-method status="PASS" signature="accessTestBaseBeforeMethod()" name="accessTestBaseBeforeMethod" is-config="true" duration-ms="5" started-at="2012-09-11T07:41:32Z" finished-at="2012-09-11T07:41:32Z">
        </test-method>
        <test-method status="PASS" signature="accessTestBaseBeforeClass()" name="accessTestBaseBeforeClass" is-config="true" duration-ms="1999" started-at="2012-09-11T07:41:30Z" finished-at="2012-09-11T07:41:32Z">
        </test-method>
      </class>
    </test>
  </suite>
</testng-results>
